"D:/UnrealProjects/Voidsinger/Content/Sound/MusicInfo.uasset" 0
"D:/UnrealProjects/Voidsinger/Content/Sound/MusicInfo.uexp" 1
"D:/UnrealProjects/Voidsinger/Content/Sound/MusicDefaults.uasset" 2
"D:/UnrealProjects/Voidsinger/Content/Sound/MusicDefaults.uexp" 3
"D:/UnrealProjects/Voidsinger/Content/Sound/MasterMusicHandler.uasset" 4
"D:/UnrealProjects/Voidsinger/Content/Sound/MasterMusicHandler.uexp" 5
"D:/UnrealProjects/Voidsinger/Content/Sound/MusicHandlerActor.uasset" 6
"D:/UnrealProjects/Voidsinger/Content/Sound/MusicHandlerActor.uexp" 7
"D:/UnrealProjects/Voidsinger/Content/Sound/VoidsongInstrument/W_VoidsongInstrument_D1.uasset" 8
"D:/UnrealProjects/Voidsinger/Content/Sound/VoidsongInstrument/W_VoidsongInstrument_D1.uexp" 9
"D:/UnrealProjects/Voidsinger/Content/Sound/VoidsongInstrument/W_VoidsongInstrument_D1.ubulk" 10
"D:/UnrealProjects/Voidsinger/Content/Sound/VoidsongInstrument/W_VoidsongInstrument_D2.uasset" 11
"D:/UnrealProjects/Voidsinger/Content/Sound/VoidsongInstrument/W_VoidsongInstrument_D2.uexp" 12
"D:/UnrealProjects/Voidsinger/Content/Sound/VoidsongInstrument/W_VoidsongInstrument_D2.ubulk" 13
"D:/UnrealProjects/Voidsinger/Content/Sound/VoidsongInstrument/W_VoidsongInstrument_D3.uasset" 14
"D:/UnrealProjects/Voidsinger/Content/Sound/VoidsongInstrument/W_VoidsongInstrument_D3.uexp" 15
"D:/UnrealProjects/Voidsinger/Content/Sound/VoidsongInstrument/W_VoidsongInstrument_D3.ubulk" 16
"D:/UnrealProjects/Voidsinger/Content/Sound/VoidsongInstrument/W_VoidsongInstrument_D4.uasset" 17
"D:/UnrealProjects/Voidsinger/Content/Sound/VoidsongInstrument/W_VoidsongInstrument_D4.uexp" 18
"D:/UnrealProjects/Voidsinger/Content/Sound/VoidsongInstrument/W_VoidsongInstrument_D4.ubulk" 19
"D:/UnrealProjects/Voidsinger/Content/Sound/VoidsongInstrument/W_VoidsongInstrument_D5.uasset" 20
"D:/UnrealProjects/Voidsinger/Content/Sound/VoidsongInstrument/W_VoidsongInstrument_D5.uexp" 21
"D:/UnrealProjects/Voidsinger/Content/Sound/VoidsongInstrument/W_VoidsongInstrument_D5.ubulk" 22
"D:/UnrealProjects/Voidsinger/Content/Sound/VoidsongInstrument/MS_VoidsongInstrument.uasset" 23
"D:/UnrealProjects/Voidsinger/Content/Sound/VoidsongInstrument/MS_VoidsongInstrument.uexp" 24
"../../../Engine/Content/EditorBlueprintResources/StandardMacros.uasset" 25
"../../../Engine/Content/EditorBlueprintResources/StandardMacros.uexp" 26
"D:/UnrealProjects/Voidsinger/Content/2DAssets/Parts/UVTestImage.uasset" 27
"D:/UnrealProjects/Voidsinger/Content/2DAssets/Parts/UVTestImage.uexp" 28
"D:/UnrealProjects/Voidsinger/Content/2DAssets/Parts/TexArr_UVTest.uasset" 29
"D:/UnrealProjects/Voidsinger/Content/2DAssets/Parts/TexArr_UVTest.uexp" 30
"D:/UnrealProjects/Voidsinger/Content/2DAssets/UI/BuildUI/Mat_BaseFreeformPart_UI.uasset" 31
"D:/UnrealProjects/Voidsinger/Content/2DAssets/UI/BuildUI/Mat_BaseFreeformPart_UI.uexp" 32
"D:/UnrealProjects/Voidsinger/Content/Libraries/BP_GeneralMacros.uasset" 33
"D:/UnrealProjects/Voidsinger/Content/Libraries/BP_GeneralMacros.uexp" 34
"D:/UnrealProjects/Voidsinger/Content/Libraries/BP_WidgetMacros.uasset" 35
"D:/UnrealProjects/Voidsinger/Content/Libraries/BP_WidgetMacros.uexp" 36
"D:/UnrealProjects/Voidsinger/Content/UI/Parts/BP_PartEditor_PixelData.uasset" 37
"D:/UnrealProjects/Voidsinger/Content/UI/Parts/BP_PartEditor_PixelData.uexp" 38
"D:/UnrealProjects/Voidsinger/Content/UI/Parts/WBP_PartEditor_PixelSelector.uasset" 39
"D:/UnrealProjects/Voidsinger/Content/UI/Parts/WBP_PartEditor_PixelSelector.uexp" 40
"D:/UnrealProjects/Voidsinger/Content/DebugSettings.uasset" 41
"D:/UnrealProjects/Voidsinger/Content/DebugSettings.uexp" 42
"../../../Engine/Content/EngineMaterials/DefaultWhiteGrid.uasset" 43
"../../../Engine/Content/EngineMaterials/DefaultWhiteGrid.uexp" 44
"../../../Engine/Content/EngineMaterials/DefaultWhiteGrid.ubulk" 45
"D:/UnrealProjects/Voidsinger/Content/UI/BuildUI/WBP_Grid.uasset" 46
"D:/UnrealProjects/Voidsinger/Content/UI/BuildUI/WBP_Grid.uexp" 47
"D:/UnrealProjects/Voidsinger/Content/UI/BuildUI/WBP_PixelRenderer.uasset" 48
"D:/UnrealProjects/Voidsinger/Content/UI/BuildUI/WBP_PixelRenderer.uexp" 49
"D:/UnrealProjects/Voidsinger/Content/UI/BuildUI/WBP_VoidgridRenderer.uasset" 50
"D:/UnrealProjects/Voidsinger/Content/UI/BuildUI/WBP_VoidgridRenderer.uexp" 51
"D:/UnrealProjects/Voidsinger/Content/UI/BuildUI/WBP_PixelMoldEditor.uasset" 52
"D:/UnrealProjects/Voidsinger/Content/UI/BuildUI/WBP_PixelMoldEditor.uexp" 53
"D:/UnrealProjects/Voidsinger/Content/UI/BuildUI/WBP_PartDetails.uasset" 54
"D:/UnrealProjects/Voidsinger/Content/UI/BuildUI/WBP_PartDetails.uexp" 55
"D:/UnrealProjects/Voidsinger/Content/UI/BuildUI/WBP_PartSelector.uasset" 56
"D:/UnrealProjects/Voidsinger/Content/UI/BuildUI/WBP_PartSelector.uexp" 57
"D:/UnrealProjects/Voidsinger/Content/WorldGeneration/GalaxyMap/S_StarSystemTransform.uasset" 58
"D:/UnrealProjects/Voidsinger/Content/WorldGeneration/GalaxyMap/S_StarSystemTransform.uexp" 59
"D:/UnrealProjects/Voidsinger/Content/WorldGeneration/GalaxyMap/S_GalaxyMap_StarSystemData.uasset" 60
"D:/UnrealProjects/Voidsinger/Content/WorldGeneration/GalaxyMap/S_GalaxyMap_StarSystemData.uexp" 61
"D:/UnrealProjects/Voidsinger/Content/WorldGeneration/GalaxyMap/BP_GalaxyMap_SaveData.uasset" 62
"D:/UnrealProjects/Voidsinger/Content/WorldGeneration/GalaxyMap/BP_GalaxyMap_SaveData.uexp" 63
"D:/UnrealProjects/Voidsinger/Content/WorldGeneration/StarSystem/S_StarSystemActorData.uasset" 64
"D:/UnrealProjects/Voidsinger/Content/WorldGeneration/StarSystem/S_StarSystemActorData.uexp" 65
"D:/UnrealProjects/Voidsinger/Content/WorldGeneration/StarSystem/BP_StarSystem_SaveData.uasset" 66
"D:/UnrealProjects/Voidsinger/Content/WorldGeneration/StarSystem/BP_StarSystem_SaveData.uexp" 67
"D:/UnrealProjects/Voidsinger/Content/Libraries/BP_SaveGameFunctions.uasset" 68
"D:/UnrealProjects/Voidsinger/Content/Libraries/BP_SaveGameFunctions.uexp" 69
"../../../Engine/Content/Functions/Engine_MaterialFunctions02/ScreenResolution.uasset" 70
"../../../Engine/Content/Functions/Engine_MaterialFunctions02/ScreenResolution.uexp" 71
"../../../Engine/Content/Functions/Engine_MaterialFunctions02/Utility/BreakOutFloat2Components.uasset" 72
"../../../Engine/Content/Functions/Engine_MaterialFunctions02/Utility/BreakOutFloat2Components.uexp" 73
"../../../Engine/Content/Functions/Engine_MaterialFunctions02/Utility/MakeFloat2.uasset" 74
"../../../Engine/Content/Functions/Engine_MaterialFunctions02/Utility/MakeFloat2.uexp" 75
"D:/UnrealProjects/Voidsinger/Content/2DAssets/UI/LoadingScreen/TX_LoadingScreen_Background.uasset" 76
"D:/UnrealProjects/Voidsinger/Content/2DAssets/UI/LoadingScreen/TX_LoadingScreen_Background.uexp" 77
"D:/UnrealProjects/Voidsinger/Content/2DAssets/UI/LoadingScreen/M_LoadingScreen_Background.uasset" 78
"D:/UnrealProjects/Voidsinger/Content/2DAssets/UI/LoadingScreen/M_LoadingScreen_Background.uexp" 79
"D:/UnrealProjects/Voidsinger/Content/UI/WBP_Loading.uasset" 80
"D:/UnrealProjects/Voidsinger/Content/UI/WBP_Loading.uexp" 81
"D:/UnrealProjects/Voidsinger/Content/UI/WorldGeneration/GalaxyMap/HUD/WBP_GalaxyMap_HUD_TravelToAnotherGalaxy.uasset" 82
"D:/UnrealProjects/Voidsinger/Content/UI/WorldGeneration/GalaxyMap/HUD/WBP_GalaxyMap_HUD_TravelToAnotherGalaxy.uexp" 83
"D:/UnrealProjects/Voidsinger/Content/Libraries/BP_WidgetFunctions.uasset" 84
"D:/UnrealProjects/Voidsinger/Content/Libraries/BP_WidgetFunctions.uexp" 85
"D:/UnrealProjects/Voidsinger/Content/UI/WidgetWindow/BP_WindowDragAndDrop.uasset" 86
"D:/UnrealProjects/Voidsinger/Content/UI/WidgetWindow/BP_WindowDragAndDrop.uexp" 87
"D:/UnrealProjects/Voidsinger/Content/UI/WidgetWindow/I_WidgetWindowInteraction.uasset" 88
"D:/UnrealProjects/Voidsinger/Content/UI/WidgetWindow/I_WidgetWindowInteraction.uexp" 89
"D:/UnrealProjects/Voidsinger/Content/UI/WidgetWindow/WBP_WidgetWindowTileBar.uasset" 90
"D:/UnrealProjects/Voidsinger/Content/UI/WidgetWindow/WBP_WidgetWindowTileBar.uexp" 91
"D:/UnrealProjects/Voidsinger/Content/UI/WidgetWindow/BP_WindowResizeDragAndDrop.uasset" 92
"D:/UnrealProjects/Voidsinger/Content/UI/WidgetWindow/BP_WindowResizeDragAndDrop.uexp" 93
"D:/UnrealProjects/Voidsinger/Content/UI/WidgetWindow/E_ResizeMode.uasset" 94
"D:/UnrealProjects/Voidsinger/Content/UI/WidgetWindow/E_ResizeMode.uexp" 95
"D:/UnrealProjects/Voidsinger/Content/UI/WidgetWindow/WBP_WidgetWindowEdge.uasset" 96
"D:/UnrealProjects/Voidsinger/Content/UI/WidgetWindow/WBP_WidgetWindowEdge.uexp" 97
"D:/UnrealProjects/Voidsinger/Content/UI/WidgetWindow/WBP_WidgetWindow.uasset" 98
"D:/UnrealProjects/Voidsinger/Content/UI/WidgetWindow/WBP_WidgetWindow.uexp" 99
"D:/UnrealProjects/Voidsinger/Content/UI/WorldGeneration/GalaxyMap/HUD/WBP_GalaxyMap_HUD.uasset" 100
"D:/UnrealProjects/Voidsinger/Content/UI/WorldGeneration/GalaxyMap/HUD/WBP_GalaxyMap_HUD.uexp" 101
"../../../Engine/Content/EngineResources/WhiteSquareTexture.uasset" 102
"../../../Engine/Content/EngineResources/WhiteSquareTexture.uexp" 103
"D:/UnrealProjects/Voidsinger/Content/2DAssets/UI/M_Widget3DPassThrough_NoDepth.uasset" 104
"D:/UnrealProjects/Voidsinger/Content/2DAssets/UI/M_Widget3DPassThrough_NoDepth.uexp" 105
"../../../Engine/Content/Functions/Engine_MaterialFunctions02/SafeNormalize.uasset" 106
"../../../Engine/Content/Functions/Engine_MaterialFunctions02/SafeNormalize.uexp" 107
"D:/UnrealProjects/Voidsinger/Content/2DAssets/WorldGeneration/GalaxyMap/M_Star.uasset" 108
"D:/UnrealProjects/Voidsinger/Content/2DAssets/WorldGeneration/GalaxyMap/M_Star.uexp" 109
"../../../Engine/Content/EngineDebugMaterials/TangentColorMap.uasset" 110
"../../../Engine/Content/EngineDebugMaterials/TangentColorMap.uexp" 111
"../../../Engine/Content/EngineDebugMaterials/TangentColorMap.ubulk" 112
"../../../Engine/Content/EngineDebugMaterials/TangentColorMaterial.uasset" 113
"../../../Engine/Content/EngineDebugMaterials/TangentColorMaterial.uexp" 114
"D:/UnrealProjects/Voidsinger/Content/3DAssets/PlaneWithCollision.uasset" 115
"D:/UnrealProjects/Voidsinger/Content/3DAssets/PlaneWithCollision.uexp" 116
"D:/UnrealProjects/Voidsinger/Content/3DAssets/PlaneWithCollision.ubulk" 117
"D:/UnrealProjects/Voidsinger/Content/2DAssets/UI/WorldGeneration/GalaxyMap/TX_StarSystemSelector.uasset" 118
"D:/UnrealProjects/Voidsinger/Content/2DAssets/UI/WorldGeneration/GalaxyMap/TX_StarSystemSelector.uexp" 119
"D:/UnrealProjects/Voidsinger/Content/2DAssets/UI/WorldGeneration/GalaxyMap/TX_CurrentStarSystemSelector.uasset" 120
"D:/UnrealProjects/Voidsinger/Content/2DAssets/UI/WorldGeneration/GalaxyMap/TX_CurrentStarSystemSelector.uexp" 121
"D:/UnrealProjects/Voidsinger/Content/2DAssets/UI/WorldGeneration/GalaxyMap/VisitedStarSystemSelector.uasset" 122
"D:/UnrealProjects/Voidsinger/Content/2DAssets/UI/WorldGeneration/GalaxyMap/VisitedStarSystemSelector.uexp" 123
"D:/UnrealProjects/Voidsinger/Content/WorldGeneration/GalaxyMap/BP_GalxayMap_PlayerController.uasset" 124
"D:/UnrealProjects/Voidsinger/Content/WorldGeneration/GalaxyMap/BP_GalxayMap_PlayerController.uexp" 125
"D:/UnrealProjects/Voidsinger/Content/WorldGeneration/GalaxyMap/S_StarSystemName.uasset" 126
"D:/UnrealProjects/Voidsinger/Content/WorldGeneration/GalaxyMap/S_StarSystemName.uexp" 127
"D:/UnrealProjects/Voidsinger/Content/WorldGeneration/GalaxyMap/DT_StarSystemNames.uasset" 128
"D:/UnrealProjects/Voidsinger/Content/WorldGeneration/GalaxyMap/DT_StarSystemNames.uexp" 129
"D:/UnrealProjects/Voidsinger/Content/WorldGeneration/GalaxyMap/BP_GalaxyMap_GameMode.uasset" 130
"D:/UnrealProjects/Voidsinger/Content/WorldGeneration/GalaxyMap/BP_GalaxyMap_GameMode.uexp" 131
"D:/UnrealProjects/Voidsinger/Content/UI/WorldGeneration/GalaxyMap/WBP_GalaxyMap_StarSystemInfo.uasset" 132
"D:/UnrealProjects/Voidsinger/Content/UI/WorldGeneration/GalaxyMap/WBP_GalaxyMap_StarSystemInfo.uexp" 133
"D:/UnrealProjects/Voidsinger/Content/UI/WorldGeneration/GalaxyMap/WBP_GalaxyMap_StarSystemHighlight.uasset" 134
"D:/UnrealProjects/Voidsinger/Content/UI/WorldGeneration/GalaxyMap/WBP_GalaxyMap_StarSystemHighlight.uexp" 135
"D:/UnrealProjects/Voidsinger/Content/WorldGeneration/GalaxyMap/BP_GalaxyMap_StarSystem.uasset" 136
"D:/UnrealProjects/Voidsinger/Content/WorldGeneration/GalaxyMap/BP_GalaxyMap_StarSystem.uexp" 137
"D:/UnrealProjects/Voidsinger/Content/2DAssets/UI/M_ScrollingTexture.uasset" 138
"D:/UnrealProjects/Voidsinger/Content/2DAssets/UI/M_ScrollingTexture.uexp" 139
"D:/UnrealProjects/Voidsinger/Content/2DAssets/UI/WorldGeneration/GalaxyMap/TX_TravelArrow.uasset" 140
"D:/UnrealProjects/Voidsinger/Content/2DAssets/UI/WorldGeneration/GalaxyMap/TX_TravelArrow.uexp" 141
"D:/UnrealProjects/Voidsinger/Content/2DAssets/UI/WorldGeneration/GalaxyMap/MI_ScrollingArrows.uasset" 142
"D:/UnrealProjects/Voidsinger/Content/2DAssets/UI/WorldGeneration/GalaxyMap/MI_ScrollingArrows.uexp" 143
"D:/UnrealProjects/Voidsinger/Content/UI/WorldGeneration/GalaxyMap/WBP_GalaxyMap_TravelArrow.uasset" 144
"D:/UnrealProjects/Voidsinger/Content/UI/WorldGeneration/GalaxyMap/WBP_GalaxyMap_TravelArrow.uexp" 145
"D:/UnrealProjects/Voidsinger/Content/UI/WorldGeneration/GalaxyMap/WBP_GalaxyMap_TravelArrowManager.uasset" 146
"D:/UnrealProjects/Voidsinger/Content/UI/WorldGeneration/GalaxyMap/WBP_GalaxyMap_TravelArrowManager.uexp" 147
"D:/UnrealProjects/Voidsinger/Content/UI/ResourceSystemList/WBP_ResourceSystemInfo.uasset" 148
"D:/UnrealProjects/Voidsinger/Content/UI/ResourceSystemList/WBP_ResourceSystemInfo.uexp" 149
"D:/UnrealProjects/Voidsinger/Content/UI/ResourceSystemList/WBP_ShipResourceSystemsList.uasset" 150
"D:/UnrealProjects/Voidsinger/Content/UI/ResourceSystemList/WBP_ShipResourceSystemsList.uexp" 151
"D:/UnrealProjects/Voidsinger/Content/2DAssets/UI/VoidsongHelper/TX_Voidword_Faction_Border.uasset" 152
"D:/UnrealProjects/Voidsinger/Content/2DAssets/UI/VoidsongHelper/TX_Voidword_Faction_Border.uexp" 153
"D:/UnrealProjects/Voidsinger/Content/2DAssets/UI/VoidsongHelper/TX_Voidword_Noun_Border.uasset" 154
"D:/UnrealProjects/Voidsinger/Content/2DAssets/UI/VoidsongHelper/TX_Voidword_Noun_Border.uexp" 155
"D:/UnrealProjects/Voidsinger/Content/2DAssets/UI/VoidsongHelper/TX_Voidword_Verb_Border.uasset" 156
"D:/UnrealProjects/Voidsinger/Content/2DAssets/UI/VoidsongHelper/TX_Voidword_Verb_Border.uexp" 157
"D:/UnrealProjects/Voidsinger/Content/2DAssets/Voidsongs/VoidsongColors.uasset" 158
"D:/UnrealProjects/Voidsinger/Content/2DAssets/Voidsongs/VoidsongColors.uexp" 159
"D:/UnrealProjects/Voidsinger/Content/UI/VoidsongHelper/WBP_VoidwordIcon.uasset" 160
"D:/UnrealProjects/Voidsinger/Content/UI/VoidsongHelper/WBP_VoidwordIcon.uexp" 161
"D:/UnrealProjects/Voidsinger/Content/UI/VoidsongHelper/WBP_AvailableVoidword.uasset" 162
"D:/UnrealProjects/Voidsinger/Content/UI/VoidsongHelper/WBP_AvailableVoidword.uexp" 163
"D:/UnrealProjects/Voidsinger/Content/UI/VoidsongHelper/WBP_VoidsongHelper.uasset" 164
"D:/UnrealProjects/Voidsinger/Content/UI/VoidsongHelper/WBP_VoidsongHelper.uexp" 165
"D:/UnrealProjects/Voidsinger/Content/UI/WorldGeneration/StarSystem/HUD/E_FlashFlags.uasset" 166
"D:/UnrealProjects/Voidsinger/Content/UI/WorldGeneration/StarSystem/HUD/E_FlashFlags.uexp" 167
"D:/UnrealProjects/Voidsinger/Content/UI/WorldGeneration/StarSystem/HUD/WBP_StarSystem_HUD_DamageWarning.uasset" 168
"D:/UnrealProjects/Voidsinger/Content/UI/WorldGeneration/StarSystem/HUD/WBP_StarSystem_HUD_DamageWarning.uexp" 169
"D:/UnrealProjects/Voidsinger/Content/UI/WorldGeneration/StarSystem/HUD/WBP_StarSystem_HUD.uasset" 170
"D:/UnrealProjects/Voidsinger/Content/UI/WorldGeneration/StarSystem/HUD/WBP_StarSystem_HUD.uexp" 171
"D:/UnrealProjects/Voidsinger/Content/GameInfrastructure/BP_Voidsinger_GameInstance.uasset" 172
"D:/UnrealProjects/Voidsinger/Content/GameInfrastructure/BP_Voidsinger_GameInstance.uexp" 173
"D:/UnrealProjects/Voidsinger/Content/Libraries/BP_GeneralFunctions.uasset" 174
"D:/UnrealProjects/Voidsinger/Content/Libraries/BP_GeneralFunctions.uexp" 175
"D:/UnrealProjects/Voidsinger/Content/UI/BuildUI/WBP_Editor_SetShipDefaultMolds.uasset" 176
"D:/UnrealProjects/Voidsinger/Content/UI/BuildUI/WBP_Editor_SetShipDefaultMolds.uexp" 177
"D:/UnrealProjects/Voidsinger/Content/UI/BuildUI/WBP_RepairShip.uasset" 178
"D:/UnrealProjects/Voidsinger/Content/UI/BuildUI/WBP_RepairShip.uexp" 179
"D:/UnrealProjects/Voidsinger/Content/UI/HUD/E_FlashFlags.uasset" 180
"D:/UnrealProjects/Voidsinger/Content/UI/HUD/E_FlashFlags.uexp" 181
"D:/UnrealProjects/Voidsinger/Content/UI/HUD/WBP_DamageWarning.uasset" 182
"D:/UnrealProjects/Voidsinger/Content/UI/HUD/WBP_DamageWarning.uexp" 183
"D:/UnrealProjects/Voidsinger/Content/UI/HUD/WBP_HUD.uasset" 184
"D:/UnrealProjects/Voidsinger/Content/UI/HUD/WBP_HUD.uexp" 185
"D:/UnrealProjects/Voidsinger/Content/UI/WorldGeneration/GalaxyMap/WBP_StarSystemInfo.uasset" 186
"D:/UnrealProjects/Voidsinger/Content/UI/WorldGeneration/GalaxyMap/WBP_StarSystemInfo.uexp" 187
"D:/UnrealProjects/Voidsinger/Content/UI/WorldGeneration/GalaxyMap/WBP_StarSystemHighlight.uasset" 188
"D:/UnrealProjects/Voidsinger/Content/UI/WorldGeneration/GalaxyMap/WBP_StarSystemHighlight.uexp" 189
"D:/UnrealProjects/Voidsinger/Content/UI/WorldGeneration/GalaxyMap/WBP_TravelArrow.uasset" 190
"D:/UnrealProjects/Voidsinger/Content/UI/WorldGeneration/GalaxyMap/WBP_TravelArrow.uexp" 191
"D:/UnrealProjects/Voidsinger/Content/UI/WorldGeneration/GalaxyMap/WBP_TravelArrowManager.uasset" 192
"D:/UnrealProjects/Voidsinger/Content/UI/WorldGeneration/GalaxyMap/WBP_TravelArrowManager.uexp" 193
"../../../Engine/Content/Functions/Engine_MaterialFunctions01/Opacity/CameraDepthFade.uasset" 194
"../../../Engine/Content/Functions/Engine_MaterialFunctions01/Opacity/CameraDepthFade.uexp" 195
"../../../Engine/Content/EngineMaterials/T_Default_Material_Grid_M.uasset" 196
"../../../Engine/Content/EngineMaterials/T_Default_Material_Grid_M.uexp" 197
"../../../Engine/Content/EngineMaterials/T_Default_Material_Grid_M.ubulk" 198
"../../../Engine/Content/EngineMaterials/T_Default_Material_Grid_N.uasset" 199
"../../../Engine/Content/EngineMaterials/T_Default_Material_Grid_N.uexp" 200
"../../../Engine/Content/EngineMaterials/T_Default_Material_Grid_N.ubulk" 201
"../../../Engine/Content/EngineMaterials/WorldGridMaterial.uasset" 202
"../../../Engine/Content/EngineMaterials/WorldGridMaterial.uexp" 203
"../../../Engine/Content/ArtTools/RenderToTexture/Meshes/S_1_Unit_Plane.uasset" 204
"../../../Engine/Content/ArtTools/RenderToTexture/Meshes/S_1_Unit_Plane.uexp" 205
"../../../Engine/Content/ArtTools/RenderToTexture/Meshes/S_1_Unit_Plane.ubulk" 206
"../../../Engine/Content/EngineMaterials/DefaultMaterial.uasset" 207
"../../../Engine/Content/EngineMaterials/DefaultMaterial.uexp" 208
"../../../Engine/Content/BasicShapes/Cone.uasset" 209
"../../../Engine/Content/BasicShapes/Cone.uexp" 210
"../../../Engine/Content/BasicShapes/Cone.ubulk" 211
"../../../Engine/Content/BasicShapes/Cube.uasset" 212
"../../../Engine/Content/BasicShapes/Cube.uexp" 213
"../../../Engine/Content/BasicShapes/Cube.ubulk" 214
"../../../Engine/Content/BasicShapes/Plane.uasset" 215
"../../../Engine/Content/BasicShapes/Plane.uexp" 216
"../../../Engine/Content/BasicShapes/Plane.ubulk" 217
"../../../Engine/Content/BasicShapes/Sphere.uasset" 218
"../../../Engine/Content/BasicShapes/Sphere.uexp" 219
"../../../Engine/Content/BasicShapes/Sphere.ubulk" 220
"../../../Engine/Content/EditorLandscapeResources/DataLayer.uasset" 221
"../../../Engine/Content/EditorLandscapeResources/DataLayer.uexp" 222
"../../../Engine/Content/EditorLandscapeResources/DefaultAlphaTexture.uasset" 223
"../../../Engine/Content/EditorLandscapeResources/DefaultAlphaTexture.uexp" 224
"../../../Engine/Content/EditorMaterials/MAT_Groups_Toggle.uasset" 225
"../../../Engine/Content/EditorMaterials/MAT_Groups_Toggle.uexp" 226
"../../../Engine/Content/EditorMaterials/MAT_Groups_Visibility.uasset" 227
"../../../Engine/Content/EditorMaterials/MAT_Groups_Visibility.uexp" 228
"../../../Engine/Content/EditorMaterials/PreviewShadowIndicator.uasset" 229
"../../../Engine/Content/EditorMaterials/PreviewShadowIndicator.uexp" 230
"../../../Engine/Content/EditorMaterials/PreviewShadowIndicator.ubulk" 231
"../../../Engine/Content/EditorMaterials/PreviewShadowIndicatorMaterial.uasset" 232
"../../../Engine/Content/EditorMaterials/PreviewShadowIndicatorMaterial.uexp" 233
"../../../Engine/Content/EditorMaterials/MatineeGroups/MAT_ColorTrack.uasset" 234
"../../../Engine/Content/EditorMaterials/MatineeGroups/MAT_ColorTrack.uexp" 235
"../../../Engine/Content/EditorMaterials/MatineeGroups/MAT_Groups_Anim.uasset" 236
"../../../Engine/Content/EditorMaterials/MatineeGroups/MAT_Groups_Anim.uexp" 237
"../../../Engine/Content/EditorMaterials/MatineeGroups/MAT_Groups_AudioMaster.uasset" 238
"../../../Engine/Content/EditorMaterials/MatineeGroups/MAT_Groups_AudioMaster.uexp" 239
"../../../Engine/Content/EditorMaterials/MatineeGroups/MAT_Groups_Director.uasset" 240
"../../../Engine/Content/EditorMaterials/MatineeGroups/MAT_Groups_Director.uexp" 241
"../../../Engine/Content/EditorMaterials/MatineeGroups/MAT_Groups_Event.uasset" 242
"../../../Engine/Content/EditorMaterials/MatineeGroups/MAT_Groups_Event.uexp" 243
"../../../Engine/Content/EditorMaterials/MatineeGroups/MAT_Groups_Fade.uasset" 244
"../../../Engine/Content/EditorMaterials/MatineeGroups/MAT_Groups_Fade.uexp" 245
"../../../Engine/Content/EditorMaterials/MatineeGroups/MAT_Groups_Float.uasset" 246
"../../../Engine/Content/EditorMaterials/MatineeGroups/MAT_Groups_Float.uexp" 247
"../../../Engine/Content/EditorMaterials/MatineeGroups/MAT_Groups_Move.uasset" 248
"../../../Engine/Content/EditorMaterials/MatineeGroups/MAT_Groups_Move.uexp" 249
"../../../Engine/Content/EditorMaterials/MatineeGroups/MAT_Groups_Slomo.uasset" 250
"../../../Engine/Content/EditorMaterials/MatineeGroups/MAT_Groups_Slomo.uexp" 251
"../../../Engine/Content/EditorMaterials/MatineeGroups/MAT_Groups_Sound.uasset" 252
"../../../Engine/Content/EditorMaterials/MatineeGroups/MAT_Groups_Sound.uexp" 253
"../../../Engine/Content/EditorMaterials/MatineeGroups/MAT_Groups_Vector.uasset" 254
"../../../Engine/Content/EditorMaterials/MatineeGroups/MAT_Groups_Vector.uexp" 255
"../../../Engine/Content/EditorMaterials/ParticleSystems/PSysThumbnail_NoImage.uasset" 256
"../../../Engine/Content/EditorMaterials/ParticleSystems/PSysThumbnail_NoImage.uexp" 257
"../../../Engine/Content/EditorMaterials/ParticleSystems/PSysThumbnail_NoImage.ubulk" 258
"../../../Engine/Content/EditorMaterials/ParticleSystems/PSysThumbnail_OOD.uasset" 259
"../../../Engine/Content/EditorMaterials/ParticleSystems/PSysThumbnail_OOD.uexp" 260
"../../../Engine/Content/EditorMaterials/ParticleSystems/PSysThumbnail_OOD.ubulk" 261
"../../../Engine/Content/Functions/Engine_MaterialFunctions02/Utility/BreakOutFloat3Components.uasset" 262
"../../../Engine/Content/Functions/Engine_MaterialFunctions02/Utility/BreakOutFloat3Components.uexp" 263
"../../../Engine/Content/Functions/Engine_MaterialFunctions02/Utility/MakeFloat3.uasset" 264
"../../../Engine/Content/Functions/Engine_MaterialFunctions02/Utility/MakeFloat3.uexp" 265
"../../../Engine/Content/Functions/Engine_MaterialFunctions02/Utility/MakeFloat4.uasset" 266
"../../../Engine/Content/Functions/Engine_MaterialFunctions02/Utility/MakeFloat4.uexp" 267
"../../../Engine/Content/EditorMaterials/WorldPartition/WorldPartitionSpatialHashGridPreviewMaterial.uasset" 268
"../../../Engine/Content/EditorMaterials/WorldPartition/WorldPartitionSpatialHashGridPreviewMaterial.uexp" 269
"../../../Engine/Content/EditorMaterials/Camera/CineMat.uasset" 270
"../../../Engine/Content/EditorMaterials/Camera/CineMat.uexp" 271
"../../../Engine/Content/EditorMaterials/Camera/MI_CineMat_Rig.uasset" 272
"../../../Engine/Content/EditorMaterials/Camera/MI_CineMat_Rig.uexp" 273
"../../../Engine/Content/EditorMeshes/Camera/SM_CraneRig_Arm.uasset" 274
"../../../Engine/Content/EditorMeshes/Camera/SM_CraneRig_Arm.uexp" 275
"../../../Engine/Content/EditorMeshes/Camera/SM_CraneRig_Arm.ubulk" 276
"../../../Engine/Content/EditorMeshes/Camera/SM_CraneRig_Base.uasset" 277
"../../../Engine/Content/EditorMeshes/Camera/SM_CraneRig_Base.uexp" 278
"../../../Engine/Content/EditorMeshes/Camera/SM_CraneRig_Base.ubulk" 279
"../../../Engine/Content/EditorMeshes/Camera/SM_CraneRig_Body.uasset" 280
"../../../Engine/Content/EditorMeshes/Camera/SM_CraneRig_Body.uexp" 281
"../../../Engine/Content/EditorMeshes/Camera/SM_CraneRig_Body.ubulk" 282
"../../../Engine/Content/EditorMeshes/Camera/SM_CraneRig_Mount.uasset" 283
"../../../Engine/Content/EditorMeshes/Camera/SM_CraneRig_Mount.uexp" 284
"../../../Engine/Content/EditorMeshes/Camera/SM_CraneRig_Mount.ubulk" 285
"../../../Engine/Content/EditorMeshes/Camera/SM_RailRig_Mount.uasset" 286
"../../../Engine/Content/EditorMeshes/Camera/SM_RailRig_Mount.uexp" 287
"../../../Engine/Content/EditorMeshes/Camera/SM_RailRig_Mount.ubulk" 288
"../../../Engine/Content/EditorMeshes/Camera/SM_RailRig_Track.uasset" 289
"../../../Engine/Content/EditorMeshes/Camera/SM_RailRig_Track.uexp" 290
"../../../Engine/Content/EditorMeshes/Camera/SM_RailRig_Track.ubulk" 291
"../../../Engine/Content/EditorResources/BSPVertex.uasset" 292
"../../../Engine/Content/EditorResources/BSPVertex.uexp" 293
"../../../Engine/Content/EditorResources/S_Actor.uasset" 294
"../../../Engine/Content/EditorResources/S_Actor.uexp" 295
"../../../Engine/Content/EditorResources/S_Actor.ubulk" 296
"../../../Engine/Content/EditorResources/S_BoxReflectionCapture.uasset" 297
"../../../Engine/Content/EditorResources/S_BoxReflectionCapture.uexp" 298
"../../../Engine/Content/EditorResources/S_Note.uasset" 299
"../../../Engine/Content/EditorResources/S_Note.uexp" 300
"../../../Engine/Content/EditorResources/S_Solver.uasset" 301
"../../../Engine/Content/EditorResources/S_Solver.uexp" 302
"../../../Engine/Content/EditorResources/S_Solver.ubulk" 303
"../../../Engine/Content/EditorResources/S_Terrain.uasset" 304
"../../../Engine/Content/EditorResources/S_Terrain.uexp" 305
"../../../Engine/Content/EditorResources/S_Terrain.ubulk" 306
"../../../Engine/Content/EditorResources/S_Trigger.uasset" 307
"../../../Engine/Content/EditorResources/S_Trigger.uexp" 308
"../../../Engine/Content/EditorResources/S_Trigger.ubulk" 309
"../../../Engine/Content/EditorResources/S_TriggerBox.uasset" 310
"../../../Engine/Content/EditorResources/S_TriggerBox.uexp" 311
"../../../Engine/Content/EditorResources/S_TriggerCapsule.uasset" 312
"../../../Engine/Content/EditorResources/S_TriggerCapsule.uexp" 313
"../../../Engine/Content/EditorResources/S_TriggerSphere.uasset" 314
"../../../Engine/Content/EditorResources/S_TriggerSphere.uexp" 315
"../../../Engine/Content/EditorResources/SequenceRecorder/Countdown.uasset" 316
"../../../Engine/Content/EditorResources/SequenceRecorder/Countdown.uexp" 317
"../../../Engine/Content/EditorResources/SequenceRecorder/RecordingIndicator.uasset" 318
"../../../Engine/Content/EditorResources/SequenceRecorder/RecordingIndicator.uexp" 319
"../../../Engine/Content/EngineDamageTypes/DmgTypeBP_Environmental.uasset" 320
"../../../Engine/Content/EngineDamageTypes/DmgTypeBP_Environmental.uexp" 321
"../../../Engine/Content/EngineDebugMaterials/DebugEditorMaterial.uasset" 322
"../../../Engine/Content/EngineDebugMaterials/DebugEditorMaterial.uexp" 323
"../../../Engine/Content/EngineDebugMaterials/DebugMeshMaterial.uasset" 324
"../../../Engine/Content/EngineDebugMaterials/DebugMeshMaterial.uexp" 325
"../../../Engine/Content/EngineDebugMaterials/M_SimpleUnlitTranslucent.uasset" 326
"../../../Engine/Content/EngineDebugMaterials/M_SimpleUnlitTranslucent.uexp" 327
"../../../Engine/Content/Functions/Engine_MaterialFunctions02/Utility/CameraDirectionVector.uasset" 328
"../../../Engine/Content/Functions/Engine_MaterialFunctions02/Utility/CameraDirectionVector.uexp" 329
"../../../Engine/Content/EngineDebugMaterials/VolumeToRender.uasset" 330
"../../../Engine/Content/EngineDebugMaterials/VolumeToRender.uexp" 331
"../../../Engine/Content/EngineDebugMaterials/M_VolumeRenderSphereTracePP.uasset" 332
"../../../Engine/Content/EngineDebugMaterials/M_VolumeRenderSphereTracePP.uexp" 333
"../../../Engine/Content/Functions/Engine_MaterialFunctions01/Shading/ConvertFromDiffSpec.uasset" 334
"../../../Engine/Content/Functions/Engine_MaterialFunctions01/Shading/ConvertFromDiffSpec.uexp" 335
"../../../Engine/Content/EngineDebugMaterials/VertexColorMaterial.uasset" 336
"../../../Engine/Content/EngineDebugMaterials/VertexColorMaterial.uexp" 337
"../../../Engine/Content/EngineDebugMaterials/WireframeMaterial.uasset" 338
"../../../Engine/Content/EngineDebugMaterials/WireframeMaterial.uexp" 339
"../../../Engine/Content/EngineFonts/Faces/RobotoLight.uasset" 340
"../../../Engine/Content/EngineFonts/Faces/RobotoLight.uexp" 341
"../../../Engine/Content/EngineFonts/Faces/RobotoLight.ufont" 342
"../../../Engine/Content/EngineFonts/Faces/DroidSansFallback.uasset" 343
"../../../Engine/Content/EngineFonts/Faces/DroidSansFallback.uexp" 344
"../../../Engine/Content/EngineFonts/Faces/DroidSansFallback.ufont" 345
"../../../Engine/Content/EngineFonts/Faces/RobotoBold.uasset" 346
"../../../Engine/Content/EngineFonts/Faces/RobotoBold.uexp" 347
"../../../Engine/Content/EngineFonts/Faces/RobotoBold.ufont" 348
"../../../Engine/Content/EngineFonts/Faces/RobotoBoldItalic.uasset" 349
"../../../Engine/Content/EngineFonts/Faces/RobotoBoldItalic.uexp" 350
"../../../Engine/Content/EngineFonts/Faces/RobotoBoldItalic.ufont" 351
"../../../Engine/Content/EngineFonts/Faces/RobotoItalic.uasset" 352
"../../../Engine/Content/EngineFonts/Faces/RobotoItalic.uexp" 353
"../../../Engine/Content/EngineFonts/Faces/RobotoItalic.ufont" 354
"../../../Engine/Content/EngineFonts/Faces/RobotoRegular.uasset" 355
"../../../Engine/Content/EngineFonts/Faces/RobotoRegular.uexp" 356
"../../../Engine/Content/EngineFonts/Faces/RobotoRegular.ufont" 357
"../../../Engine/Content/EngineFonts/Roboto.uasset" 358
"../../../Engine/Content/EngineFonts/Roboto.uexp" 359
"../../../Engine/Content/EngineMaterials/BaseFlattenDiffuseMap.uasset" 360
"../../../Engine/Content/EngineMaterials/BaseFlattenDiffuseMap.uexp" 361
"../../../Engine/Content/EngineMaterials/BaseFlattenEmissiveMap.uasset" 362
"../../../Engine/Content/EngineMaterials/BaseFlattenEmissiveMap.uexp" 363
"../../../Engine/Content/EngineMaterials/BaseFlattenGrayscaleMap.uasset" 364
"../../../Engine/Content/EngineMaterials/BaseFlattenGrayscaleMap.uexp" 365
"../../../Engine/Content/EngineMaterials/BaseFlattenNormalMap.uasset" 366
"../../../Engine/Content/EngineMaterials/BaseFlattenNormalMap.uexp" 367
"../../../Engine/Content/EngineMaterials/BaseFlattenMaterial.uasset" 368
"../../../Engine/Content/EngineMaterials/BaseFlattenMaterial.uexp" 369
"../../../Engine/Content/EngineMaterials/BaseFlattenNormalMap_VT.uasset" 370
"../../../Engine/Content/EngineMaterials/BaseFlattenNormalMap_VT.uexp" 371
"../../../Engine/Content/EngineMaterials/BaseFlattenDiffuseMap_VT.uasset" 372
"../../../Engine/Content/EngineMaterials/BaseFlattenDiffuseMap_VT.uexp" 373
"../../../Engine/Content/EngineMaterials/BaseFlattenEmissiveMap_VT.uasset" 374
"../../../Engine/Content/EngineMaterials/BaseFlattenEmissiveMap_VT.uexp" 375
"../../../Engine/Content/EngineMaterials/BaseFlattenGrayscaleMap_VT.uasset" 376
"../../../Engine/Content/EngineMaterials/BaseFlattenGrayscaleMap_VT.uexp" 377
"../../../Engine/Content/EngineMaterials/BaseFlattenMaterial_VT.uasset" 378
"../../../Engine/Content/EngineMaterials/BaseFlattenMaterial_VT.uexp" 379
"../../../Engine/Content/EngineMaterials/BlueNoise.uasset" 380
"../../../Engine/Content/EngineMaterials/BlueNoise.uexp" 381
"../../../Engine/Content/EngineMaterials/DefaultBloomKernel.uasset" 382
"../../../Engine/Content/EngineMaterials/DefaultBloomKernel.uexp" 383
"../../../Engine/Content/EngineMaterials/DefaultBokeh.uasset" 384
"../../../Engine/Content/EngineMaterials/DefaultBokeh.uexp" 385
"../../../Engine/Content/EngineMaterials/DefaultDiffuse.uasset" 386
"../../../Engine/Content/EngineMaterials/DefaultDiffuse.uexp" 387
"../../../Engine/Content/EngineMaterials/DefaultDiffuse.ubulk" 388
"../../../Engine/Content/EngineMaterials/DefaultDeferredDecalMaterial.uasset" 389
"../../../Engine/Content/EngineMaterials/DefaultDeferredDecalMaterial.uexp" 390
"../../../Engine/Content/EngineMaterials/DefaultLightFunctionMaterial.uasset" 391
"../../../Engine/Content/EngineMaterials/DefaultLightFunctionMaterial.uexp" 392
"../../../Engine/Content/EngineMaterials/DefaultPhysicalMaterial.uasset" 393
"../../../Engine/Content/EngineMaterials/DefaultPhysicalMaterial.uexp" 394
"../../../Engine/Content/EngineMaterials/DefaultPostProcessMaterial.uasset" 395
"../../../Engine/Content/EngineMaterials/DefaultPostProcessMaterial.uexp" 396
"../../../Engine/Content/EngineFonts/RobotoDistanceField.uasset" 397
"../../../Engine/Content/EngineFonts/RobotoDistanceField.uexp" 398
"../../../Engine/Content/EngineMaterials/DefaultTextMaterialOpaque.uasset" 399
"../../../Engine/Content/EngineMaterials/DefaultTextMaterialOpaque.uexp" 400
"../../../Engine/Content/EngineMaterials/DefaultWhiteGrid_Low.uasset" 401
"../../../Engine/Content/EngineMaterials/DefaultWhiteGrid_Low.uexp" 402
"../../../Engine/Content/EngineMaterials/EmissiveMeshMaterial.uasset" 403
"../../../Engine/Content/EngineMaterials/EmissiveMeshMaterial.uexp" 404
"../../../Engine/Content/EngineMaterials/GizmoMaterial.uasset" 405
"../../../Engine/Content/EngineMaterials/GizmoMaterial.uexp" 406
"../../../Engine/Content/EngineMaterials/Good64x64TilingNoiseHighFreq.uasset" 407
"../../../Engine/Content/EngineMaterials/Good64x64TilingNoiseHighFreq.uexp" 408
"../../../Engine/Content/EngineMaterials/MiniFont.uasset" 409
"../../../Engine/Content/EngineMaterials/MiniFont.uexp" 410
"../../../Engine/Content/EngineMaterials/InvalidLightmapSettings.uasset" 411
"../../../Engine/Content/EngineMaterials/InvalidLightmapSettings.uexp" 412
"../../../Engine/Content/EngineMaterials/InvalidLightmapSettings.ubulk" 413
"../../../Engine/Content/EngineMaterials/M_InvalidLightmapSettings.uasset" 414
"../../../Engine/Content/EngineMaterials/M_InvalidLightmapSettings.uexp" 415
"../../../Engine/Content/Functions/Engine_MaterialFunctions02/WorldPositionOffset/CameraOffset.uasset" 416
"../../../Engine/Content/Functions/Engine_MaterialFunctions02/WorldPositionOffset/CameraOffset.uexp" 417
"../../../Engine/Content/EngineMaterials/PhAT_JointLimitMaterial.uasset" 418
"../../../Engine/Content/EngineMaterials/PhAT_JointLimitMaterial.uexp" 419
"../../../Engine/Content/EngineMaterials/PreintegratedSkinBRDF.uasset" 420
"../../../Engine/Content/EngineMaterials/PreintegratedSkinBRDF.uexp" 421
"../../../Engine/Content/EngineMaterials/RemoveSurfaceMaterial.uasset" 422
"../../../Engine/Content/EngineMaterials/RemoveSurfaceMaterial.uexp" 423
"../../../Engine/Content/EngineMaterials/WeightMapPlaceholderTexture.uasset" 424
"../../../Engine/Content/EngineMaterials/WeightMapPlaceholderTexture.uexp" 425
"../../../Engine/Content/EngineMaterials/Widget3DPassThrough.uasset" 426
"../../../Engine/Content/EngineMaterials/Widget3DPassThrough.uexp" 427
"../../../Engine/Content/EngineMaterials/Widget3DPassThrough_Masked.uasset" 428
"../../../Engine/Content/EngineMaterials/Widget3DPassThrough_Masked.uexp" 429
"../../../Engine/Content/EngineMaterials/Widget3DPassThrough_Opaque.uasset" 430
"../../../Engine/Content/EngineMaterials/Widget3DPassThrough_Opaque.uexp" 431
"../../../Engine/Content/EngineMaterials/Widget3DPassThrough_Masked_OneSided.uasset" 432
"../../../Engine/Content/EngineMaterials/Widget3DPassThrough_Masked_OneSided.uexp" 433
"../../../Engine/Content/EngineMaterials/Widget3DPassThrough_Opaque_OneSided.uasset" 434
"../../../Engine/Content/EngineMaterials/Widget3DPassThrough_Opaque_OneSided.uexp" 435
"../../../Engine/Content/EngineMaterials/Widget3DPassThrough_Translucent.uasset" 436
"../../../Engine/Content/EngineMaterials/Widget3DPassThrough_Translucent.uexp" 437
"../../../Engine/Content/EngineMaterials/Widget3DPassThrough_Translucent_OneSided.uasset" 438
"../../../Engine/Content/EngineMaterials/Widget3DPassThrough_Translucent_OneSided.uexp" 439
"../../../Engine/Content/EngineMeshes/Sphere.uasset" 440
"../../../Engine/Content/EngineMeshes/Sphere.uexp" 441
"../../../Engine/Content/EngineMeshes/Sphere.ubulk" 442
"../../../Engine/Content/EngineResources/Black.uasset" 443
"../../../Engine/Content/EngineResources/Black.uexp" 444
"../../../Engine/Content/EngineResources/DefaultTextureCube.uasset" 445
"../../../Engine/Content/EngineResources/DefaultTextureCube.uexp" 446
"../../../Engine/Content/EngineResources/DefaultVolumeTexture2D.uasset" 447
"../../../Engine/Content/EngineResources/DefaultVolumeTexture2D.uexp" 448
"../../../Engine/Content/EngineResources/DefaultVolumeTexture.uasset" 449
"../../../Engine/Content/EngineResources/DefaultVolumeTexture.uexp" 450
"../../../Engine/Content/EngineResources/GradientTexture0.uasset" 451
"../../../Engine/Content/EngineResources/GradientTexture0.uexp" 452
"../../../Engine/Content/EngineSky/VolumetricClouds/CloudGradientTexture.uasset" 453
"../../../Engine/Content/EngineSky/VolumetricClouds/CloudGradientTexture.uexp" 454
"../../../Engine/Content/EngineSky/VolumetricClouds/CloudWeatherTexture.uasset" 455
"../../../Engine/Content/EngineSky/VolumetricClouds/CloudWeatherTexture.uexp" 456
"../../../Engine/Content/EngineSky/VolumetricClouds/T_NoiseErosion.uasset" 457
"../../../Engine/Content/EngineSky/VolumetricClouds/T_NoiseErosion.uexp" 458
"../../../Engine/Content/EngineSky/VolumetricClouds/T_NoiseErosion.ubulk" 459
"../../../Engine/Content/EngineSky/VolumetricClouds/T_VolumeNoiseErosion32.uasset" 460
"../../../Engine/Content/EngineSky/VolumetricClouds/T_VolumeNoiseErosion32.uexp" 461
"../../../Engine/Content/EngineSky/VolumetricClouds/T_NoiseShape64.uasset" 462
"../../../Engine/Content/EngineSky/VolumetricClouds/T_NoiseShape64.uexp" 463
"../../../Engine/Content/EngineSky/VolumetricClouds/T_NoiseShape64.ubulk" 464
"../../../Engine/Content/EngineSky/VolumetricClouds/T_VolumeNoiseShape64.uasset" 465
"../../../Engine/Content/EngineSky/VolumetricClouds/T_VolumeNoiseShape64.uexp" 466
"../../../Engine/Content/EngineSky/VolumetricClouds/m_SimpleVolumetricCloud.uasset" 467
"../../../Engine/Content/EngineSky/VolumetricClouds/m_SimpleVolumetricCloud.uexp" 468
"../../../Engine/Content/EngineSky/VolumetricClouds/m_SimpleVolumetricCloud_Inst.uasset" 469
"../../../Engine/Content/EngineSky/VolumetricClouds/m_SimpleVolumetricCloud_Inst.uexp" 470
"../../../Engine/Content/EngineSounds/Master.uasset" 471
"../../../Engine/Content/EngineSounds/Master.uexp" 472
"../../../Engine/Content/Functions/Engine_MaterialFunctions01/Shading/PowerToRoughness.uasset" 473
"../../../Engine/Content/Functions/Engine_MaterialFunctions01/Shading/PowerToRoughness.uexp" 474
"../../../Engine/Content/Maps/Templates/Thumbnails/Default.uasset" 475
"../../../Engine/Content/Maps/Templates/Thumbnails/Default.uexp" 476
"../../../Engine/Content/Maps/Templates/Thumbnails/TimeOfDay.uasset" 477
"../../../Engine/Content/Maps/Templates/Thumbnails/TimeOfDay.uexp" 478
"../../../Engine/Content/Maps/Templates/Thumbnails/VR-Basic.uasset" 479
"../../../Engine/Content/Maps/Templates/Thumbnails/VR-Basic.uexp" 480
"../../../Engine/Content/MobileResources/T_MobileControls_texture.uasset" 481
"../../../Engine/Content/MobileResources/T_MobileControls_texture.uexp" 482
"../../../Engine/Content/MobileResources/T_MobileMenu2.uasset" 483
"../../../Engine/Content/MobileResources/T_MobileMenu2.uexp" 484
"../../../Engine/Content/MobileResources/HUD/AnalogHat.uasset" 485
"../../../Engine/Content/MobileResources/HUD/AnalogHat.uexp" 486
"../../../Engine/Content/MobileResources/HUD/VirtualJoystick_Background.uasset" 487
"../../../Engine/Content/MobileResources/HUD/VirtualJoystick_Background.uexp" 488
"../../../Engine/Content/MobileResources/HUD/VirtualJoystick_Thumb.uasset" 489
"../../../Engine/Content/MobileResources/HUD/VirtualJoystick_Thumb.uexp" 490
"../../../Engine/Content/MobileResources/HUD/DefaultVirtualJoysticks.uasset" 491
"../../../Engine/Content/MobileResources/HUD/DefaultVirtualJoysticks.uexp" 492
"../../../Engine/Content/MobileResources/HUD/LeftVirtualJoystickOnly.uasset" 493
"../../../Engine/Content/MobileResources/HUD/LeftVirtualJoystickOnly.uexp" 494
"../../../Engine/Content/MobileResources/HUD/MobileHUDButton1_off.uasset" 495
"../../../Engine/Content/MobileResources/HUD/MobileHUDButton1_off.uexp" 496
"../../../Engine/Content/MobileResources/HUD/MobileHUDButton1_on.uasset" 497
"../../../Engine/Content/MobileResources/HUD/MobileHUDButton1_on.uexp" 498
"../../../Engine/Content/MobileResources/HUD/MobileHUDButton2_off.uasset" 499
"../../../Engine/Content/MobileResources/HUD/MobileHUDButton2_off.uexp" 500
"../../../Engine/Content/MobileResources/HUD/MobileHUDButton2_on.uasset" 501
"../../../Engine/Content/MobileResources/HUD/MobileHUDButton2_on.uexp" 502
"../../../Engine/Content/MobileResources/HUD/MobileHUDButton3.uasset" 503
"../../../Engine/Content/MobileResources/HUD/MobileHUDButton3.uexp" 504
"../../../Engine/Content/MobileResources/HUD/MobileHUDButtonFire.uasset" 505
"../../../Engine/Content/MobileResources/HUD/MobileHUDButtonFire.uexp" 506
"../../../Engine/Content/MobileResources/HUD/MobileHUDDirectionPad.uasset" 507
"../../../Engine/Content/MobileResources/HUD/MobileHUDDirectionPad.uexp" 508
"../../../Engine/Content/MobileResources/HUD/MobileHUDDirectionPad2.uasset" 509
"../../../Engine/Content/MobileResources/HUD/MobileHUDDirectionPad2.uexp" 510
"../../../Engine/Content/MobileResources/HUD/MobileHUDDirectionPad3.uasset" 511
"../../../Engine/Content/MobileResources/HUD/MobileHUDDirectionPad3.uexp" 512
"../../../Engine/Content/MobileResources/HUD/MobileHUDDirectionStick.uasset" 513
"../../../Engine/Content/MobileResources/HUD/MobileHUDDirectionStick.uexp" 514
"../../../Engine/Content/MobileResources/HUD/T_Castle_ThumbstickInner.uasset" 515
"../../../Engine/Content/MobileResources/HUD/T_Castle_ThumbstickInner.uexp" 516
"../../../Engine/Content/MobileResources/HUD/T_Castle_ThumbstickOutter.uasset" 517
"../../../Engine/Content/MobileResources/HUD/T_Castle_ThumbstickOutter.uexp" 518
"../../../Engine/Content/Tutorial/ContentIntroCurve.uasset" 519
"../../../Engine/Content/Tutorial/ContentIntroCurve.uexp" 520
"../../../Engine/Content/VREditor/LaserPointer/VR_LaserPower_01.uasset" 521
"../../../Engine/Content/VREditor/LaserPointer/VR_LaserPower_01.uexp" 522
"../../../Engine/Content/VREditor/LaserPointer/VR_LaserPower_01.ubulk" 523
"../../../Engine/Content/VREditor/TransformGizmo/TransformGizmoMaterial.uasset" 524
"../../../Engine/Content/VREditor/TransformGizmo/TransformGizmoMaterial.uexp" 525
"../../../Engine/Content/VREditor/TransformGizmo/TranslucentTransformGizmoMaterial.uasset" 526
"../../../Engine/Content/VREditor/TransformGizmo/TranslucentTransformGizmoMaterial.uexp" 527
"../../../Engine/Content/VREditor/TransformGizmo/BoundingBoxCorner.uasset" 528
"../../../Engine/Content/VREditor/TransformGizmo/BoundingBoxCorner.uexp" 529
"../../../Engine/Content/VREditor/TransformGizmo/BoundingBoxCorner.ubulk" 530
"../../../Engine/Content/VREditor/TransformGizmo/BoundingBoxEdge.uasset" 531
"../../../Engine/Content/VREditor/TransformGizmo/BoundingBoxEdge.uexp" 532
"../../../Engine/Content/VREditor/TransformGizmo/BoundingBoxEdge.ubulk" 533
"../../../Engine/Content/VREditor/TransformGizmo/PlaneTranslationHandle.uasset" 534
"../../../Engine/Content/VREditor/TransformGizmo/PlaneTranslationHandle.uexp" 535
"../../../Engine/Content/VREditor/TransformGizmo/PlaneTranslationHandle.ubulk" 536
"../../../Engine/Content/VREditor/TransformGizmo/Main.uasset" 537
"../../../Engine/Content/VREditor/TransformGizmo/Main.uexp" 538
"../../../Engine/Content/VREditor/TransformGizmo/Xray.uasset" 539
"../../../Engine/Content/VREditor/TransformGizmo/Xray.uexp" 540
"../../../Engine/Content/VREditor/TransformGizmo/SM_Sequencer_Key.uasset" 541
"../../../Engine/Content/VREditor/TransformGizmo/SM_Sequencer_Key.uexp" 542
"../../../Engine/Content/VREditor/TransformGizmo/SM_Sequencer_Key.ubulk" 543
"../../../Engine/Content/VREditor/TransformGizmo/SM_Sequencer_Node.uasset" 544
"../../../Engine/Content/VREditor/TransformGizmo/SM_Sequencer_Node.uexp" 545
"../../../Engine/Content/VREditor/TransformGizmo/SM_Sequencer_Node.ubulk" 546
"../../../Engine/Plugins/2D/Paper2D/Content/PlaceholderTextures/DummySpriteTexture.uasset" 547
"../../../Engine/Plugins/2D/Paper2D/Content/PlaceholderTextures/DummySpriteTexture.uexp" 548
"../../../Engine/Plugins/2D/Paper2D/Content/PlaceholderTextures/DummySpriteTexture.ubulk" 549
"../../../Engine/Plugins/2D/Paper2D/Content/DummySprite.uasset" 550
"../../../Engine/Plugins/2D/Paper2D/Content/DummySprite.uexp" 551
"../../../Engine/Plugins/2D/Paper2D/Content/DefaultPaperTerrainMaterial.uasset" 552
"../../../Engine/Plugins/2D/Paper2D/Content/DefaultPaperTerrainMaterial.uexp" 553
"../../../Engine/Plugins/2D/Paper2D/Content/DefaultSpriteMaterial.uasset" 554
"../../../Engine/Plugins/2D/Paper2D/Content/DefaultSpriteMaterial.uexp" 555
"../../../Engine/Plugins/2D/Paper2D/Content/MaskedUnlitSpriteMaterial.uasset" 556
"../../../Engine/Plugins/2D/Paper2D/Content/MaskedUnlitSpriteMaterial.uexp" 557
"../../../Engine/Plugins/2D/Paper2D/Content/OpaqueUnlitSpriteMaterial.uasset" 558
"../../../Engine/Plugins/2D/Paper2D/Content/OpaqueUnlitSpriteMaterial.uexp" 559
"../../../Engine/Content/Functions/Engine_MaterialFunctions02/ObjectLocalBounds.uasset" 560
"../../../Engine/Content/Functions/Engine_MaterialFunctions02/ObjectLocalBounds.uexp" 561
"../../../Engine/Content/EngineResources/DefaultTexture.uasset" 562
"../../../Engine/Content/EngineResources/DefaultTexture.uexp" 563
"../../../Engine/Content/EngineResources/DefaultTexture.ubulk" 564
"../../../Engine/Content/Functions/Engine_MaterialFunctions02/UVs/BoundingBoxBased_0-1_UVW.uasset" 565
"../../../Engine/Content/Functions/Engine_MaterialFunctions02/UVs/BoundingBoxBased_0-1_UVW.uexp" 566
"../../../Engine/Plugins/Editor/SpeedTreeImporter/Content/SpeedTree9/game_wind_noise.uasset" 567
"../../../Engine/Plugins/Editor/SpeedTreeImporter/Content/SpeedTree9/game_wind_noise.uexp" 568
"../../../Engine/Plugins/Editor/SpeedTreeImporter/Content/SpeedTree9/game_wind_noise.ubulk" 569
"../../../Engine/Plugins/Editor/SpeedTreeImporter/Content/SpeedTree9/SpeedTreeWindMotion.uasset" 570
"../../../Engine/Plugins/Editor/SpeedTreeImporter/Content/SpeedTree9/SpeedTreeWindMotion.uexp" 571
"../../../Engine/Plugins/Editor/SpeedTreeImporter/Content/SpeedTree9/UnpackDirection.uasset" 572
"../../../Engine/Plugins/Editor/SpeedTreeImporter/Content/SpeedTree9/UnpackDirection.uexp" 573
"../../../Engine/Plugins/Editor/SpeedTreeImporter/Content/SpeedTree9/UnpackInteger3.uasset" 574
"../../../Engine/Plugins/Editor/SpeedTreeImporter/Content/SpeedTree9/UnpackInteger3.uexp" 575
"../../../Engine/Plugins/Editor/SpeedTreeImporter/Content/SpeedTree9/SpeedTreeBranchMotion.uasset" 576
"../../../Engine/Plugins/Editor/SpeedTreeImporter/Content/SpeedTree9/SpeedTreeBranchMotion.uexp" 577
"../../../Engine/Plugins/Editor/SpeedTreeImporter/Content/SpeedTree9/SpeedTreeWind.uasset" 578
"../../../Engine/Plugins/Editor/SpeedTreeImporter/Content/SpeedTree9/SpeedTreeWind.uexp" 579
"../../../Engine/Plugins/Editor/SpeedTreeImporter/Content/SpeedTree9/SpeedTreeBillboard.uasset" 580
"../../../Engine/Plugins/Editor/SpeedTreeImporter/Content/SpeedTree9/SpeedTreeBillboard.uexp" 581
"../../../Engine/Plugins/Editor/SpeedTreeImporter/Content/SpeedTree9/SpeedTreeBillboardMaster.uasset" 582
"../../../Engine/Plugins/Editor/SpeedTreeImporter/Content/SpeedTree9/SpeedTreeBillboardMaster.uexp" 583
"../../../Engine/Plugins/Editor/SpeedTreeImporter/Content/SpeedTree9/SpeedTreeCameraFacing.uasset" 584
"../../../Engine/Plugins/Editor/SpeedTreeImporter/Content/SpeedTree9/SpeedTreeCameraFacing.uexp" 585
"../../../Engine/Plugins/Editor/SpeedTreeImporter/Content/SpeedTree9/SpeedTreeMaster.uasset" 586
"../../../Engine/Plugins/Editor/SpeedTreeImporter/Content/SpeedTree9/SpeedTreeMaster.uexp" 587
"../../../Engine/Content/ArtTools/RenderToTexture/Materials/Debug/M_Emissive_Color.uasset" 588
"../../../Engine/Content/ArtTools/RenderToTexture/Materials/Debug/M_Emissive_Color.uexp" 589
"../../../Engine/Content/BasicShapes/Cylinder.uasset" 590
"../../../Engine/Content/BasicShapes/Cylinder.uexp" 591
"../../../Engine/Content/BasicShapes/Cylinder.ubulk" 592
"../../../Engine/Plugins/Lumin/MagicLeapPassableWorld/Content/MagicLeapARPinInfoActor.uasset" 593
"../../../Engine/Plugins/Lumin/MagicLeapPassableWorld/Content/MagicLeapARPinInfoActor.uexp" 594
"../../../Engine/Plugins/Runtime/HairStrands/Content/Materials/HairCardsDefaultMaterial.uasset" 595
"../../../Engine/Plugins/Runtime/HairStrands/Content/Materials/HairCardsDefaultMaterial.uexp" 596
"../../../Engine/Content/EngineMaterials/HairColorMap.uasset" 597
"../../../Engine/Content/EngineMaterials/HairColorMap.uexp" 598
"../../../Engine/Content/EngineMaterials/HairDebugColor.uasset" 599
"../../../Engine/Content/EngineMaterials/HairDebugColor.uexp" 600
"../../../Engine/Plugins/Runtime/HairStrands/Content/Materials/HairDebugMaterial.uasset" 601
"../../../Engine/Plugins/Runtime/HairStrands/Content/Materials/HairDebugMaterial.uexp" 602
"../../../Engine/Plugins/Runtime/HairStrands/Content/Materials/HairDefaultMaterial.uasset" 603
"../../../Engine/Plugins/Runtime/HairStrands/Content/Materials/HairDefaultMaterial.uexp" 604
"../../../Engine/Plugins/Runtime/HairStrands/Content/Materials/HairMeshesDefaultMaterial.uasset" 605
"../../../Engine/Plugins/Runtime/HairStrands/Content/Materials/HairMeshesDefaultMaterial.uexp" 606
"../../../Engine/Content/Functions/Engine_MaterialFunctions02/Utility/BreakOutFloat4Components.uasset" 607
"../../../Engine/Content/Functions/Engine_MaterialFunctions02/Utility/BreakOutFloat4Components.uexp" 608
"../../../Engine/Plugins/Runtime/Oculus/OculusVR/Content/Materials/OculusMR_ChromaKey.uasset" 609
"../../../Engine/Plugins/Runtime/Oculus/OculusVR/Content/Materials/OculusMR_ChromaKey.uexp" 610
"../../../Engine/Plugins/Runtime/Oculus/OculusVR/Content/Materials/OculusMR_OpaqueColoredMaterial.uasset" 611
"../../../Engine/Plugins/Runtime/Oculus/OculusVR/Content/Materials/OculusMR_OpaqueColoredMaterial.uexp" 612
"../../../Engine/Plugins/Runtime/Oculus/OculusVR/Content/Materials/PokeAHoleMaterial.uasset" 613
"../../../Engine/Plugins/Runtime/Oculus/OculusVR/Content/Materials/PokeAHoleMaterial.uexp" 614
"D:/UnrealProjects/Voidsinger/Content/2DAssets/UI/Death/TX_YouDied.uasset" 615
"D:/UnrealProjects/Voidsinger/Content/2DAssets/UI/Death/TX_YouDied.uexp" 616
"D:/UnrealProjects/Voidsinger/Content/UI/PlayerDeath/WBP_PlayerDeath.uasset" 617
"D:/UnrealProjects/Voidsinger/Content/UI/PlayerDeath/WBP_PlayerDeath.uexp" 618
"../../../Engine/Plugins/FX/Niagara/Content/Enums/ENiagaraRandomnessMode.uasset" 619
"../../../Engine/Plugins/FX/Niagara/Content/Enums/ENiagaraRandomnessMode.uexp" 620
"../../../Engine/Plugins/FX/Niagara/Content/Enums/ENiagaraTorusMode.uasset" 621
"../../../Engine/Plugins/FX/Niagara/Content/Enums/ENiagaraTorusMode.uexp" 622
"../../../Engine/Plugins/FX/Niagara/Content/Enums/ENiagara_SizeScaleMode.uasset" 623
"../../../Engine/Plugins/FX/Niagara/Content/Enums/ENiagara_SizeScaleMode.uexp" 624
"../../../Engine/Plugins/FX/Niagara/Content/Enums/ENiagaraTorusDistributionMode.uasset" 625
"../../../Engine/Plugins/FX/Niagara/Content/Enums/ENiagaraTorusDistributionMode.uexp" 626
"../../../Engine/Plugins/FX/Niagara/Content/Enums/ENiagaraSphereDistributionMode.uasset" 627
"../../../Engine/Plugins/FX/Niagara/Content/Enums/ENiagaraSphereDistributionMode.uexp" 628
"../../../Engine/Plugins/FX/Niagara/Content/Enums/ENiagaraInactiveMode.uasset" 629
"../../../Engine/Plugins/FX/Niagara/Content/Enums/ENiagaraInactiveMode.uexp" 630
"../../../Engine/Plugins/FX/Niagara/Content/Enums/ENiagaraRandomnessEvaluation.uasset" 631
"../../../Engine/Plugins/FX/Niagara/Content/Enums/ENiagaraRandomnessEvaluation.uexp" 632
"../../../Engine/Plugins/FX/Niagara/Content/Enums/ENiagaraSystemInactiveMode.uasset" 633
"../../../Engine/Plugins/FX/Niagara/Content/Enums/ENiagaraSystemInactiveMode.uexp" 634
"../../../Engine/Plugins/FX/Niagara/Content/DynamicInputs/ValueFromCurve/FloatFromCurve.uasset" 635
"../../../Engine/Plugins/FX/Niagara/Content/DynamicInputs/ValueFromCurve/FloatFromCurve.uexp" 636
"../../../Engine/Plugins/FX/Niagara/Content/Enums/ENiagara_UVFlippingMode.uasset" 637
"../../../Engine/Plugins/FX/Niagara/Content/Enums/ENiagara_UVFlippingMode.uexp" 638
"../../../Engine/Plugins/FX/Niagara/Content/Enums/ENiagara_SpriteRotationMode.uasset" 639
"../../../Engine/Plugins/FX/Niagara/Content/Enums/ENiagara_SpriteRotationMode.uexp" 640
"../../../Engine/Plugins/FX/Niagara/Content/Enums/ENiagaraCoordinateSpace.uasset" 641
"../../../Engine/Plugins/FX/Niagara/Content/Enums/ENiagaraCoordinateSpace.uexp" 642
"../../../Engine/Plugins/FX/Niagara/Content/Functions/Localspace/SimulationPosition.uasset" 643
"../../../Engine/Plugins/FX/Niagara/Content/Functions/Localspace/SimulationPosition.uexp" 644
"../../../Engine/Plugins/FX/Niagara/Content/Enums/ENiagaraExpansionMode.uasset" 645
"../../../Engine/Plugins/FX/Niagara/Content/Enums/ENiagaraExpansionMode.uexp" 646
"../../../Engine/Plugins/FX/Niagara/Content/Functions/Localspace/TransformBase.uasset" 647
"../../../Engine/Plugins/FX/Niagara/Content/Functions/Localspace/TransformBase.uexp" 648
"../../../Engine/Plugins/FX/Niagara/Content/Functions/Localspace/TransformVector.uasset" 649
"../../../Engine/Plugins/FX/Niagara/Content/Functions/Localspace/TransformVector.uexp" 650
"../../../Engine/Plugins/FX/Niagara/Content/Functions/DirectionAndLengthSafe.uasset" 651
"../../../Engine/Plugins/FX/Niagara/Content/Functions/DirectionAndLengthSafe.uexp" 652
"../../../Engine/Plugins/FX/Niagara/Content/Functions/Rotation/FindQuatBetween.uasset" 653
"../../../Engine/Plugins/FX/Niagara/Content/Functions/Rotation/FindQuatBetween.uexp" 654
"../../../Engine/Plugins/FX/Niagara/Content/Functions/SphericalToCartesianCoordinates.uasset" 655
"../../../Engine/Plugins/FX/Niagara/Content/Functions/SphericalToCartesianCoordinates.uexp" 656
"../../../Engine/Plugins/FX/Niagara/Content/Functions/V2/CalculateRandomRange.uasset" 657
"../../../Engine/Plugins/FX/Niagara/Content/Functions/V2/CalculateRandomRange.uexp" 658
"../../../Engine/Plugins/FX/Niagara/Content/Functions/V2/CalculateRandomPointInSphere.uasset" 659
"../../../Engine/Plugins/FX/Niagara/Content/Functions/V2/CalculateRandomPointInSphere.uexp" 660
"../../../Engine/Plugins/FX/Niagara/Content/Functions/Rotation/MultiplyVectorWithQuaternion.uasset" 661
"../../../Engine/Plugins/FX/Niagara/Content/Functions/Rotation/MultiplyVectorWithQuaternion.uexp" 662
"../../../Engine/Plugins/FX/Niagara/Content/Modules/Spawn/Location/V2/SphereLocation.uasset" 663
"../../../Engine/Plugins/FX/Niagara/Content/Modules/Spawn/Location/V2/SphereLocation.uexp" 664
"../../../Engine/Plugins/FX/Niagara/Content/Enums/ENiagaraChannelCorrelation.uasset" 665
"../../../Engine/Plugins/FX/Niagara/Content/Enums/ENiagaraChannelCorrelation.uexp" 666
"../../../Engine/Plugins/FX/Niagara/Content/Modules/Update/Lifetime/ParticleState.uasset" 667
"../../../Engine/Plugins/FX/Niagara/Content/Modules/Update/Lifetime/ParticleState.uexp" 668
"../../../Engine/Plugins/FX/Niagara/Content/Enums/ENiagaraEmitterScalabilityMode_Limited.uasset" 669
"../../../Engine/Plugins/FX/Niagara/Content/Enums/ENiagaraEmitterScalabilityMode_Limited.uexp" 670
"../../../Engine/Plugins/FX/Niagara/Content/Enums/ENiagara_ColorInitializationMode.uasset" 671
"../../../Engine/Plugins/FX/Niagara/Content/Enums/ENiagara_ColorInitializationMode.uexp" 672
"../../../Engine/Plugins/FX/Niagara/Content/Enums/ENiagaraEmitterLifeCycleMode.uasset" 673
"../../../Engine/Plugins/FX/Niagara/Content/Enums/ENiagaraEmitterLifeCycleMode.uexp" 674
"../../../Engine/Plugins/FX/Niagara/Content/Enums/ENiagara_PositionInitializationMode.uasset" 675
"../../../Engine/Plugins/FX/Niagara/Content/Enums/ENiagara_PositionInitializationMode.uexp" 676
"../../../Engine/Plugins/FX/Niagara/Content/Enums/ENiagara_MassInitializationMode.uasset" 677
"../../../Engine/Plugins/FX/Niagara/Content/Enums/ENiagara_MassInitializationMode.uexp" 678
"../../../Engine/Plugins/FX/Niagara/Content/Enums/ENiagara_LifetimeMode.uasset" 679
"../../../Engine/Plugins/FX/Niagara/Content/Enums/ENiagara_LifetimeMode.uexp" 680
"../../../Engine/Plugins/FX/Niagara/Content/Functions/V2/CalculateRandomRangeInteger.uasset" 681
"../../../Engine/Plugins/FX/Niagara/Content/Functions/V2/CalculateRandomRangeInteger.uexp" 682
"../../../Engine/Plugins/FX/Niagara/Content/Functions/V2/CalculateRandomBool.uasset" 683
"../../../Engine/Plugins/FX/Niagara/Content/Functions/V2/CalculateRandomBool.uexp" 684
"../../../Engine/Plugins/FX/Niagara/Content/Functions/V2/CalculateRandomRangeFloat.uasset" 685
"../../../Engine/Plugins/FX/Niagara/Content/Functions/V2/CalculateRandomRangeFloat.uexp" 686
"../../../Engine/Plugins/FX/Niagara/Content/Functions/LinearColor/HueShiftLinearColor.uasset" 687
"../../../Engine/Plugins/FX/Niagara/Content/Functions/LinearColor/HueShiftLinearColor.uexp" 688
"../../../Engine/Plugins/FX/Niagara/Content/Modules/Spawn/Initialization/V2/InitializeParticle.uasset" 689
"../../../Engine/Plugins/FX/Niagara/Content/Modules/Spawn/Initialization/V2/InitializeParticle.uexp" 690
"../../../Engine/Plugins/FX/Niagara/Content/Enums/ENiagara_EmitterStateOptions.uasset" 691
"../../../Engine/Plugins/FX/Niagara/Content/Enums/ENiagara_EmitterStateOptions.uexp" 692
"../../../Engine/Plugins/FX/Niagara/Content/Functions/Rotation/MultiplyQuaternion.uasset" 693
"../../../Engine/Plugins/FX/Niagara/Content/Functions/Rotation/MultiplyQuaternion.uexp" 694
"../../../Engine/Plugins/FX/Niagara/Content/Functions/Rotation/AxisAngleToQuaternion.uasset" 695
"../../../Engine/Plugins/FX/Niagara/Content/Functions/Rotation/AxisAngleToQuaternion.uexp" 696
"../../../Engine/Plugins/FX/Niagara/Content/Functions/ParametricTorus.uasset" 697
"../../../Engine/Plugins/FX/Niagara/Content/Functions/ParametricTorus.uexp" 698
"../../../Engine/Plugins/FX/Niagara/Content/Functions/ParametricTorusKnot.uasset" 699
"../../../Engine/Plugins/FX/Niagara/Content/Functions/ParametricTorusKnot.uexp" 700
"../../../Engine/Plugins/FX/Niagara/Content/Functions/PolarToCartesianCoordinates.uasset" 701
"../../../Engine/Plugins/FX/Niagara/Content/Functions/PolarToCartesianCoordinates.uexp" 702
"../../../Engine/Plugins/FX/Niagara/Content/Functions/GetRandomInfo.uasset" 703
"../../../Engine/Plugins/FX/Niagara/Content/Functions/GetRandomInfo.uexp" 704
"../../../Engine/Plugins/FX/Niagara/Content/Functions/RandomRange.uasset" 705
"../../../Engine/Plugins/FX/Niagara/Content/Functions/RandomRange.uexp" 706
"../../../Engine/Plugins/FX/Niagara/Content/Modules/Spawn/Location/TorusLocation.uasset" 707
"../../../Engine/Plugins/FX/Niagara/Content/Modules/Spawn/Location/TorusLocation.uexp" 708
"../../../Engine/Plugins/FX/Niagara/Content/Enums/ENiagara_InfiniteLoopDuration.uasset" 709
"../../../Engine/Plugins/FX/Niagara/Content/Enums/ENiagara_InfiniteLoopDuration.uexp" 710
"D:/UnrealProjects/Voidsinger/Content/2DAssets/FX/WorldGeneration/StarSystem/M_Stars.uasset" 711
"D:/UnrealProjects/Voidsinger/Content/2DAssets/FX/WorldGeneration/StarSystem/M_Stars.uexp" 712
"../../../Engine/Plugins/FX/Niagara/Content/Modules/Emitter/SpawnBurst_Instantaneous.uasset" 713
"../../../Engine/Plugins/FX/Niagara/Content/Modules/Emitter/SpawnBurst_Instantaneous.uexp" 714
"../../../Engine/Plugins/FX/Niagara/Content/Enums/ENiagaraScaleColorMode.uasset" 715
"../../../Engine/Plugins/FX/Niagara/Content/Enums/ENiagaraScaleColorMode.uexp" 716
"../../../Engine/Plugins/FX/Niagara/Content/Modules/Update/Color/ScaleColor.uasset" 717
"../../../Engine/Plugins/FX/Niagara/Content/Modules/Update/Color/ScaleColor.uexp" 718
"../../../Engine/Plugins/FX/Niagara/Content/Functions/Emitter/EmitterChangeState.uasset" 719
"../../../Engine/Plugins/FX/Niagara/Content/Functions/Emitter/EmitterChangeState.uexp" 720
"../../../Engine/Plugins/FX/Niagara/Content/Enums/ENiagaraExecutionStateManagement.uasset" 721
"../../../Engine/Plugins/FX/Niagara/Content/Enums/ENiagaraExecutionStateManagement.uexp" 722
"../../../Engine/Plugins/FX/Niagara/Content/Modules/Emitter/EmitterState.uasset" 723
"../../../Engine/Plugins/FX/Niagara/Content/Modules/Emitter/EmitterState.uexp" 724
"../../../Engine/Plugins/FX/Niagara/Content/Functions/System/SystemChangeState.uasset" 725
"../../../Engine/Plugins/FX/Niagara/Content/Functions/System/SystemChangeState.uexp" 726
"../../../Engine/Plugins/FX/Niagara/Content/Modules/System/SystemState.uasset" 727
"../../../Engine/Plugins/FX/Niagara/Content/Modules/System/SystemState.uexp" 728
"../../../Engine/Plugins/FX/Niagara/Content/Functions/RandomRangeFloat.uasset" 729
"../../../Engine/Plugins/FX/Niagara/Content/Functions/RandomRangeFloat.uexp" 730
"../../../Engine/Plugins/FX/Niagara/Content/Modules/Emitter/SpawnRate.uasset" 731
"../../../Engine/Plugins/FX/Niagara/Content/Modules/Emitter/SpawnRate.uexp" 732
"../../../Engine/Plugins/FX/Niagara/Content/DynamicInputs/Add/Add_Float.uasset" 733
"../../../Engine/Plugins/FX/Niagara/Content/DynamicInputs/Add/Add_Float.uexp" 734
"../../../Engine/Plugins/FX/Niagara/Content/DynamicInputs/TypeConversions/Vector2DFromFloat.uasset" 735
"../../../Engine/Plugins/FX/Niagara/Content/DynamicInputs/TypeConversions/Vector2DFromFloat.uexp" 736
"../../../Engine/Plugins/FX/Niagara/Content/Modules/Update/Lifetime/KillParticles.uasset" 737
"../../../Engine/Plugins/FX/Niagara/Content/Modules/Update/Lifetime/KillParticles.uexp" 738
"../../../Engine/Plugins/FX/Niagara/Content/Modules/Update/Size/ScaleSpriteSize.uasset" 739
"../../../Engine/Plugins/FX/Niagara/Content/Modules/Update/Size/ScaleSpriteSize.uexp" 740
"D:/UnrealProjects/Voidsinger/Content/FX/NS_Stars.uasset" 741
"D:/UnrealProjects/Voidsinger/Content/FX/NS_Stars.uexp" 742
"D:/UnrealProjects/Voidsinger/Content/Ships/BP_BaseEnemyShip.uasset" 743
"D:/UnrealProjects/Voidsinger/Content/Ships/BP_BaseEnemyShip.uexp" 744
"D:/UnrealProjects/Voidsinger/Content/WorldGeneration/StarSystem/E_EnemySpawnMode.uasset" 745
"D:/UnrealProjects/Voidsinger/Content/WorldGeneration/StarSystem/E_EnemySpawnMode.uexp" 746
"D:/UnrealProjects/Voidsinger/Content/WorldGeneration/StarSystem/BP_StarSystem.uasset" 747
"D:/UnrealProjects/Voidsinger/Content/WorldGeneration/StarSystem/BP_StarSystem.uexp" 748
"D:/UnrealProjects/Voidsinger/Content/WorldGeneration/StarSystem/LVL_StarSystem.uexp" 749
"D:/UnrealProjects/Voidsinger/Content/WorldGeneration/StarSystem/LVL_StarSystem.umap" 750
"D:/UnrealProjects/Voidsinger/Content/WorldGeneration/GalaxyMap/LVL_GalaxyMap.uexp" 751
"D:/UnrealProjects/Voidsinger/Content/WorldGeneration/GalaxyMap/LVL_GalaxyMap.umap" 752
"../../../Engine/Content/Maps/Entry_BuiltData.uasset" 753
"../../../Engine/Content/Maps/Entry_BuiltData.uexp" 754
"../../../Engine/Content/Maps/Entry.uexp" 755
"../../../Engine/Content/Maps/Entry.umap" 756
