"/Users/mccarthyz/Documents/GitHub/Voidsinger/Content/Sound/MusicInfo.uasset" 0
"/Users/mccarthyz/Documents/GitHub/Voidsinger/Content/Sound/MusicInfo.uexp" 1
"/Users/mccarthyz/Documents/GitHub/Voidsinger/Content/Sound/MusicDefaults.uasset" 2
"/Users/mccarthyz/Documents/GitHub/Voidsinger/Content/Sound/MusicDefaults.uexp" 3
"/Users/mccarthyz/Documents/GitHub/Voidsinger/Content/Sound/MasterMusicHandler.uasset" 4
"/Users/mccarthyz/Documents/GitHub/Voidsinger/Content/Sound/MasterMusicHandler.uexp" 5
"/Users/mccarthyz/Documents/GitHub/Voidsinger/Content/Sound/MusicHandlerActor.uasset" 6
"/Users/mccarthyz/Documents/GitHub/Voidsinger/Content/Sound/MusicHandlerActor.uexp" 7
"/Users/mccarthyz/Documents/GitHub/Voidsinger/Content/Sound/VoidsongInstrument/W_VoidsongInstrument_D5.uasset" 8
"/Users/mccarthyz/Documents/GitHub/Voidsinger/Content/Sound/VoidsongInstrument/W_VoidsongInstrument_D5.uexp" 9
"/Users/mccarthyz/Documents/GitHub/Voidsinger/Content/Sound/VoidsongInstrument/W_VoidsongInstrument_D5.ubulk" 10
"/Users/mccarthyz/Documents/GitHub/Voidsinger/Content/Sound/VoidsongInstrument/W_VoidsongInstrument_D1.uasset" 11
"/Users/mccarthyz/Documents/GitHub/Voidsinger/Content/Sound/VoidsongInstrument/W_VoidsongInstrument_D1.uexp" 12
"/Users/mccarthyz/Documents/GitHub/Voidsinger/Content/Sound/VoidsongInstrument/W_VoidsongInstrument_D1.ubulk" 13
"/Users/mccarthyz/Documents/GitHub/Voidsinger/Content/Sound/VoidsongInstrument/W_VoidsongInstrument_D3.uasset" 14
"/Users/mccarthyz/Documents/GitHub/Voidsinger/Content/Sound/VoidsongInstrument/W_VoidsongInstrument_D3.uexp" 15
"/Users/mccarthyz/Documents/GitHub/Voidsinger/Content/Sound/VoidsongInstrument/W_VoidsongInstrument_D3.ubulk" 16
"/Users/mccarthyz/Documents/GitHub/Voidsinger/Content/Sound/VoidsongInstrument/W_VoidsongInstrument_D4.uasset" 17
"/Users/mccarthyz/Documents/GitHub/Voidsinger/Content/Sound/VoidsongInstrument/W_VoidsongInstrument_D4.uexp" 18
"/Users/mccarthyz/Documents/GitHub/Voidsinger/Content/Sound/VoidsongInstrument/W_VoidsongInstrument_D4.ubulk" 19
"/Users/mccarthyz/Documents/GitHub/Voidsinger/Content/Sound/VoidsongInstrument/W_VoidsongInstrument_D2.uasset" 20
"/Users/mccarthyz/Documents/GitHub/Voidsinger/Content/Sound/VoidsongInstrument/W_VoidsongInstrument_D2.uexp" 21
"/Users/mccarthyz/Documents/GitHub/Voidsinger/Content/Sound/VoidsongInstrument/W_VoidsongInstrument_D2.ubulk" 22
"/Users/mccarthyz/Documents/GitHub/Voidsinger/Content/Sound/VoidsongInstrument/MS_VoidsongInstrument.uasset" 23
"/Users/mccarthyz/Documents/GitHub/Voidsinger/Content/Sound/VoidsongInstrument/MS_VoidsongInstrument.uexp" 24
"../../../Engine/Content/Maps/Templates/Thumbnails/Default.uasset" 25
"../../../Engine/Content/Maps/Templates/Thumbnails/Default.uexp" 26
"../../../Engine/Content/Maps/Templates/Thumbnails/TimeOfDay.uasset" 27
"../../../Engine/Content/Maps/Templates/Thumbnails/TimeOfDay.uexp" 28
"../../../Engine/Content/Maps/Templates/Thumbnails/VR-Basic.uasset" 29
"../../../Engine/Content/Maps/Templates/Thumbnails/VR-Basic.uexp" 30
"../../../Engine/Content/MobileResources/T_MobileControls_texture.uasset" 31
"../../../Engine/Content/MobileResources/T_MobileControls_texture.uexp" 32
"../../../Engine/Content/MobileResources/T_MobileMenu2.uasset" 33
"../../../Engine/Content/MobileResources/T_MobileMenu2.uexp" 34
"../../../Engine/Content/MobileResources/HUD/MobileHUDDirectionPad3.uasset" 35
"../../../Engine/Content/MobileResources/HUD/MobileHUDDirectionPad3.uexp" 36
"../../../Engine/Content/MobileResources/HUD/MobileHUDButton2_off.uasset" 37
"../../../Engine/Content/MobileResources/HUD/MobileHUDButton2_off.uexp" 38
"../../../Engine/Content/MobileResources/HUD/MobileHUDButton3.uasset" 39
"../../../Engine/Content/MobileResources/HUD/MobileHUDButton3.uexp" 40
"../../../Engine/Content/MobileResources/HUD/T_Castle_ThumbstickInner.uasset" 41
"../../../Engine/Content/MobileResources/HUD/T_Castle_ThumbstickInner.uexp" 42
"../../../Engine/Content/MobileResources/HUD/MobileHUDDirectionStick.uasset" 43
"../../../Engine/Content/MobileResources/HUD/MobileHUDDirectionStick.uexp" 44
"../../../Engine/Content/MobileResources/HUD/VirtualJoystick_Thumb.uasset" 45
"../../../Engine/Content/MobileResources/HUD/VirtualJoystick_Thumb.uexp" 46
"../../../Engine/Content/MobileResources/HUD/VirtualJoystick_Background.uasset" 47
"../../../Engine/Content/MobileResources/HUD/VirtualJoystick_Background.uexp" 48
"../../../Engine/Content/MobileResources/HUD/DefaultVirtualJoysticks.uasset" 49
"../../../Engine/Content/MobileResources/HUD/DefaultVirtualJoysticks.uexp" 50
"../../../Engine/Content/MobileResources/HUD/T_Castle_ThumbstickOutter.uasset" 51
"../../../Engine/Content/MobileResources/HUD/T_Castle_ThumbstickOutter.uexp" 52
"../../../Engine/Content/MobileResources/HUD/MobileHUDButton2_on.uasset" 53
"../../../Engine/Content/MobileResources/HUD/MobileHUDButton2_on.uexp" 54
"../../../Engine/Content/MobileResources/HUD/MobileHUDDirectionPad2.uasset" 55
"../../../Engine/Content/MobileResources/HUD/MobileHUDDirectionPad2.uexp" 56
"../../../Engine/Content/MobileResources/HUD/MobileHUDDirectionPad.uasset" 57
"../../../Engine/Content/MobileResources/HUD/MobileHUDDirectionPad.uexp" 58
"../../../Engine/Content/MobileResources/HUD/AnalogHat.uasset" 59
"../../../Engine/Content/MobileResources/HUD/AnalogHat.uexp" 60
"../../../Engine/Content/MobileResources/HUD/MobileHUDButton1_on.uasset" 61
"../../../Engine/Content/MobileResources/HUD/MobileHUDButton1_on.uexp" 62
"../../../Engine/Content/MobileResources/HUD/MobileHUDButtonFire.uasset" 63
"../../../Engine/Content/MobileResources/HUD/MobileHUDButtonFire.uexp" 64
"../../../Engine/Content/MobileResources/HUD/LeftVirtualJoystickOnly.uasset" 65
"../../../Engine/Content/MobileResources/HUD/LeftVirtualJoystickOnly.uexp" 66
"../../../Engine/Content/MobileResources/HUD/MobileHUDButton1_off.uasset" 67
"../../../Engine/Content/MobileResources/HUD/MobileHUDButton1_off.uexp" 68
"../../../Engine/Content/Tutorial/ContentIntroCurve.uasset" 69
"../../../Engine/Content/Tutorial/ContentIntroCurve.uexp" 70
"../../../Engine/Content/Tutorial/BlueprintTutorials/TutorialAssets/Blueprint_64x.uasset" 71
"../../../Engine/Content/Tutorial/BlueprintTutorials/TutorialAssets/Blueprint_64x.uexp" 72
"../../../Engine/Content/EngineResources/DefaultTextureCube.uasset" 73
"../../../Engine/Content/EngineResources/DefaultTextureCube.uexp" 74
"../../../Engine/Content/EngineResources/Black.uasset" 75
"../../../Engine/Content/EngineResources/Black.uexp" 76
"../../../Engine/Content/EngineResources/DefaultVolumeTexture2D.uasset" 77
"../../../Engine/Content/EngineResources/DefaultVolumeTexture2D.uexp" 78
"../../../Engine/Content/EngineResources/DefaultVolumeTexture.uasset" 79
"../../../Engine/Content/EngineResources/DefaultVolumeTexture.uexp" 80
"../../../Engine/Content/EngineResources/GradientTexture0.uasset" 81
"../../../Engine/Content/EngineResources/GradientTexture0.uexp" 82
"../../../Engine/Content/EditorLandscapeResources/DataLayer.uasset" 83
"../../../Engine/Content/EditorLandscapeResources/DataLayer.uexp" 84
"../../../Engine/Content/EditorLandscapeResources/DefaultAlphaTexture.uasset" 85
"../../../Engine/Content/EditorLandscapeResources/DefaultAlphaTexture.uexp" 86
"../../../Engine/Content/EditorMaterials/Camera/CineMat.uasset" 87
"../../../Engine/Content/EditorMaterials/Camera/CineMat.uexp" 88
"../../../Engine/Content/EditorMaterials/Camera/MI_CineMat_Rig.uasset" 89
"../../../Engine/Content/EditorMaterials/Camera/MI_CineMat_Rig.uexp" 90
"../../../Engine/Content/EditorMeshes/Camera/SM_CraneRig_Body.uasset" 91
"../../../Engine/Content/EditorMeshes/Camera/SM_CraneRig_Body.uexp" 92
"../../../Engine/Content/EditorMeshes/Camera/SM_CraneRig_Body.ubulk" 93
"../../../Engine/Content/EditorMeshes/Camera/SM_RailRig_Mount.uasset" 94
"../../../Engine/Content/EditorMeshes/Camera/SM_RailRig_Mount.uexp" 95
"../../../Engine/Content/EditorMeshes/Camera/SM_RailRig_Mount.ubulk" 96
"../../../Engine/Content/EditorMeshes/Camera/SM_CraneRig_Base.uasset" 97
"../../../Engine/Content/EditorMeshes/Camera/SM_CraneRig_Base.uexp" 98
"../../../Engine/Content/EditorMeshes/Camera/SM_CraneRig_Base.ubulk" 99
"../../../Engine/Content/EditorMeshes/Camera/SM_CraneRig_Mount.uasset" 100
"../../../Engine/Content/EditorMeshes/Camera/SM_CraneRig_Mount.uexp" 101
"../../../Engine/Content/EditorMeshes/Camera/SM_CraneRig_Mount.ubulk" 102
"../../../Engine/Content/EditorMeshes/Camera/SM_CraneRig_Arm.uasset" 103
"../../../Engine/Content/EditorMeshes/Camera/SM_CraneRig_Arm.uexp" 104
"../../../Engine/Content/EditorMeshes/Camera/SM_CraneRig_Arm.ubulk" 105
"../../../Engine/Content/EditorMeshes/Camera/SM_RailRig_Track.uasset" 106
"../../../Engine/Content/EditorMeshes/Camera/SM_RailRig_Track.uexp" 107
"../../../Engine/Content/EditorMeshes/Camera/SM_RailRig_Track.ubulk" 108
"../../../Engine/Content/EngineFonts/Faces/DroidSansFallback.uasset" 109
"../../../Engine/Content/EngineFonts/Faces/DroidSansFallback.uexp" 110
"../../../Engine/Content/EngineFonts/Faces/DroidSansFallback.ufont" 111
"../../../Engine/Content/EngineFonts/Faces/RobotoBold.uasset" 112
"../../../Engine/Content/EngineFonts/Faces/RobotoBold.uexp" 113
"../../../Engine/Content/EngineFonts/Faces/RobotoBold.ufont" 114
"../../../Engine/Content/EngineFonts/Faces/RobotoBoldItalic.uasset" 115
"../../../Engine/Content/EngineFonts/Faces/RobotoBoldItalic.uexp" 116
"../../../Engine/Content/EngineFonts/Faces/RobotoBoldItalic.ufont" 117
"../../../Engine/Content/EngineFonts/Faces/RobotoItalic.uasset" 118
"../../../Engine/Content/EngineFonts/Faces/RobotoItalic.uexp" 119
"../../../Engine/Content/EngineFonts/Faces/RobotoItalic.ufont" 120
"../../../Engine/Content/EngineFonts/Faces/RobotoLight.uasset" 121
"../../../Engine/Content/EngineFonts/Faces/RobotoLight.uexp" 122
"../../../Engine/Content/EngineFonts/Faces/RobotoLight.ufont" 123
"../../../Engine/Content/EngineFonts/Faces/RobotoRegular.uasset" 124
"../../../Engine/Content/EngineFonts/Faces/RobotoRegular.uexp" 125
"../../../Engine/Content/EngineFonts/Faces/RobotoRegular.ufont" 126
"../../../Engine/Content/EngineFonts/Roboto.uasset" 127
"../../../Engine/Content/EngineFonts/Roboto.uexp" 128
"../../../Engine/Content/EngineDamageTypes/DmgTypeBP_Environmental.uasset" 129
"../../../Engine/Content/EngineDamageTypes/DmgTypeBP_Environmental.uexp" 130
"../../../Engine/Content/Functions/Engine_MaterialFunctions01/Opacity/CameraDepthFade.uasset" 131
"../../../Engine/Content/Functions/Engine_MaterialFunctions01/Opacity/CameraDepthFade.uexp" 132
"../../../Engine/Content/EngineMaterials/T_Default_Material_Grid_M.uasset" 133
"../../../Engine/Content/EngineMaterials/T_Default_Material_Grid_M.uexp" 134
"../../../Engine/Content/EngineMaterials/T_Default_Material_Grid_M.ubulk" 135
"../../../Engine/Content/EngineMaterials/T_Default_Material_Grid_N.uasset" 136
"../../../Engine/Content/EngineMaterials/T_Default_Material_Grid_N.uexp" 137
"../../../Engine/Content/EngineMaterials/T_Default_Material_Grid_N.ubulk" 138
"../../../Engine/Content/EngineMaterials/WorldGridMaterial.uasset" 139
"../../../Engine/Content/EngineMaterials/WorldGridMaterial.uexp" 140
"../../../Engine/Content/ArtTools/RenderToTexture/Meshes/S_1_Unit_Plane.uasset" 141
"../../../Engine/Content/ArtTools/RenderToTexture/Meshes/S_1_Unit_Plane.uexp" 142
"../../../Engine/Content/ArtTools/RenderToTexture/Meshes/S_1_Unit_Plane.ubulk" 143
"../../../Engine/Content/EngineResources/WhiteSquareTexture.uasset" 144
"../../../Engine/Content/EngineResources/WhiteSquareTexture.uexp" 145
"../../../Engine/Content/EngineMaterials/Widget3DPassThrough.uasset" 146
"../../../Engine/Content/EngineMaterials/Widget3DPassThrough.uexp" 147
"../../../Engine/Content/EngineMaterials/Widget3DPassThrough_Masked.uasset" 148
"../../../Engine/Content/EngineMaterials/Widget3DPassThrough_Masked.uexp" 149
"../../../Engine/Content/EngineMaterials/WeightMapPlaceholderTexture.uasset" 150
"../../../Engine/Content/EngineMaterials/WeightMapPlaceholderTexture.uexp" 151
"../../../Engine/Content/EngineMaterials/Widget3DPassThrough_Translucent.uasset" 152
"../../../Engine/Content/EngineMaterials/Widget3DPassThrough_Translucent.uexp" 153
"../../../Engine/Content/EngineMaterials/Widget3DPassThrough_Translucent_OneSided.uasset" 154
"../../../Engine/Content/EngineMaterials/Widget3DPassThrough_Translucent_OneSided.uexp" 155
"../../../Engine/Content/Functions/Engine_MaterialFunctions02/WorldPositionOffset/CameraOffset.uasset" 156
"../../../Engine/Content/Functions/Engine_MaterialFunctions02/WorldPositionOffset/CameraOffset.uexp" 157
"../../../Engine/Content/EngineMaterials/PhAT_JointLimitMaterial.uasset" 158
"../../../Engine/Content/EngineMaterials/PhAT_JointLimitMaterial.uexp" 159
"../../../Engine/Content/EngineMaterials/GizmoMaterial.uasset" 160
"../../../Engine/Content/EngineMaterials/GizmoMaterial.uexp" 161
"../../../Engine/Content/EngineMaterials/BaseFlattenDiffuseMap_VT.uasset" 162
"../../../Engine/Content/EngineMaterials/BaseFlattenDiffuseMap_VT.uexp" 163
"../../../Engine/Content/EngineMaterials/BaseFlattenEmissiveMap_VT.uasset" 164
"../../../Engine/Content/EngineMaterials/BaseFlattenEmissiveMap_VT.uexp" 165
"../../../Engine/Content/EngineMaterials/BaseFlattenGrayscaleMap_VT.uasset" 166
"../../../Engine/Content/EngineMaterials/BaseFlattenGrayscaleMap_VT.uexp" 167
"../../../Engine/Content/EngineMaterials/BaseFlattenNormalMap_VT.uasset" 168
"../../../Engine/Content/EngineMaterials/BaseFlattenNormalMap_VT.uexp" 169
"../../../Engine/Content/EngineMaterials/BaseFlattenMaterial_VT.uasset" 170
"../../../Engine/Content/EngineMaterials/BaseFlattenMaterial_VT.uexp" 171
"../../../Engine/Content/EngineMaterials/BlueNoise.uasset" 172
"../../../Engine/Content/EngineMaterials/BlueNoise.uexp" 173
"../../../Engine/Content/EngineMaterials/DefaultWhiteGrid_Low.uasset" 174
"../../../Engine/Content/EngineMaterials/DefaultWhiteGrid_Low.uexp" 175
"../../../Engine/Content/EngineMaterials/EmissiveMeshMaterial.uasset" 176
"../../../Engine/Content/EngineMaterials/EmissiveMeshMaterial.uexp" 177
"../../../Engine/Content/EngineMaterials/Widget3DPassThrough_Opaque.uasset" 178
"../../../Engine/Content/EngineMaterials/Widget3DPassThrough_Opaque.uexp" 179
"../../../Engine/Content/EngineMaterials/Widget3DPassThrough_Masked_OneSided.uasset" 180
"../../../Engine/Content/EngineMaterials/Widget3DPassThrough_Masked_OneSided.uexp" 181
"../../../Engine/Content/EngineMaterials/Good64x64TilingNoiseHighFreq.uasset" 182
"../../../Engine/Content/EngineMaterials/Good64x64TilingNoiseHighFreq.uexp" 183
"../../../Engine/Content/EngineMaterials/DefaultBloomKernel.uasset" 184
"../../../Engine/Content/EngineMaterials/DefaultBloomKernel.uexp" 185
"../../../Engine/Content/EngineMaterials/RemoveSurfaceMaterial.uasset" 186
"../../../Engine/Content/EngineMaterials/RemoveSurfaceMaterial.uexp" 187
"../../../Engine/Content/EngineMaterials/DefaultDiffuse.uasset" 188
"../../../Engine/Content/EngineMaterials/DefaultDiffuse.uexp" 189
"../../../Engine/Content/EngineMaterials/DefaultDiffuse.ubulk" 190
"../../../Engine/Content/EngineMaterials/DefaultDeferredDecalMaterial.uasset" 191
"../../../Engine/Content/EngineMaterials/DefaultDeferredDecalMaterial.uexp" 192
"../../../Engine/Content/Functions/Engine_MaterialFunctions02/Utility/BreakOutFloat2Components.uasset" 193
"../../../Engine/Content/Functions/Engine_MaterialFunctions02/Utility/BreakOutFloat2Components.uexp" 194
"../../../Engine/Content/EngineMaterials/DefaultPostProcessMaterial.uasset" 195
"../../../Engine/Content/EngineMaterials/DefaultPostProcessMaterial.uexp" 196
"../../../Engine/Content/EngineMaterials/DefaultPhysicalMaterial.uasset" 197
"../../../Engine/Content/EngineMaterials/DefaultPhysicalMaterial.uexp" 198
"../../../Engine/Content/EngineMaterials/BaseFlattenGrayscaleMap.uasset" 199
"../../../Engine/Content/EngineMaterials/BaseFlattenGrayscaleMap.uexp" 200
"../../../Engine/Content/EngineMaterials/BaseFlattenEmissiveMap.uasset" 201
"../../../Engine/Content/EngineMaterials/BaseFlattenEmissiveMap.uexp" 202
"../../../Engine/Content/EngineMaterials/BaseFlattenNormalMap.uasset" 203
"../../../Engine/Content/EngineMaterials/BaseFlattenNormalMap.uexp" 204
"../../../Engine/Content/EngineMaterials/BaseFlattenDiffuseMap.uasset" 205
"../../../Engine/Content/EngineMaterials/BaseFlattenDiffuseMap.uexp" 206
"../../../Engine/Content/EngineMaterials/BaseFlattenMaterial.uasset" 207
"../../../Engine/Content/EngineMaterials/BaseFlattenMaterial.uexp" 208
"../../../Engine/Content/EngineMaterials/InvalidLightmapSettings.uasset" 209
"../../../Engine/Content/EngineMaterials/InvalidLightmapSettings.uexp" 210
"../../../Engine/Content/EngineMaterials/InvalidLightmapSettings.ubulk" 211
"../../../Engine/Content/EngineMaterials/M_InvalidLightmapSettings.uasset" 212
"../../../Engine/Content/EngineMaterials/M_InvalidLightmapSettings.uexp" 213
"../../../Engine/Content/EngineFonts/RobotoDistanceField.uasset" 214
"../../../Engine/Content/EngineFonts/RobotoDistanceField.uexp" 215
"../../../Engine/Content/EngineMaterials/DefaultTextMaterialOpaque.uasset" 216
"../../../Engine/Content/EngineMaterials/DefaultTextMaterialOpaque.uexp" 217
"../../../Engine/Content/EngineMaterials/PreintegratedSkinBRDF.uasset" 218
"../../../Engine/Content/EngineMaterials/PreintegratedSkinBRDF.uexp" 219
"../../../Engine/Content/EngineMaterials/Widget3DPassThrough_Opaque_OneSided.uasset" 220
"../../../Engine/Content/EngineMaterials/Widget3DPassThrough_Opaque_OneSided.uexp" 221
"../../../Engine/Content/EngineMaterials/DefaultBokeh.uasset" 222
"../../../Engine/Content/EngineMaterials/DefaultBokeh.uexp" 223
"../../../Engine/Content/EngineMaterials/DefaultLightFunctionMaterial.uasset" 224
"../../../Engine/Content/EngineMaterials/DefaultLightFunctionMaterial.uexp" 225
"../../../Engine/Content/EngineMaterials/MiniFont.uasset" 226
"../../../Engine/Content/EngineMaterials/MiniFont.uexp" 227
"../../../Engine/Content/EngineMaterials/DefaultWhiteGrid.uasset" 228
"../../../Engine/Content/EngineMaterials/DefaultWhiteGrid.uexp" 229
"../../../Engine/Content/EngineMaterials/DefaultWhiteGrid.ubulk" 230
"../../../Engine/Content/EngineDebugMaterials/DebugEditorMaterial.uasset" 231
"../../../Engine/Content/EngineDebugMaterials/DebugEditorMaterial.uexp" 232
"../../../Engine/Content/Functions/Engine_MaterialFunctions01/Shading/ConvertFromDiffSpec.uasset" 233
"../../../Engine/Content/Functions/Engine_MaterialFunctions01/Shading/ConvertFromDiffSpec.uexp" 234
"../../../Engine/Content/EngineDebugMaterials/VertexColorMaterial.uasset" 235
"../../../Engine/Content/EngineDebugMaterials/VertexColorMaterial.uexp" 236
"../../../Engine/Content/EngineDebugMaterials/WireframeMaterial.uasset" 237
"../../../Engine/Content/EngineDebugMaterials/WireframeMaterial.uexp" 238
"../../../Engine/Content/Functions/Engine_MaterialFunctions02/Utility/CameraDirectionVector.uasset" 239
"../../../Engine/Content/Functions/Engine_MaterialFunctions02/Utility/CameraDirectionVector.uexp" 240
"../../../Engine/Content/EngineDebugMaterials/VolumeToRender.uasset" 241
"../../../Engine/Content/EngineDebugMaterials/VolumeToRender.uexp" 242
"../../../Engine/Content/EngineDebugMaterials/M_VolumeRenderSphereTracePP.uasset" 243
"../../../Engine/Content/EngineDebugMaterials/M_VolumeRenderSphereTracePP.uexp" 244
"../../../Engine/Content/EngineDebugMaterials/M_SimpleUnlitTranslucent.uasset" 245
"../../../Engine/Content/EngineDebugMaterials/M_SimpleUnlitTranslucent.uexp" 246
"../../../Engine/Content/EngineDebugMaterials/DebugMeshMaterial.uasset" 247
"../../../Engine/Content/EngineDebugMaterials/DebugMeshMaterial.uexp" 248
"../../../Engine/Content/EditorResources/S_TriggerSphere.uasset" 249
"../../../Engine/Content/EditorResources/S_TriggerSphere.uexp" 250
"../../../Engine/Content/EditorResources/S_TriggerBox.uasset" 251
"../../../Engine/Content/EditorResources/S_TriggerBox.uexp" 252
"../../../Engine/Content/EditorResources/S_BoxReflectionCapture.uasset" 253
"../../../Engine/Content/EditorResources/S_BoxReflectionCapture.uexp" 254
"../../../Engine/Content/EditorResources/S_Note.uasset" 255
"../../../Engine/Content/EditorResources/S_Note.uexp" 256
"../../../Engine/Content/EditorResources/S_TriggerCapsule.uasset" 257
"../../../Engine/Content/EditorResources/S_TriggerCapsule.uexp" 258
"../../../Engine/Content/EditorResources/S_Solver.uasset" 259
"../../../Engine/Content/EditorResources/S_Solver.uexp" 260
"../../../Engine/Content/EditorResources/S_Solver.ubulk" 261
"../../../Engine/Content/EditorResources/S_Terrain.uasset" 262
"../../../Engine/Content/EditorResources/S_Terrain.uexp" 263
"../../../Engine/Content/EditorResources/S_Terrain.ubulk" 264
"../../../Engine/Content/EditorResources/S_Trigger.uasset" 265
"../../../Engine/Content/EditorResources/S_Trigger.uexp" 266
"../../../Engine/Content/EditorResources/S_Trigger.ubulk" 267
"../../../Engine/Content/EditorResources/S_Actor.uasset" 268
"../../../Engine/Content/EditorResources/S_Actor.uexp" 269
"../../../Engine/Content/EditorResources/S_Actor.ubulk" 270
"../../../Engine/Content/EditorResources/BSPVertex.uasset" 271
"../../../Engine/Content/EditorResources/BSPVertex.uexp" 272
"../../../Engine/Content/EditorResources/SequenceRecorder/Countdown.uasset" 273
"../../../Engine/Content/EditorResources/SequenceRecorder/Countdown.uexp" 274
"../../../Engine/Content/EditorResources/SequenceRecorder/RecordingIndicator.uasset" 275
"../../../Engine/Content/EditorResources/SequenceRecorder/RecordingIndicator.uexp" 276
"../../../Engine/Content/EngineMaterials/DefaultMaterial.uasset" 277
"../../../Engine/Content/EngineMaterials/DefaultMaterial.uexp" 278
"../../../Engine/Content/BasicShapes/Cone.uasset" 279
"../../../Engine/Content/BasicShapes/Cone.uexp" 280
"../../../Engine/Content/BasicShapes/Cone.ubulk" 281
"../../../Engine/Content/BasicShapes/Plane.uasset" 282
"../../../Engine/Content/BasicShapes/Plane.uexp" 283
"../../../Engine/Content/BasicShapes/Plane.ubulk" 284
"../../../Engine/Content/BasicShapes/Sphere.uasset" 285
"../../../Engine/Content/BasicShapes/Sphere.uexp" 286
"../../../Engine/Content/BasicShapes/Sphere.ubulk" 287
"../../../Engine/Content/Functions/Engine_MaterialFunctions01/Shading/PowerToRoughness.uasset" 288
"../../../Engine/Content/Functions/Engine_MaterialFunctions01/Shading/PowerToRoughness.uexp" 289
"../../../Engine/Content/EditorMaterials/PreviewShadowIndicator.uasset" 290
"../../../Engine/Content/EditorMaterials/PreviewShadowIndicator.uexp" 291
"../../../Engine/Content/EditorMaterials/PreviewShadowIndicator.ubulk" 292
"../../../Engine/Content/EditorMaterials/PreviewShadowIndicatorMaterial.uasset" 293
"../../../Engine/Content/EditorMaterials/PreviewShadowIndicatorMaterial.uexp" 294
"../../../Engine/Content/EditorMaterials/MAT_Groups_Toggle.uasset" 295
"../../../Engine/Content/EditorMaterials/MAT_Groups_Toggle.uexp" 296
"../../../Engine/Content/EditorMaterials/MAT_Groups_Visibility.uasset" 297
"../../../Engine/Content/EditorMaterials/MAT_Groups_Visibility.uexp" 298
"../../../Engine/Content/EditorMaterials/ParticleSystems/PSysThumbnail_NoImage.uasset" 299
"../../../Engine/Content/EditorMaterials/ParticleSystems/PSysThumbnail_NoImage.uexp" 300
"../../../Engine/Content/EditorMaterials/ParticleSystems/PSysThumbnail_NoImage.ubulk" 301
"../../../Engine/Content/EditorMaterials/ParticleSystems/PSysThumbnail_OOD.uasset" 302
"../../../Engine/Content/EditorMaterials/ParticleSystems/PSysThumbnail_OOD.uexp" 303
"../../../Engine/Content/EditorMaterials/ParticleSystems/PSysThumbnail_OOD.ubulk" 304
"../../../Engine/Content/EditorMaterials/MatineeGroups/MAT_Groups_Vector.uasset" 305
"../../../Engine/Content/EditorMaterials/MatineeGroups/MAT_Groups_Vector.uexp" 306
"../../../Engine/Content/EditorMaterials/MatineeGroups/MAT_ColorTrack.uasset" 307
"../../../Engine/Content/EditorMaterials/MatineeGroups/MAT_ColorTrack.uexp" 308
"../../../Engine/Content/EditorMaterials/MatineeGroups/MAT_Groups_AudioMaster.uasset" 309
"../../../Engine/Content/EditorMaterials/MatineeGroups/MAT_Groups_AudioMaster.uexp" 310
"../../../Engine/Content/EditorMaterials/MatineeGroups/MAT_Groups_Sound.uasset" 311
"../../../Engine/Content/EditorMaterials/MatineeGroups/MAT_Groups_Sound.uexp" 312
"../../../Engine/Content/EditorMaterials/MatineeGroups/MAT_Groups_Float.uasset" 313
"../../../Engine/Content/EditorMaterials/MatineeGroups/MAT_Groups_Float.uexp" 314
"../../../Engine/Content/EditorMaterials/MatineeGroups/MAT_Groups_Director.uasset" 315
"../../../Engine/Content/EditorMaterials/MatineeGroups/MAT_Groups_Director.uexp" 316
"../../../Engine/Content/EditorMaterials/MatineeGroups/MAT_Groups_Move.uasset" 317
"../../../Engine/Content/EditorMaterials/MatineeGroups/MAT_Groups_Move.uexp" 318
"../../../Engine/Content/EditorMaterials/MatineeGroups/MAT_Groups_Event.uasset" 319
"../../../Engine/Content/EditorMaterials/MatineeGroups/MAT_Groups_Event.uexp" 320
"../../../Engine/Content/EditorMaterials/MatineeGroups/MAT_Groups_Fade.uasset" 321
"../../../Engine/Content/EditorMaterials/MatineeGroups/MAT_Groups_Fade.uexp" 322
"../../../Engine/Content/EditorMaterials/MatineeGroups/MAT_Groups_Anim.uasset" 323
"../../../Engine/Content/EditorMaterials/MatineeGroups/MAT_Groups_Anim.uexp" 324
"../../../Engine/Content/EditorMaterials/MatineeGroups/MAT_Groups_Slomo.uasset" 325
"../../../Engine/Content/EditorMaterials/MatineeGroups/MAT_Groups_Slomo.uexp" 326
"../../../Engine/Content/Functions/Engine_MaterialFunctions02/Utility/MakeFloat3.uasset" 327
"../../../Engine/Content/Functions/Engine_MaterialFunctions02/Utility/MakeFloat3.uexp" 328
"../../../Engine/Content/Functions/Engine_MaterialFunctions02/Utility/BreakOutFloat3Components.uasset" 329
"../../../Engine/Content/Functions/Engine_MaterialFunctions02/Utility/BreakOutFloat3Components.uexp" 330
"../../../Engine/Content/Functions/Engine_MaterialFunctions02/Utility/MakeFloat4.uasset" 331
"../../../Engine/Content/Functions/Engine_MaterialFunctions02/Utility/MakeFloat4.uexp" 332
"../../../Engine/Content/EditorMaterials/WorldPartition/WorldPartitionSpatialHashGridPreviewMaterial.uasset" 333
"../../../Engine/Content/EditorMaterials/WorldPartition/WorldPartitionSpatialHashGridPreviewMaterial.uexp" 334
"../../../Engine/Content/EngineSounds/Master.uasset" 335
"../../../Engine/Content/EngineSounds/Master.uexp" 336
"../../../Engine/Content/EngineMeshes/Sphere.uasset" 337
"../../../Engine/Content/EngineMeshes/Sphere.uexp" 338
"../../../Engine/Content/EngineMeshes/Sphere.ubulk" 339
"../../../Engine/Content/EngineSky/VolumetricClouds/CloudWeatherTexture.uasset" 340
"../../../Engine/Content/EngineSky/VolumetricClouds/CloudWeatherTexture.uexp" 341
"../../../Engine/Content/EngineSky/VolumetricClouds/T_NoiseShape64.uasset" 342
"../../../Engine/Content/EngineSky/VolumetricClouds/T_NoiseShape64.uexp" 343
"../../../Engine/Content/EngineSky/VolumetricClouds/T_NoiseShape64.ubulk" 344
"../../../Engine/Content/EngineSky/VolumetricClouds/T_VolumeNoiseShape64.uasset" 345
"../../../Engine/Content/EngineSky/VolumetricClouds/T_VolumeNoiseShape64.uexp" 346
"../../../Engine/Content/EngineSky/VolumetricClouds/T_NoiseErosion.uasset" 347
"../../../Engine/Content/EngineSky/VolumetricClouds/T_NoiseErosion.uexp" 348
"../../../Engine/Content/EngineSky/VolumetricClouds/T_NoiseErosion.ubulk" 349
"../../../Engine/Content/EngineSky/VolumetricClouds/T_VolumeNoiseErosion32.uasset" 350
"../../../Engine/Content/EngineSky/VolumetricClouds/T_VolumeNoiseErosion32.uexp" 351
"../../../Engine/Content/EngineSky/VolumetricClouds/CloudGradientTexture.uasset" 352
"../../../Engine/Content/EngineSky/VolumetricClouds/CloudGradientTexture.uexp" 353
"../../../Engine/Content/Functions/Engine_MaterialFunctions02/Utility/MakeFloat2.uasset" 354
"../../../Engine/Content/Functions/Engine_MaterialFunctions02/Utility/MakeFloat2.uexp" 355
"../../../Engine/Content/EngineSky/VolumetricClouds/m_SimpleVolumetricCloud.uasset" 356
"../../../Engine/Content/EngineSky/VolumetricClouds/m_SimpleVolumetricCloud.uexp" 357
"../../../Engine/Content/EngineSky/VolumetricClouds/m_SimpleVolumetricCloud_Inst.uasset" 358
"../../../Engine/Content/EngineSky/VolumetricClouds/m_SimpleVolumetricCloud_Inst.uexp" 359
"../../../Engine/Content/VREditor/TransformGizmo/TranslucentTransformGizmoMaterial.uasset" 360
"../../../Engine/Content/VREditor/TransformGizmo/TranslucentTransformGizmoMaterial.uexp" 361
"../../../Engine/Content/VREditor/LaserPointer/VR_LaserPower_01.uasset" 362
"../../../Engine/Content/VREditor/LaserPointer/VR_LaserPower_01.uexp" 363
"../../../Engine/Content/VREditor/LaserPointer/VR_LaserPower_01.ubulk" 364
"../../../Engine/Content/VREditor/TransformGizmo/TransformGizmoMaterial.uasset" 365
"../../../Engine/Content/VREditor/TransformGizmo/TransformGizmoMaterial.uexp" 366
"../../../Engine/Content/VREditor/TransformGizmo/PlaneTranslationHandle.uasset" 367
"../../../Engine/Content/VREditor/TransformGizmo/PlaneTranslationHandle.uexp" 368
"../../../Engine/Content/VREditor/TransformGizmo/PlaneTranslationHandle.ubulk" 369
"../../../Engine/Content/VREditor/TransformGizmo/Xray.uasset" 370
"../../../Engine/Content/VREditor/TransformGizmo/Xray.uexp" 371
"../../../Engine/Content/VREditor/TransformGizmo/Main.uasset" 372
"../../../Engine/Content/VREditor/TransformGizmo/Main.uexp" 373
"../../../Engine/Content/VREditor/TransformGizmo/SM_Sequencer_Key.uasset" 374
"../../../Engine/Content/VREditor/TransformGizmo/SM_Sequencer_Key.uexp" 375
"../../../Engine/Content/VREditor/TransformGizmo/SM_Sequencer_Key.ubulk" 376
"../../../Engine/Content/VREditor/TransformGizmo/BoundingBoxCorner.uasset" 377
"../../../Engine/Content/VREditor/TransformGizmo/BoundingBoxCorner.uexp" 378
"../../../Engine/Content/VREditor/TransformGizmo/BoundingBoxCorner.ubulk" 379
"../../../Engine/Content/VREditor/TransformGizmo/SM_Sequencer_Node.uasset" 380
"../../../Engine/Content/VREditor/TransformGizmo/SM_Sequencer_Node.uexp" 381
"../../../Engine/Content/VREditor/TransformGizmo/SM_Sequencer_Node.ubulk" 382
"../../../Engine/Content/VREditor/TransformGizmo/BoundingBoxEdge.uasset" 383
"../../../Engine/Content/VREditor/TransformGizmo/BoundingBoxEdge.uexp" 384
"../../../Engine/Content/VREditor/TransformGizmo/BoundingBoxEdge.ubulk" 385
"../../../Engine/Content/ArtTools/RenderToTexture/Materials/Debug/M_Emissive_Color.uasset" 386
"../../../Engine/Content/ArtTools/RenderToTexture/Materials/Debug/M_Emissive_Color.uexp" 387
"../../../Engine/Content/BasicShapes/Cylinder.uasset" 388
"../../../Engine/Content/BasicShapes/Cylinder.uexp" 389
"../../../Engine/Content/BasicShapes/Cylinder.ubulk" 390
"../../../Engine/Plugins/Lumin/MagicLeapPassableWorld/Content/MagicLeapARPinInfoActor.uasset" 391
"../../../Engine/Plugins/Lumin/MagicLeapPassableWorld/Content/MagicLeapARPinInfoActor.uexp" 392
"../../../Engine/Plugins/Runtime/HairStrands/Content/Materials/HairMeshesDefaultMaterial.uasset" 393
"../../../Engine/Plugins/Runtime/HairStrands/Content/Materials/HairMeshesDefaultMaterial.uexp" 394
"../../../Engine/Plugins/Runtime/HairStrands/Content/Materials/HairDefaultMaterial.uasset" 395
"../../../Engine/Plugins/Runtime/HairStrands/Content/Materials/HairDefaultMaterial.uexp" 396
"../../../Engine/Content/EngineMaterials/HairDebugColor.uasset" 397
"../../../Engine/Content/EngineMaterials/HairDebugColor.uexp" 398
"../../../Engine/Content/EngineMaterials/HairColorMap.uasset" 399
"../../../Engine/Content/EngineMaterials/HairColorMap.uexp" 400
"../../../Engine/Plugins/Runtime/HairStrands/Content/Materials/HairDebugMaterial.uasset" 401
"../../../Engine/Plugins/Runtime/HairStrands/Content/Materials/HairDebugMaterial.uexp" 402
"../../../Engine/Plugins/Runtime/HairStrands/Content/Materials/HairCardsDefaultMaterial.uasset" 403
"../../../Engine/Plugins/Runtime/HairStrands/Content/Materials/HairCardsDefaultMaterial.uexp" 404
"../../../Engine/Plugins/2D/Paper2D/Content/PlaceholderTextures/DummySpriteTexture.uasset" 405
"../../../Engine/Plugins/2D/Paper2D/Content/PlaceholderTextures/DummySpriteTexture.uexp" 406
"../../../Engine/Plugins/2D/Paper2D/Content/PlaceholderTextures/DummySpriteTexture.ubulk" 407
"../../../Engine/Plugins/2D/Paper2D/Content/DefaultSpriteMaterial.uasset" 408
"../../../Engine/Plugins/2D/Paper2D/Content/DefaultSpriteMaterial.uexp" 409
"../../../Engine/Plugins/2D/Paper2D/Content/OpaqueUnlitSpriteMaterial.uasset" 410
"../../../Engine/Plugins/2D/Paper2D/Content/OpaqueUnlitSpriteMaterial.uexp" 411
"../../../Engine/Plugins/2D/Paper2D/Content/DummySprite.uasset" 412
"../../../Engine/Plugins/2D/Paper2D/Content/DummySprite.uexp" 413
"../../../Engine/Plugins/2D/Paper2D/Content/DefaultPaperTerrainMaterial.uasset" 414
"../../../Engine/Plugins/2D/Paper2D/Content/DefaultPaperTerrainMaterial.uexp" 415
"../../../Engine/Plugins/2D/Paper2D/Content/MaskedUnlitSpriteMaterial.uasset" 416
"../../../Engine/Plugins/2D/Paper2D/Content/MaskedUnlitSpriteMaterial.uexp" 417
"../../../Engine/Content/EngineResources/DefaultTexture.uasset" 418
"../../../Engine/Content/EngineResources/DefaultTexture.uexp" 419
"../../../Engine/Content/EngineResources/DefaultTexture.ubulk" 420
"../../../Engine/Content/Functions/Engine_MaterialFunctions02/ObjectLocalBounds.uasset" 421
"../../../Engine/Content/Functions/Engine_MaterialFunctions02/ObjectLocalBounds.uexp" 422
"../../../Engine/Plugins/Editor/SpeedTreeImporter/Content/SpeedTree9/UnpackInteger3.uasset" 423
"../../../Engine/Plugins/Editor/SpeedTreeImporter/Content/SpeedTree9/UnpackInteger3.uexp" 424
"../../../Engine/Plugins/Editor/SpeedTreeImporter/Content/SpeedTree9/SpeedTreeBillboard.uasset" 425
"../../../Engine/Plugins/Editor/SpeedTreeImporter/Content/SpeedTree9/SpeedTreeBillboard.uexp" 426
"../../../Engine/Plugins/Editor/SpeedTreeImporter/Content/SpeedTree9/UnpackDirection.uasset" 427
"../../../Engine/Plugins/Editor/SpeedTreeImporter/Content/SpeedTree9/UnpackDirection.uexp" 428
"../../../Engine/Plugins/Editor/SpeedTreeImporter/Content/SpeedTree9/game_wind_noise.uasset" 429
"../../../Engine/Plugins/Editor/SpeedTreeImporter/Content/SpeedTree9/game_wind_noise.uexp" 430
"../../../Engine/Plugins/Editor/SpeedTreeImporter/Content/SpeedTree9/game_wind_noise.ubulk" 431
"../../../Engine/Content/Functions/Engine_MaterialFunctions02/SafeNormalize.uasset" 432
"../../../Engine/Content/Functions/Engine_MaterialFunctions02/SafeNormalize.uexp" 433
"../../../Engine/Plugins/Editor/SpeedTreeImporter/Content/SpeedTree9/SpeedTreeWindMotion.uasset" 434
"../../../Engine/Plugins/Editor/SpeedTreeImporter/Content/SpeedTree9/SpeedTreeWindMotion.uexp" 435
"../../../Engine/Plugins/Editor/SpeedTreeImporter/Content/SpeedTree9/SpeedTreeBranchMotion.uasset" 436
"../../../Engine/Plugins/Editor/SpeedTreeImporter/Content/SpeedTree9/SpeedTreeBranchMotion.uexp" 437
"../../../Engine/Content/Functions/Engine_MaterialFunctions02/UVs/BoundingBoxBased_0-1_UVW.uasset" 438
"../../../Engine/Content/Functions/Engine_MaterialFunctions02/UVs/BoundingBoxBased_0-1_UVW.uexp" 439
"../../../Engine/Plugins/Editor/SpeedTreeImporter/Content/SpeedTree9/SpeedTreeWind.uasset" 440
"../../../Engine/Plugins/Editor/SpeedTreeImporter/Content/SpeedTree9/SpeedTreeWind.uexp" 441
"../../../Engine/Plugins/Editor/SpeedTreeImporter/Content/SpeedTree9/SpeedTreeBillboardMaster.uasset" 442
"../../../Engine/Plugins/Editor/SpeedTreeImporter/Content/SpeedTree9/SpeedTreeBillboardMaster.uexp" 443
"../../../Engine/Plugins/Editor/SpeedTreeImporter/Content/SpeedTree9/SpeedTreeCameraFacing.uasset" 444
"../../../Engine/Plugins/Editor/SpeedTreeImporter/Content/SpeedTree9/SpeedTreeCameraFacing.uexp" 445
"../../../Engine/Plugins/Editor/SpeedTreeImporter/Content/SpeedTree9/SpeedTreeMaster.uasset" 446
"../../../Engine/Plugins/Editor/SpeedTreeImporter/Content/SpeedTree9/SpeedTreeMaster.uexp" 447
"/Users/mccarthyz/Documents/GitHub/Voidsinger/Content/WorldGeneration/LVL_EmptyMap.uexp" 448
"/Users/mccarthyz/Documents/GitHub/Voidsinger/Content/WorldGeneration/LVL_EmptyMap.umap" 449
"/Users/mccarthyz/Documents/GitHub/Voidsinger/Content/WorldGeneration/StarSystem/S_StarSystemActorData.uasset" 450
"/Users/mccarthyz/Documents/GitHub/Voidsinger/Content/WorldGeneration/StarSystem/S_StarSystemActorData.uexp" 451
"/Users/mccarthyz/Documents/GitHub/Voidsinger/Content/WorldGeneration/StarSystem/E_EnemySpawnMode.uasset" 452
"/Users/mccarthyz/Documents/GitHub/Voidsinger/Content/WorldGeneration/StarSystem/E_EnemySpawnMode.uexp" 453
"../../../Engine/Plugins/FX/Niagara/Content/Enums/ENiagaraRandomnessEvaluation.uasset" 454
"../../../Engine/Plugins/FX/Niagara/Content/Enums/ENiagaraRandomnessEvaluation.uexp" 455
"../../../Engine/Plugins/FX/Niagara/Content/Enums/ENiagaraInactiveMode.uasset" 456
"../../../Engine/Plugins/FX/Niagara/Content/Enums/ENiagaraInactiveMode.uexp" 457
"../../../Engine/Plugins/FX/Niagara/Content/Enums/ENiagaraExpansionMode.uasset" 458
"../../../Engine/Plugins/FX/Niagara/Content/Enums/ENiagaraExpansionMode.uexp" 459
"../../../Engine/Plugins/FX/Niagara/Content/Enums/ENiagaraEmitterScalabilityMode_Limited.uasset" 460
"../../../Engine/Plugins/FX/Niagara/Content/Enums/ENiagaraEmitterScalabilityMode_Limited.uexp" 461
"../../../Engine/Plugins/FX/Niagara/Content/Enums/ENiagaraCoordinateSpace.uasset" 462
"../../../Engine/Plugins/FX/Niagara/Content/Enums/ENiagaraCoordinateSpace.uexp" 463
"../../../Engine/Plugins/FX/Niagara/Content/Enums/ENiagaraChannelCorrelation.uasset" 464
"../../../Engine/Plugins/FX/Niagara/Content/Enums/ENiagaraChannelCorrelation.uexp" 465
"../../../Engine/Plugins/FX/Niagara/Content/Enums/ENiagara_UVFlippingMode.uasset" 466
"../../../Engine/Plugins/FX/Niagara/Content/Enums/ENiagara_UVFlippingMode.uexp" 467
"../../../Engine/Plugins/FX/Niagara/Content/Enums/ENiagara_SpriteRotationMode.uasset" 468
"../../../Engine/Plugins/FX/Niagara/Content/Enums/ENiagara_SpriteRotationMode.uexp" 469
"../../../Engine/Plugins/FX/Niagara/Content/Enums/ENiagara_SizeScaleMode.uasset" 470
"../../../Engine/Plugins/FX/Niagara/Content/Enums/ENiagara_SizeScaleMode.uexp" 471
"../../../Engine/Plugins/FX/Niagara/Content/Enums/ENiagara_PositionInitializationMode.uasset" 472
"../../../Engine/Plugins/FX/Niagara/Content/Enums/ENiagara_PositionInitializationMode.uexp" 473
"../../../Engine/Plugins/FX/Niagara/Content/Enums/ENiagara_MassInitializationMode.uasset" 474
"../../../Engine/Plugins/FX/Niagara/Content/Enums/ENiagara_MassInitializationMode.uexp" 475
"../../../Engine/Plugins/FX/Niagara/Content/Enums/ENiagara_LifetimeMode.uasset" 476
"../../../Engine/Plugins/FX/Niagara/Content/Enums/ENiagara_LifetimeMode.uexp" 477
"../../../Engine/Plugins/FX/Niagara/Content/Enums/ENiagara_InfiniteLoopDuration.uasset" 478
"../../../Engine/Plugins/FX/Niagara/Content/Enums/ENiagara_InfiniteLoopDuration.uexp" 479
"../../../Engine/Plugins/FX/Niagara/Content/Enums/ENiagara_EmitterStateOptions.uasset" 480
"../../../Engine/Plugins/FX/Niagara/Content/Enums/ENiagara_EmitterStateOptions.uexp" 481
"../../../Engine/Plugins/FX/Niagara/Content/Enums/ENiagara_ColorInitializationMode.uasset" 482
"../../../Engine/Plugins/FX/Niagara/Content/Enums/ENiagara_ColorInitializationMode.uexp" 483
"../../../Engine/Plugins/FX/Niagara/Content/Modules/Update/Lifetime/ParticleState.uasset" 484
"../../../Engine/Plugins/FX/Niagara/Content/Modules/Update/Lifetime/ParticleState.uexp" 485
"../../../Engine/Plugins/FX/Niagara/Content/Functions/System/SystemChangeState.uasset" 486
"../../../Engine/Plugins/FX/Niagara/Content/Functions/System/SystemChangeState.uexp" 487
"../../../Engine/Plugins/FX/Niagara/Content/Enums/ENiagaraSystemInactiveMode.uasset" 488
"../../../Engine/Plugins/FX/Niagara/Content/Enums/ENiagaraSystemInactiveMode.uexp" 489
"../../../Engine/Plugins/FX/Niagara/Content/Modules/System/SystemState.uasset" 490
"../../../Engine/Plugins/FX/Niagara/Content/Modules/System/SystemState.uexp" 491
"../../../Engine/Plugins/FX/Niagara/Content/Functions/Localspace/TransformBase.uasset" 492
"../../../Engine/Plugins/FX/Niagara/Content/Functions/Localspace/TransformBase.uexp" 493
"../../../Engine/Plugins/FX/Niagara/Content/Functions/Localspace/TransformVector.uasset" 494
"../../../Engine/Plugins/FX/Niagara/Content/Functions/Localspace/TransformVector.uexp" 495
"../../../Engine/Plugins/FX/Niagara/Content/Enums/ENiagaraRandomnessMode.uasset" 496
"../../../Engine/Plugins/FX/Niagara/Content/Enums/ENiagaraRandomnessMode.uexp" 497
"../../../Engine/Plugins/FX/Niagara/Content/Functions/V2/CalculateRandomRange.uasset" 498
"../../../Engine/Plugins/FX/Niagara/Content/Functions/V2/CalculateRandomRange.uexp" 499
"../../../Engine/Plugins/FX/Niagara/Content/Functions/V2/CalculateRandomPointInSphere.uasset" 500
"../../../Engine/Plugins/FX/Niagara/Content/Functions/V2/CalculateRandomPointInSphere.uexp" 501
"../../../Engine/Plugins/FX/Niagara/Content/Functions/SphericalToCartesianCoordinates.uasset" 502
"../../../Engine/Plugins/FX/Niagara/Content/Functions/SphericalToCartesianCoordinates.uexp" 503
"../../../Engine/Plugins/FX/Niagara/Content/Functions/Rotation/MultiplyVectorWithQuaternion.uasset" 504
"../../../Engine/Plugins/FX/Niagara/Content/Functions/Rotation/MultiplyVectorWithQuaternion.uexp" 505
"../../../Engine/Plugins/FX/Niagara/Content/Functions/DirectionAndLengthSafe.uasset" 506
"../../../Engine/Plugins/FX/Niagara/Content/Functions/DirectionAndLengthSafe.uexp" 507
"../../../Engine/Plugins/FX/Niagara/Content/Functions/Rotation/FindQuatBetween.uasset" 508
"../../../Engine/Plugins/FX/Niagara/Content/Functions/Rotation/FindQuatBetween.uexp" 509
"../../../Engine/Plugins/FX/Niagara/Content/Functions/Localspace/SimulationPosition.uasset" 510
"../../../Engine/Plugins/FX/Niagara/Content/Functions/Localspace/SimulationPosition.uexp" 511
"../../../Engine/Plugins/FX/Niagara/Content/Enums/ENiagaraSphereDistributionMode.uasset" 512
"../../../Engine/Plugins/FX/Niagara/Content/Enums/ENiagaraSphereDistributionMode.uexp" 513
"../../../Engine/Plugins/FX/Niagara/Content/Modules/Spawn/Location/V2/SphereLocation.uasset" 514
"../../../Engine/Plugins/FX/Niagara/Content/Modules/Spawn/Location/V2/SphereLocation.uexp" 515
"../../../Engine/Plugins/FX/Niagara/Content/Functions/LinearColor/HueShiftLinearColor.uasset" 516
"../../../Engine/Plugins/FX/Niagara/Content/Functions/LinearColor/HueShiftLinearColor.uexp" 517
"../../../Engine/Plugins/FX/Niagara/Content/Functions/V2/CalculateRandomRangeFloat.uasset" 518
"../../../Engine/Plugins/FX/Niagara/Content/Functions/V2/CalculateRandomRangeFloat.uexp" 519
"../../../Engine/Plugins/FX/Niagara/Content/Functions/V2/CalculateRandomRangeInteger.uasset" 520
"../../../Engine/Plugins/FX/Niagara/Content/Functions/V2/CalculateRandomRangeInteger.uexp" 521
"../../../Engine/Plugins/FX/Niagara/Content/Functions/V2/CalculateRandomBool.uasset" 522
"../../../Engine/Plugins/FX/Niagara/Content/Functions/V2/CalculateRandomBool.uexp" 523
"../../../Engine/Plugins/FX/Niagara/Content/Modules/Spawn/Initialization/V2/InitializeParticle.uasset" 524
"../../../Engine/Plugins/FX/Niagara/Content/Modules/Spawn/Initialization/V2/InitializeParticle.uexp" 525
"../../../Engine/Plugins/FX/Niagara/Content/Enums/ENiagaraEmitterLifeCycleMode.uasset" 526
"../../../Engine/Plugins/FX/Niagara/Content/Enums/ENiagaraEmitterLifeCycleMode.uexp" 527
"../../../Engine/Plugins/FX/Niagara/Content/Functions/GetRandomInfo.uasset" 528
"../../../Engine/Plugins/FX/Niagara/Content/Functions/GetRandomInfo.uexp" 529
"../../../Engine/Plugins/FX/Niagara/Content/Functions/RandomRangeFloat.uasset" 530
"../../../Engine/Plugins/FX/Niagara/Content/Functions/RandomRangeFloat.uexp" 531
"../../../Engine/Plugins/FX/Niagara/Content/Modules/Emitter/SpawnRate.uasset" 532
"../../../Engine/Plugins/FX/Niagara/Content/Modules/Emitter/SpawnRate.uexp" 533
"../../../Engine/Plugins/FX/Niagara/Content/Functions/Emitter/EmitterChangeState.uasset" 534
"../../../Engine/Plugins/FX/Niagara/Content/Functions/Emitter/EmitterChangeState.uexp" 535
"../../../Engine/Plugins/FX/Niagara/Content/Enums/ENiagaraExecutionStateManagement.uasset" 536
"../../../Engine/Plugins/FX/Niagara/Content/Enums/ENiagaraExecutionStateManagement.uexp" 537
"../../../Engine/Plugins/FX/Niagara/Content/Modules/Emitter/EmitterState.uasset" 538
"../../../Engine/Plugins/FX/Niagara/Content/Modules/Emitter/EmitterState.uexp" 539
"../../../Engine/Plugins/FX/Niagara/Content/Modules/Update/Lifetime/KillParticles.uasset" 540
"../../../Engine/Plugins/FX/Niagara/Content/Modules/Update/Lifetime/KillParticles.uexp" 541
"../../../Engine/Plugins/FX/Niagara/Content/DynamicInputs/Add/Add_Float.uasset" 542
"../../../Engine/Plugins/FX/Niagara/Content/DynamicInputs/Add/Add_Float.uexp" 543
"/Users/mccarthyz/Documents/GitHub/Voidsinger/Content/2DAssets/FX/WorldGeneration/StarSystem/M_Stars.uasset" 544
"/Users/mccarthyz/Documents/GitHub/Voidsinger/Content/2DAssets/FX/WorldGeneration/StarSystem/M_Stars.uexp" 545
"../../../Engine/Plugins/FX/Niagara/Content/Enums/ENiagaraTorusMode.uasset" 546
"../../../Engine/Plugins/FX/Niagara/Content/Enums/ENiagaraTorusMode.uexp" 547
"../../../Engine/Plugins/FX/Niagara/Content/Functions/RandomRange.uasset" 548
"../../../Engine/Plugins/FX/Niagara/Content/Functions/RandomRange.uexp" 549
"../../../Engine/Plugins/FX/Niagara/Content/Functions/ParametricTorusKnot.uasset" 550
"../../../Engine/Plugins/FX/Niagara/Content/Functions/ParametricTorusKnot.uexp" 551
"../../../Engine/Plugins/FX/Niagara/Content/Functions/PolarToCartesianCoordinates.uasset" 552
"../../../Engine/Plugins/FX/Niagara/Content/Functions/PolarToCartesianCoordinates.uexp" 553
"../../../Engine/Plugins/FX/Niagara/Content/Functions/ParametricTorus.uasset" 554
"../../../Engine/Plugins/FX/Niagara/Content/Functions/ParametricTorus.uexp" 555
"../../../Engine/Plugins/FX/Niagara/Content/Functions/Rotation/AxisAngleToQuaternion.uasset" 556
"../../../Engine/Plugins/FX/Niagara/Content/Functions/Rotation/AxisAngleToQuaternion.uexp" 557
"../../../Engine/Plugins/FX/Niagara/Content/Functions/Rotation/MultiplyQuaternion.uasset" 558
"../../../Engine/Plugins/FX/Niagara/Content/Functions/Rotation/MultiplyQuaternion.uexp" 559
"../../../Engine/Plugins/FX/Niagara/Content/Enums/ENiagaraTorusDistributionMode.uasset" 560
"../../../Engine/Plugins/FX/Niagara/Content/Enums/ENiagaraTorusDistributionMode.uexp" 561
"../../../Engine/Plugins/FX/Niagara/Content/Modules/Spawn/Location/TorusLocation.uasset" 562
"../../../Engine/Plugins/FX/Niagara/Content/Modules/Spawn/Location/TorusLocation.uexp" 563
"../../../Engine/Plugins/FX/Niagara/Content/Modules/Emitter/SpawnBurst_Instantaneous.uasset" 564
"../../../Engine/Plugins/FX/Niagara/Content/Modules/Emitter/SpawnBurst_Instantaneous.uexp" 565
"../../../Engine/Plugins/FX/Niagara/Content/DynamicInputs/ValueFromCurve/FloatFromCurve.uasset" 566
"../../../Engine/Plugins/FX/Niagara/Content/DynamicInputs/ValueFromCurve/FloatFromCurve.uexp" 567
"../../../Engine/Plugins/FX/Niagara/Content/DynamicInputs/TypeConversions/Vector2DFromFloat.uasset" 568
"../../../Engine/Plugins/FX/Niagara/Content/DynamicInputs/TypeConversions/Vector2DFromFloat.uexp" 569
"../../../Engine/Plugins/FX/Niagara/Content/Modules/Update/Size/ScaleSpriteSize.uasset" 570
"../../../Engine/Plugins/FX/Niagara/Content/Modules/Update/Size/ScaleSpriteSize.uexp" 571
"../../../Engine/Plugins/FX/Niagara/Content/Enums/ENiagaraScaleColorMode.uasset" 572
"../../../Engine/Plugins/FX/Niagara/Content/Enums/ENiagaraScaleColorMode.uexp" 573
"../../../Engine/Plugins/FX/Niagara/Content/Modules/Update/Color/ScaleColor.uasset" 574
"../../../Engine/Plugins/FX/Niagara/Content/Modules/Update/Color/ScaleColor.uexp" 575
"/Users/mccarthyz/Documents/GitHub/Voidsinger/Content/FX/Systems/NS_Stars.uasset" 576
"/Users/mccarthyz/Documents/GitHub/Voidsinger/Content/FX/Systems/NS_Stars.uexp" 577
"/Users/mccarthyz/Documents/GitHub/Voidsinger/Content/WorldGeneration/GalaxyMap/S_StarSystemTransform.uasset" 578
"/Users/mccarthyz/Documents/GitHub/Voidsinger/Content/WorldGeneration/GalaxyMap/S_StarSystemTransform.uexp" 579
"/Users/mccarthyz/Documents/GitHub/Voidsinger/Content/WorldGeneration/GalaxyMap/S_GalaxyMap_StarSystemData.uasset" 580
"/Users/mccarthyz/Documents/GitHub/Voidsinger/Content/WorldGeneration/GalaxyMap/S_GalaxyMap_StarSystemData.uexp" 581
"/Users/mccarthyz/Documents/GitHub/Voidsinger/Content/WorldGeneration/GalaxyMap/BP_GalaxyMap_SaveData.uasset" 582
"/Users/mccarthyz/Documents/GitHub/Voidsinger/Content/WorldGeneration/GalaxyMap/BP_GalaxyMap_SaveData.uexp" 583
"../../../Engine/Content/EditorBlueprintResources/StandardMacros.uasset" 584
"../../../Engine/Content/EditorBlueprintResources/StandardMacros.uexp" 585
"/Users/mccarthyz/Documents/GitHub/Voidsinger/Content/2DAssets/UI/TX_LoadingScreen_Background.uasset" 586
"/Users/mccarthyz/Documents/GitHub/Voidsinger/Content/2DAssets/UI/TX_LoadingScreen_Background.uexp" 587
"../../../Engine/Content/Functions/Engine_MaterialFunctions02/ScreenResolution.uasset" 588
"../../../Engine/Content/Functions/Engine_MaterialFunctions02/ScreenResolution.uexp" 589
"/Users/mccarthyz/Documents/GitHub/Voidsinger/Content/2DAssets/UI/M_LoadingScreen_Background.uasset" 590
"/Users/mccarthyz/Documents/GitHub/Voidsinger/Content/2DAssets/UI/M_LoadingScreen_Background.uexp" 591
"/Users/mccarthyz/Documents/GitHub/Voidsinger/Content/UI/UMG_Loading.uasset" 592
"/Users/mccarthyz/Documents/GitHub/Voidsinger/Content/UI/UMG_Loading.uexp" 593
"/Users/mccarthyz/Documents/GitHub/Voidsinger/Content/Ships/BP_BaseEnemyShip.uasset" 594
"/Users/mccarthyz/Documents/GitHub/Voidsinger/Content/Ships/BP_BaseEnemyShip.uexp" 595
"/Users/mccarthyz/Documents/GitHub/Voidsinger/Content/Libraries/BP_WidgetFunctions.uasset" 596
"/Users/mccarthyz/Documents/GitHub/Voidsinger/Content/Libraries/BP_WidgetFunctions.uexp" 597
"/Users/mccarthyz/Documents/GitHub/Voidsinger/Content/UI/WidgetWindow/BP_WindowDragAndDrop.uasset" 598
"/Users/mccarthyz/Documents/GitHub/Voidsinger/Content/UI/WidgetWindow/BP_WindowDragAndDrop.uexp" 599
"/Users/mccarthyz/Documents/GitHub/Voidsinger/Content/UI/WidgetWindow/I_WidgetWindowInteraction.uasset" 600
"/Users/mccarthyz/Documents/GitHub/Voidsinger/Content/UI/WidgetWindow/I_WidgetWindowInteraction.uexp" 601
"/Users/mccarthyz/Documents/GitHub/Voidsinger/Content/UI/WidgetWindow/UMG_WidgetWindowTileBar.uasset" 602
"/Users/mccarthyz/Documents/GitHub/Voidsinger/Content/UI/WidgetWindow/UMG_WidgetWindowTileBar.uexp" 603
"/Users/mccarthyz/Documents/GitHub/Voidsinger/Content/UI/WidgetWindow/BP_WindowResizeDragAndDrop.uasset" 604
"/Users/mccarthyz/Documents/GitHub/Voidsinger/Content/UI/WidgetWindow/BP_WindowResizeDragAndDrop.uexp" 605
"/Users/mccarthyz/Documents/GitHub/Voidsinger/Content/UI/WidgetWindow/E_ResizeMode.uasset" 606
"/Users/mccarthyz/Documents/GitHub/Voidsinger/Content/UI/WidgetWindow/E_ResizeMode.uexp" 607
"/Users/mccarthyz/Documents/GitHub/Voidsinger/Content/UI/WidgetWindow/UMG_WidgetWindowEdge.uasset" 608
"/Users/mccarthyz/Documents/GitHub/Voidsinger/Content/UI/WidgetWindow/UMG_WidgetWindowEdge.uexp" 609
"/Users/mccarthyz/Documents/GitHub/Voidsinger/Content/Libraries/BP_WidgetMacros.uasset" 610
"/Users/mccarthyz/Documents/GitHub/Voidsinger/Content/Libraries/BP_WidgetMacros.uexp" 611
"/Users/mccarthyz/Documents/GitHub/Voidsinger/Content/UI/WidgetWindow/UMG_WidgetWindow.uasset" 612
"/Users/mccarthyz/Documents/GitHub/Voidsinger/Content/UI/WidgetWindow/UMG_WidgetWindow.uexp" 613
"/Users/mccarthyz/Documents/GitHub/Voidsinger/Content/UI/WorldGeneration/GalaxyMap/HUD/UMG_GalaxyMap_HUD_TravelToAnotherGalaxy.uasset" 614
"/Users/mccarthyz/Documents/GitHub/Voidsinger/Content/UI/WorldGeneration/GalaxyMap/HUD/UMG_GalaxyMap_HUD_TravelToAnotherGalaxy.uexp" 615
"/Users/mccarthyz/Documents/GitHub/Voidsinger/Content/UI/WorldGeneration/GalaxyMap/HUD/UMG_GalaxyMap_HUD.uasset" 616
"/Users/mccarthyz/Documents/GitHub/Voidsinger/Content/UI/WorldGeneration/GalaxyMap/HUD/UMG_GalaxyMap_HUD.uexp" 617
"/Users/mccarthyz/Documents/GitHub/Voidsinger/Content/DebugSettings.uasset" 618
"/Users/mccarthyz/Documents/GitHub/Voidsinger/Content/DebugSettings.uexp" 619
"/Users/mccarthyz/Documents/GitHub/Voidsinger/Content/UI/UMG_QuitGame.uasset" 620
"/Users/mccarthyz/Documents/GitHub/Voidsinger/Content/UI/UMG_QuitGame.uexp" 621
"/Users/mccarthyz/Documents/GitHub/Voidsinger/Content/Voidsongs/Verbs/BP_Voidsong_Verb_Disperse.uasset" 622
"/Users/mccarthyz/Documents/GitHub/Voidsinger/Content/Voidsongs/Verbs/BP_Voidsong_Verb_Disperse.uexp" 623
"/Users/mccarthyz/Documents/GitHub/Voidsinger/Content/Voidsongs/Verbs/BP_Voidsong_Verb_Cold.uasset" 624
"/Users/mccarthyz/Documents/GitHub/Voidsinger/Content/Voidsongs/Verbs/BP_Voidsong_Verb_Cold.uexp" 625
"/Users/mccarthyz/Documents/GitHub/Voidsinger/Content/Voidsongs/Verbs/BP_Voidsong_Verb_Absorb.uasset" 626
"/Users/mccarthyz/Documents/GitHub/Voidsinger/Content/Voidsongs/Verbs/BP_Voidsong_Verb_Absorb.uexp" 627
"/Users/mccarthyz/Documents/GitHub/Voidsinger/Content/Voidsongs/Nouns/BP_Voidsong_Noun_Thruster.uasset" 628
"/Users/mccarthyz/Documents/GitHub/Voidsinger/Content/Voidsongs/Nouns/BP_Voidsong_Noun_Thruster.uexp" 629
"/Users/mccarthyz/Documents/GitHub/Voidsinger/Content/2DAssets/Parts/Laser/Tex_Laser_TestTexture.uasset" 630
"/Users/mccarthyz/Documents/GitHub/Voidsinger/Content/2DAssets/Parts/Laser/Tex_Laser_TestTexture.uexp" 631
"/Users/mccarthyz/Documents/GitHub/Voidsinger/Content/2DAssets/Parts/Laser/TexArr_Laser.uasset" 632
"/Users/mccarthyz/Documents/GitHub/Voidsinger/Content/2DAssets/Parts/Laser/TexArr_Laser.uexp" 633
"/Users/mccarthyz/Documents/GitHub/Voidsinger/Content/2DAssets/Parts/UVTestImage.uasset" 634
"/Users/mccarthyz/Documents/GitHub/Voidsinger/Content/2DAssets/Parts/UVTestImage.uexp" 635
"/Users/mccarthyz/Documents/GitHub/Voidsinger/Content/2DAssets/Parts/TexArr_UVTest.uasset" 636
"/Users/mccarthyz/Documents/GitHub/Voidsinger/Content/2DAssets/Parts/TexArr_UVTest.uexp" 637
"/Users/mccarthyz/Documents/GitHub/Voidsinger/Content/2DAssets/Parts/Mat_BaseFreeformPart.uasset" 638
"/Users/mccarthyz/Documents/GitHub/Voidsinger/Content/2DAssets/Parts/Mat_BaseFreeformPart.uexp" 639
"/Users/mccarthyz/Documents/GitHub/Voidsinger/Content/2DAssets/Parts/Laser/Mat_Laser.uasset" 640
"/Users/mccarthyz/Documents/GitHub/Voidsinger/Content/2DAssets/Parts/Laser/Mat_Laser.uexp" 641
"/Users/mccarthyz/Documents/GitHub/Voidsinger/Content/Parts/Lasers/S_LaserInformation.uasset" 642
"/Users/mccarthyz/Documents/GitHub/Voidsinger/Content/Parts/Lasers/S_LaserInformation.uexp" 643
"/Users/mccarthyz/Documents/GitHub/Voidsinger/Content/Parts/Lasers/LaserRedirectors/I_LaserInterface.uasset" 644
"/Users/mccarthyz/Documents/GitHub/Voidsinger/Content/Parts/Lasers/LaserRedirectors/I_LaserInterface.uexp" 645
"../../../Engine/Plugins/FX/Niagara/Content/Modules/Spawn/Velocity/AddVelocity.uasset" 646
"../../../Engine/Plugins/FX/Niagara/Content/Modules/Spawn/Velocity/AddVelocity.uexp" 647
"../../../Engine/Plugins/FX/Niagara/Content/Modules/Solvers/SolveForcesAndVelocity.uasset" 648
"../../../Engine/Plugins/FX/Niagara/Content/Modules/Solvers/SolveForcesAndVelocity.uexp" 649
"/Users/mccarthyz/Documents/GitHub/Voidsinger/Content/2DAssets/Parts/Laser/M_Laser_Beam.uasset" 650
"/Users/mccarthyz/Documents/GitHub/Voidsinger/Content/2DAssets/Parts/Laser/M_Laser_Beam.uexp" 651
"../../../Engine/Plugins/FX/Niagara/Content/Functions/RandomUnitVector.uasset" 652
"../../../Engine/Plugins/FX/Niagara/Content/Functions/RandomUnitVector.uexp" 653
"../../../Engine/Plugins/FX/Niagara/Content/Functions/RandomVector.uasset" 654
"../../../Engine/Plugins/FX/Niagara/Content/Functions/RandomVector.uexp" 655
"../../../Engine/Plugins/FX/Niagara/Content/Modules/Update/Position/JitterPosition.uasset" 656
"../../../Engine/Plugins/FX/Niagara/Content/Modules/Update/Position/JitterPosition.uexp" 657
"../../../Engine/Plugins/FX/Niagara/Content/Modules/Update/Color/Color.uasset" 658
"../../../Engine/Plugins/FX/Niagara/Content/Modules/Update/Color/Color.uexp" 659
"../../../Engine/Plugins/FX/Niagara/Content/Functions/Spline/FindPositionOnBezierSpline.uasset" 660
"../../../Engine/Plugins/FX/Niagara/Content/Functions/Spline/FindPositionOnBezierSpline.uexp" 661
"../../../Engine/Plugins/FX/Niagara/Content/Modules/Beams/UpdateBeam.uasset" 662
"../../../Engine/Plugins/FX/Niagara/Content/Modules/Beams/UpdateBeam.uexp" 663
"../../../Engine/Plugins/FX/Niagara/Content/Functions/NormalizedExecutionIndex.uasset" 664
"../../../Engine/Plugins/FX/Niagara/Content/Functions/NormalizedExecutionIndex.uexp" 665
"../../../Engine/Plugins/FX/Niagara/Content/Modules/Beams/SpawnBeam.uasset" 666
"../../../Engine/Plugins/FX/Niagara/Content/Modules/Beams/SpawnBeam.uexp" 667
"../../../Engine/Plugins/FX/Niagara/Content/Modules/Beams/BeamWidth.uasset" 668
"../../../Engine/Plugins/FX/Niagara/Content/Modules/Beams/BeamWidth.uexp" 669
"../../../Engine/Plugins/FX/Niagara/Content/Functions/Localspace/TransformPosition.uasset" 670
"../../../Engine/Plugins/FX/Niagara/Content/Functions/Localspace/TransformPosition.uexp" 671
"../../../Engine/Plugins/FX/Niagara/Content/DynamicInputs/Multiply/Multiply_VectorByFloat.uasset" 672
"../../../Engine/Plugins/FX/Niagara/Content/DynamicInputs/Multiply/Multiply_VectorByFloat.uexp" 673
"../../../Engine/Plugins/FX/Niagara/Content/DynamicInputs/Helpers/SimulationPosition.uasset" 674
"../../../Engine/Plugins/FX/Niagara/Content/DynamicInputs/Helpers/SimulationPosition.uexp" 675
"../../../Engine/Plugins/FX/Niagara/Content/Modules/Beams/BeamEmitterSetup.uasset" 676
"../../../Engine/Plugins/FX/Niagara/Content/Modules/Beams/BeamEmitterSetup.uexp" 677
"../../../Engine/Plugins/FX/Niagara/Content/Modules/Spawn/Initialization/InitializeRibbon.uasset" 678
"../../../Engine/Plugins/FX/Niagara/Content/Modules/Spawn/Initialization/InitializeRibbon.uexp" 679
"../../../Engine/Plugins/FX/Niagara/Content/DefaultAssets/Structs/LocationEvent.uasset" 680
"../../../Engine/Plugins/FX/Niagara/Content/DefaultAssets/Structs/LocationEvent.uexp" 681
"../../../Engine/Plugins/FX/Niagara/Content/Modules/Events/ReceiveLocationEvent.uasset" 682
"../../../Engine/Plugins/FX/Niagara/Content/Modules/Events/ReceiveLocationEvent.uexp" 683
"../../../Engine/Plugins/FX/Niagara/Content/DefaultAssets/DefaultRIbbonMaterial.uasset" 684
"../../../Engine/Plugins/FX/Niagara/Content/DefaultAssets/DefaultRIbbonMaterial.uexp" 685
"../../../Engine/Plugins/FX/Niagara/Content/Functions/Helpers/AdvancePositionWithAcceleration.uasset" 686
"../../../Engine/Plugins/FX/Niagara/Content/Functions/Helpers/AdvancePositionWithAcceleration.uexp" 687
"../../../Engine/Plugins/FX/Niagara/Content/Modules/Events/GenerateLocationEvent.uasset" 688
"../../../Engine/Plugins/FX/Niagara/Content/Modules/Events/GenerateLocationEvent.uexp" 689
"../../../Engine/Plugins/FX/Niagara/Content/DynamicInputs/ValueFromCurve/Vector2DFromCurve.uasset" 690
"../../../Engine/Plugins/FX/Niagara/Content/DynamicInputs/ValueFromCurve/Vector2DFromCurve.uexp" 691
"../../../Engine/Plugins/FX/Niagara/Content/DynamicInputs/UniformRange/V2/RandomRangeFloat.uasset" 692
"../../../Engine/Plugins/FX/Niagara/Content/DynamicInputs/UniformRange/V2/RandomRangeFloat.uexp" 693
"/Users/mccarthyz/Documents/GitHub/Voidsinger/Content/FX/Systems/NS_Laser.uasset" 694
"/Users/mccarthyz/Documents/GitHub/Voidsinger/Content/FX/Systems/NS_Laser.uexp" 695
"/Users/mccarthyz/Documents/GitHub/Voidsinger/Content/Parts/Lasers/BP_Laser_Beam.uasset" 696
"/Users/mccarthyz/Documents/GitHub/Voidsinger/Content/Parts/Lasers/BP_Laser_Beam.uexp" 697
"../../../Engine/Plugins/FX/Niagara/Content/Modules/Update/Forces/V2/PointAttractionForce.uasset" 698
"../../../Engine/Plugins/FX/Niagara/Content/Modules/Update/Forces/V2/PointAttractionForce.uexp" 699
"/Users/mccarthyz/Documents/GitHub/Voidsinger/Content/FX/Systems/NS_LaserChargeUp.uasset" 700
"/Users/mccarthyz/Documents/GitHub/Voidsinger/Content/FX/Systems/NS_LaserChargeUp.uexp" 701
"../../../Engine/Plugins/FX/Niagara/Content/Modules/Update/Forces/Drag.uasset" 702
"../../../Engine/Plugins/FX/Niagara/Content/Modules/Update/Forces/Drag.uexp" 703
"../../../Engine/Plugins/FX/Niagara/Content/Functions/RandomVectorInCone.uasset" 704
"../../../Engine/Plugins/FX/Niagara/Content/Functions/RandomVectorInCone.uexp" 705
"../../../Engine/Plugins/FX/Niagara/Content/Functions/Math/RemapValueRange.uasset" 706
"../../../Engine/Plugins/FX/Niagara/Content/Functions/Math/RemapValueRange.uexp" 707
"../../../Engine/Plugins/FX/Niagara/Content/Modules/Spawn/Velocity/AddVelocityInCone.uasset" 708
"../../../Engine/Plugins/FX/Niagara/Content/Modules/Spawn/Velocity/AddVelocityInCone.uexp" 709
"/Users/mccarthyz/Documents/GitHub/Voidsinger/Content/FX/Systems/NS_LaserEndPoint.uasset" 710
"/Users/mccarthyz/Documents/GitHub/Voidsinger/Content/FX/Systems/NS_LaserEndPoint.uexp" 711
"/Users/mccarthyz/Documents/GitHub/Voidsinger/Content/Parts/Lasers/BP_Laser.uasset" 712
"/Users/mccarthyz/Documents/GitHub/Voidsinger/Content/Parts/Lasers/BP_Laser.uexp" 713
"/Users/mccarthyz/Documents/GitHub/Voidsinger/Content/Voidsongs/Nouns/BP_Voidsong_Noun_Laser.uasset" 714
"/Users/mccarthyz/Documents/GitHub/Voidsinger/Content/Voidsongs/Nouns/BP_Voidsong_Noun_Laser.uexp" 715
"/Users/mccarthyz/Documents/GitHub/Voidsinger/Content/2DAssets/Parts/Cannon/Tex_Cannon_TestTexture.uasset" 716
"/Users/mccarthyz/Documents/GitHub/Voidsinger/Content/2DAssets/Parts/Cannon/Tex_Cannon_TestTexture.uexp" 717
"/Users/mccarthyz/Documents/GitHub/Voidsinger/Content/2DAssets/Parts/Cannon/TexArr_Cannon.uasset" 718
"/Users/mccarthyz/Documents/GitHub/Voidsinger/Content/2DAssets/Parts/Cannon/TexArr_Cannon.uexp" 719
"/Users/mccarthyz/Documents/GitHub/Voidsinger/Content/2DAssets/Parts/Cannon/Mat_Cannon.uasset" 720
"/Users/mccarthyz/Documents/GitHub/Voidsinger/Content/2DAssets/Parts/Cannon/Mat_Cannon.uexp" 721
"/Users/mccarthyz/Documents/GitHub/Voidsinger/Content/2DAssets/Parts/Cannon/M_Cannon_Projectile.uasset" 722
"/Users/mccarthyz/Documents/GitHub/Voidsinger/Content/2DAssets/Parts/Cannon/M_Cannon_Projectile.uexp" 723
"../../../Engine/Content/BasicShapes/Cube.uasset" 724
"../../../Engine/Content/BasicShapes/Cube.uexp" 725
"../../../Engine/Content/BasicShapes/Cube.ubulk" 726
"../../../Engine/Plugins/FX/Niagara/Content/Modules/Update/Size/ScaleSpriteSizeBySpeed.uasset" 727
"../../../Engine/Plugins/FX/Niagara/Content/Modules/Update/Size/ScaleSpriteSizeBySpeed.uexp" 728
"../../../Engine/Plugins/FX/Niagara/Content/Modules/Update/Forces/GravityForce.uasset" 729
"../../../Engine/Plugins/FX/Niagara/Content/Modules/Update/Forces/GravityForce.uexp" 730
"../../../Engine/Plugins/FX/Niagara/Content/Functions/NormalizeDistanceRange.uasset" 731
"../../../Engine/Plugins/FX/Niagara/Content/Functions/NormalizeDistanceRange.uexp" 732
"../../../Engine/Plugins/FX/Niagara/Content/Functions/DistanceBasedFalloff.uasset" 733
"../../../Engine/Plugins/FX/Niagara/Content/Functions/DistanceBasedFalloff.uexp" 734
"../../../Engine/Plugins/FX/Niagara/Content/Modules/Spawn/Velocity/AddVelocityFromPoint.uasset" 735
"../../../Engine/Plugins/FX/Niagara/Content/Modules/Spawn/Velocity/AddVelocityFromPoint.uexp" 736
"../../../Engine/Plugins/FX/Niagara/Content/DefaultAssets/DefaultSpriteMaterial.uasset" 737
"../../../Engine/Plugins/FX/Niagara/Content/DefaultAssets/DefaultSpriteMaterial.uexp" 738
"../../../Engine/Content/Functions/Engine_MaterialFunctions01/Texturing/ScaleUVsByCenter.uasset" 739
"../../../Engine/Content/Functions/Engine_MaterialFunctions01/Texturing/ScaleUVsByCenter.uexp" 740
"../../../Engine/Content/Functions/Engine_MaterialFunctions01/Density/ExponentialDensity.uasset" 741
"../../../Engine/Content/Functions/Engine_MaterialFunctions01/Density/ExponentialDensity.uexp" 742
"../../../Engine/Content/Functions/Engine_MaterialFunctions01/Gradient/RadialGradientExponential.uasset" 743
"../../../Engine/Content/Functions/Engine_MaterialFunctions01/Gradient/RadialGradientExponential.uexp" 744
"/Users/mccarthyz/Documents/GitHub/Voidsinger/Content/2DAssets/FX/Explosions/Mat_Explosion.uasset" 745
"/Users/mccarthyz/Documents/GitHub/Voidsinger/Content/2DAssets/FX/Explosions/Mat_Explosion.uexp" 746
"/Users/mccarthyz/Documents/GitHub/Voidsinger/Content/2DAssets/FX/Explosions/Mat_AlsoExplosion.uasset" 747
"/Users/mccarthyz/Documents/GitHub/Voidsinger/Content/2DAssets/FX/Explosions/Mat_AlsoExplosion.uexp" 748
"/Users/mccarthyz/Documents/GitHub/Voidsinger/Content/FX/Systems/NS_Explosion.uasset" 749
"/Users/mccarthyz/Documents/GitHub/Voidsinger/Content/FX/Systems/NS_Explosion.uexp" 750
"/Users/mccarthyz/Documents/GitHub/Voidsinger/Content/Parts/Cannon/BP_CannonProjectile.uasset" 751
"/Users/mccarthyz/Documents/GitHub/Voidsinger/Content/Parts/Cannon/BP_CannonProjectile.uexp" 752
"/Users/mccarthyz/Documents/GitHub/Voidsinger/Content/Parts/Cannon/BP_Cannon.uasset" 753
"/Users/mccarthyz/Documents/GitHub/Voidsinger/Content/Parts/Cannon/BP_Cannon.uexp" 754
"/Users/mccarthyz/Documents/GitHub/Voidsinger/Content/Voidsongs/Nouns/BP_Voidsong_Noun_Cannon.uasset" 755
"/Users/mccarthyz/Documents/GitHub/Voidsinger/Content/Voidsongs/Nouns/BP_Voidsong_Noun_Cannon.uexp" 756
"/Users/mccarthyz/Documents/GitHub/Voidsinger/Content/Voidsongs/Factions/BP_Voidsong_Faction_Player.uasset" 757
"/Users/mccarthyz/Documents/GitHub/Voidsinger/Content/Voidsongs/Factions/BP_Voidsong_Faction_Player.uexp" 758
"/Users/mccarthyz/Documents/GitHub/Voidsinger/Content/Voidsongs/Factions/BP_Voidsong_Faction_Enemy.uasset" 759
"/Users/mccarthyz/Documents/GitHub/Voidsinger/Content/Voidsongs/Factions/BP_Voidsong_Faction_Enemy.uexp" 760
"/Users/mccarthyz/Documents/GitHub/Voidsinger/Content/Ships/AI/Tasks/BP_Task_MoveToPoint.uasset" 761
"/Users/mccarthyz/Documents/GitHub/Voidsinger/Content/Ships/AI/Tasks/BP_Task_MoveToPoint.uexp" 762
"/Users/mccarthyz/Documents/GitHub/Voidsinger/Content/Ships/AI/Services/BP_Service_RandomPoint.uasset" 763
"/Users/mccarthyz/Documents/GitHub/Voidsinger/Content/Ships/AI/Services/BP_Service_RandomPoint.uexp" 764
"/Users/mccarthyz/Documents/GitHub/Voidsinger/Content/Ships/AI/BB_BaseBlackboard.uasset" 765
"/Users/mccarthyz/Documents/GitHub/Voidsinger/Content/Ships/AI/BB_BaseBlackboard.uexp" 766
"/Users/mccarthyz/Documents/GitHub/Voidsinger/Content/Ships/AI/BT_Fly.uasset" 767
"/Users/mccarthyz/Documents/GitHub/Voidsinger/Content/Ships/AI/BT_Fly.uexp" 768
"/Users/mccarthyz/Documents/GitHub/Voidsinger/Content/Ships/AI/BP_BaseAIController.uasset" 769
"/Users/mccarthyz/Documents/GitHub/Voidsinger/Content/Ships/AI/BP_BaseAIController.uexp" 770
"/Users/mccarthyz/Documents/GitHub/Voidsinger/Content/Ships/AI/VultureAI/Tasks/MoveAwayDirection.uasset" 771
"/Users/mccarthyz/Documents/GitHub/Voidsinger/Content/Ships/AI/VultureAI/Tasks/MoveAwayDirection.uexp" 772
"/Users/mccarthyz/Documents/GitHub/Voidsinger/Content/Ships/AI/VultureAI/Tasks/Fire.uasset" 773
"/Users/mccarthyz/Documents/GitHub/Voidsinger/Content/Ships/AI/VultureAI/Tasks/Fire.uexp" 774
"/Users/mccarthyz/Documents/GitHub/Voidsinger/Content/Ships/AI/VultureAI/Services/SetLocation.uasset" 775
"/Users/mccarthyz/Documents/GitHub/Voidsinger/Content/Ships/AI/VultureAI/Services/SetLocation.uexp" 776
"/Users/mccarthyz/Documents/GitHub/Voidsinger/Content/Ships/AI/VultureAI/Services/MoveAway.uasset" 777
"/Users/mccarthyz/Documents/GitHub/Voidsinger/Content/Ships/AI/VultureAI/Services/MoveAway.uexp" 778
"/Users/mccarthyz/Documents/GitHub/Voidsinger/Content/Ships/AI/VultureAI/Services/CheckRange.uasset" 779
"/Users/mccarthyz/Documents/GitHub/Voidsinger/Content/Ships/AI/VultureAI/Services/CheckRange.uexp" 780
"/Users/mccarthyz/Documents/GitHub/Voidsinger/Content/Ships/AI/VultureAI/VultureBlackboard.uasset" 781
"/Users/mccarthyz/Documents/GitHub/Voidsinger/Content/Ships/AI/VultureAI/VultureBlackboard.uexp" 782
"/Users/mccarthyz/Documents/GitHub/Voidsinger/Content/Ships/AI/VultureAI/Tasks/CheckLocation.uasset" 783
"/Users/mccarthyz/Documents/GitHub/Voidsinger/Content/Ships/AI/VultureAI/Tasks/CheckLocation.uexp" 784
"/Users/mccarthyz/Documents/GitHub/Voidsinger/Content/Ships/AI/VultureAI/Services/GetTrackLocation.uasset" 785
"/Users/mccarthyz/Documents/GitHub/Voidsinger/Content/Ships/AI/VultureAI/Services/GetTrackLocation.uexp" 786
"/Users/mccarthyz/Documents/GitHub/Voidsinger/Content/Ships/AI/Tasks/BP_Task_SetLookDirection.uasset" 787
"/Users/mccarthyz/Documents/GitHub/Voidsinger/Content/Ships/AI/Tasks/BP_Task_SetLookDirection.uexp" 788
"/Users/mccarthyz/Documents/GitHub/Voidsinger/Content/Ships/AI/VultureAI/VultureBT.uasset" 789
"/Users/mccarthyz/Documents/GitHub/Voidsinger/Content/Ships/AI/VultureAI/VultureBT.uexp" 790
"/Users/mccarthyz/Documents/GitHub/Voidsinger/Content/Ships/AI/VultureAI/VultureAIController.uasset" 791
"/Users/mccarthyz/Documents/GitHub/Voidsinger/Content/Ships/AI/VultureAI/VultureAIController.uexp" 792
"/Users/mccarthyz/Documents/GitHub/Voidsinger/Content/2DAssets/Parts/Mirror/Mat_Mirror_TestTexture.uasset" 793
"/Users/mccarthyz/Documents/GitHub/Voidsinger/Content/2DAssets/Parts/Mirror/Mat_Mirror_TestTexture.uexp" 794
"/Users/mccarthyz/Documents/GitHub/Voidsinger/Content/2DAssets/Parts/Mirror/MatArr_Mirror.uasset" 795
"/Users/mccarthyz/Documents/GitHub/Voidsinger/Content/2DAssets/Parts/Mirror/MatArr_Mirror.uexp" 796
"/Users/mccarthyz/Documents/GitHub/Voidsinger/Content/2DAssets/Parts/Mirror/Mat_Mirror.uasset" 797
"/Users/mccarthyz/Documents/GitHub/Voidsinger/Content/2DAssets/Parts/Mirror/Mat_Mirror.uexp" 798
"/Users/mccarthyz/Documents/GitHub/Voidsinger/Content/Parts/Lasers/LaserRedirectors/BP_Mirror.uasset" 799
"/Users/mccarthyz/Documents/GitHub/Voidsinger/Content/Parts/Lasers/LaserRedirectors/BP_Mirror.uexp" 800
"/Users/mccarthyz/Documents/GitHub/Voidsinger/Content/2DAssets/Parts/Thruster/Tex_Thruster_TestTexture.uasset" 801
"/Users/mccarthyz/Documents/GitHub/Voidsinger/Content/2DAssets/Parts/Thruster/Tex_Thruster_TestTexture.uexp" 802
"/Users/mccarthyz/Documents/GitHub/Voidsinger/Content/2DAssets/Parts/Thruster/TexArr_Thruster.uasset" 803
"/Users/mccarthyz/Documents/GitHub/Voidsinger/Content/2DAssets/Parts/Thruster/TexArr_Thruster.uexp" 804
"/Users/mccarthyz/Documents/GitHub/Voidsinger/Content/2DAssets/Parts/Thruster/Mat_Thruster.uasset" 805
"/Users/mccarthyz/Documents/GitHub/Voidsinger/Content/2DAssets/Parts/Thruster/Mat_Thruster.uexp" 806
"/Users/mccarthyz/Documents/GitHub/Voidsinger/Content/Libraries/BP_NiagaraMacros.uasset" 807
"/Users/mccarthyz/Documents/GitHub/Voidsinger/Content/Libraries/BP_NiagaraMacros.uexp" 808
"../../../Engine/Plugins/FX/Niagara/Content/Functions/Rotation/EulerToQuaternion.uasset" 809
"../../../Engine/Plugins/FX/Niagara/Content/Functions/Rotation/EulerToQuaternion.uexp" 810
"../../../Engine/Plugins/FX/Niagara/Content/DynamicInputs/Vectors/RotateVector.uasset" 811
"../../../Engine/Plugins/FX/Niagara/Content/DynamicInputs/Vectors/RotateVector.uexp" 812
"../../../Engine/Plugins/FX/Niagara/Content/DynamicInputs/ValueFromCurve/Vector4FromCurve.uasset" 813
"../../../Engine/Plugins/FX/Niagara/Content/DynamicInputs/ValueFromCurve/Vector4FromCurve.uexp" 814
"../../../Engine/Plugins/FX/Niagara/Content/DynamicInputs/TypeConversions/MakeVector.uasset" 815
"../../../Engine/Plugins/FX/Niagara/Content/DynamicInputs/TypeConversions/MakeVector.uexp" 816
"../../../Engine/Plugins/FX/Niagara/Content/DynamicInputs/TypeConversions/MakeCustomFloatFromBool.uasset" 817
"../../../Engine/Plugins/FX/Niagara/Content/DynamicInputs/TypeConversions/MakeCustomFloatFromBool.uexp" 818
"../../../Engine/Plugins/FX/Niagara/Content/DynamicInputs/Multiply/Multiply_Float.uasset" 819
"../../../Engine/Plugins/FX/Niagara/Content/DynamicInputs/Multiply/Multiply_Float.uexp" 820
"../../../Engine/Plugins/FX/Niagara/Content/DynamicInputs/Math/Abs_Float.uasset" 821
"../../../Engine/Plugins/FX/Niagara/Content/DynamicInputs/Math/Abs_Float.uexp" 822
"../../../Engine/Plugins/FX/Niagara/Content/DynamicInputs/Lerp/Lerp_Vector.uasset" 823
"../../../Engine/Plugins/FX/Niagara/Content/DynamicInputs/Lerp/Lerp_Vector.uexp" 824
"/Users/mccarthyz/Documents/GitHub/Voidsinger/Content/2DAssets/FX/WorldGeneration/StarSystem/ThrusterGas/ThrusterGas.uasset" 825
"/Users/mccarthyz/Documents/GitHub/Voidsinger/Content/2DAssets/FX/WorldGeneration/StarSystem/ThrusterGas/ThrusterGas.uexp" 826
"/Users/mccarthyz/Documents/GitHub/Voidsinger/Content/FX/Systems/NS_Thruster_Gas.uasset" 827
"/Users/mccarthyz/Documents/GitHub/Voidsinger/Content/FX/Systems/NS_Thruster_Gas.uexp" 828
"/Users/mccarthyz/Documents/GitHub/Voidsinger/Content/Parts/Thruster/BP_Thruster.uasset" 829
"/Users/mccarthyz/Documents/GitHub/Voidsinger/Content/Parts/Thruster/BP_Thruster.uexp" 830
"/Users/mccarthyz/Documents/GitHub/Voidsinger/Content/2DAssets/Parts/Core/Tex_Core_TestTexture.uasset" 831
"/Users/mccarthyz/Documents/GitHub/Voidsinger/Content/2DAssets/Parts/Core/Tex_Core_TestTexture.uexp" 832
"/Users/mccarthyz/Documents/GitHub/Voidsinger/Content/2DAssets/Parts/Core/TexArr_Core.uasset" 833
"/Users/mccarthyz/Documents/GitHub/Voidsinger/Content/2DAssets/Parts/Core/TexArr_Core.uexp" 834
"/Users/mccarthyz/Documents/GitHub/Voidsinger/Content/2DAssets/Parts/Core/Mat_Core.uasset" 835
"/Users/mccarthyz/Documents/GitHub/Voidsinger/Content/2DAssets/Parts/Core/Mat_Core.uexp" 836
"/Users/mccarthyz/Documents/GitHub/Voidsinger/Content/Parts/BP_Core.uasset" 837
"/Users/mccarthyz/Documents/GitHub/Voidsinger/Content/Parts/BP_Core.uexp" 838
"/Users/mccarthyz/Documents/GitHub/Voidsinger/Content/Ships/BP_ZachShip.uasset" 839
"/Users/mccarthyz/Documents/GitHub/Voidsinger/Content/Ships/BP_ZachShip.uexp" 840
"/Users/mccarthyz/Documents/GitHub/Voidsinger/Content/Parts/Thruster/BP_MiniThruster.uasset" 841
"/Users/mccarthyz/Documents/GitHub/Voidsinger/Content/Parts/Thruster/BP_MiniThruster.uexp" 842
"/Users/mccarthyz/Documents/GitHub/Voidsinger/Content/2DAssets/Parts/Hull/Tex_Hull_TestTexture.uasset" 843
"/Users/mccarthyz/Documents/GitHub/Voidsinger/Content/2DAssets/Parts/Hull/Tex_Hull_TestTexture.uexp" 844
"/Users/mccarthyz/Documents/GitHub/Voidsinger/Content/2DAssets/Parts/Hull/TexArr_Hull.uasset" 845
"/Users/mccarthyz/Documents/GitHub/Voidsinger/Content/2DAssets/Parts/Hull/TexArr_Hull.uexp" 846
"/Users/mccarthyz/Documents/GitHub/Voidsinger/Content/2DAssets/Parts/Hull/Mat_Hull.uasset" 847
"/Users/mccarthyz/Documents/GitHub/Voidsinger/Content/2DAssets/Parts/Hull/Mat_Hull.uexp" 848
"/Users/mccarthyz/Documents/GitHub/Voidsinger/Content/Parts/Structural/BP_Hull.uasset" 849
"/Users/mccarthyz/Documents/GitHub/Voidsinger/Content/Parts/Structural/BP_Hull.uexp" 850
"/Users/mccarthyz/Documents/GitHub/Voidsinger/Content/2DAssets/Parts/SolarPanel/Tex_SolarPanel_TestTexture.uasset" 851
"/Users/mccarthyz/Documents/GitHub/Voidsinger/Content/2DAssets/Parts/SolarPanel/Tex_SolarPanel_TestTexture.uexp" 852
"/Users/mccarthyz/Documents/GitHub/Voidsinger/Content/2DAssets/Parts/SolarPanel/TexArr_SolarPanel.uasset" 853
"/Users/mccarthyz/Documents/GitHub/Voidsinger/Content/2DAssets/Parts/SolarPanel/TexArr_SolarPanel.uexp" 854
"/Users/mccarthyz/Documents/GitHub/Voidsinger/Content/2DAssets/Parts/SolarPanel/Mat_SolarPanel.uasset" 855
"/Users/mccarthyz/Documents/GitHub/Voidsinger/Content/2DAssets/Parts/SolarPanel/Mat_SolarPanel.uexp" 856
"/Users/mccarthyz/Documents/GitHub/Voidsinger/Content/Parts/BP_SolarPanel.uasset" 857
"/Users/mccarthyz/Documents/GitHub/Voidsinger/Content/Parts/BP_SolarPanel.uexp" 858
"/Users/mccarthyz/Documents/GitHub/Voidsinger/Content/2DAssets/Parts/ResourceConnector/Tex_ResourceConnector_TestTexture.uasset" 859
"/Users/mccarthyz/Documents/GitHub/Voidsinger/Content/2DAssets/Parts/ResourceConnector/Tex_ResourceConnector_TestTexture.uexp" 860
"/Users/mccarthyz/Documents/GitHub/Voidsinger/Content/2DAssets/Parts/ResourceConnector/TexArr_ResourceConnector.uasset" 861
"/Users/mccarthyz/Documents/GitHub/Voidsinger/Content/2DAssets/Parts/ResourceConnector/TexArr_ResourceConnector.uexp" 862
"/Users/mccarthyz/Documents/GitHub/Voidsinger/Content/2DAssets/Parts/ResourceConnector/Mat_ResourceConnector.uasset" 863
"/Users/mccarthyz/Documents/GitHub/Voidsinger/Content/2DAssets/Parts/ResourceConnector/Mat_ResourceConnector.uexp" 864
"/Users/mccarthyz/Documents/GitHub/Voidsinger/Content/Parts/BP_ResourceConnector.uasset" 865
"/Users/mccarthyz/Documents/GitHub/Voidsinger/Content/Parts/BP_ResourceConnector.uexp" 866
"/Users/mccarthyz/Documents/GitHub/Voidsinger/Content/2DAssets/Parts/FuelContainer/Tex_FuelContainer_TestTexture.uasset" 867
"/Users/mccarthyz/Documents/GitHub/Voidsinger/Content/2DAssets/Parts/FuelContainer/Tex_FuelContainer_TestTexture.uexp" 868
"/Users/mccarthyz/Documents/GitHub/Voidsinger/Content/2DAssets/Parts/FuelContainer/TexArr_FuelContainer.uasset" 869
"/Users/mccarthyz/Documents/GitHub/Voidsinger/Content/2DAssets/Parts/FuelContainer/TexArr_FuelContainer.uexp" 870
"/Users/mccarthyz/Documents/GitHub/Voidsinger/Content/2DAssets/Parts/FuelContainer/Mat_FuelContainer.uasset" 871
"/Users/mccarthyz/Documents/GitHub/Voidsinger/Content/2DAssets/Parts/FuelContainer/Mat_FuelContainer.uexp" 872
"/Users/mccarthyz/Documents/GitHub/Voidsinger/Content/Parts/BP_FuelContainer.uasset" 873
"/Users/mccarthyz/Documents/GitHub/Voidsinger/Content/Parts/BP_FuelContainer.uexp" 874
"/Users/mccarthyz/Documents/GitHub/Voidsinger/Content/UI/BuildUI/UMG_Editor_SetShipDefaultMolds.uasset" 875
"/Users/mccarthyz/Documents/GitHub/Voidsinger/Content/UI/BuildUI/UMG_Editor_SetShipDefaultMolds.uexp" 876
"/Users/mccarthyz/Documents/GitHub/Voidsinger/Content/UI/UMG_PixelBalenceChangeIndicator.uasset" 877
"/Users/mccarthyz/Documents/GitHub/Voidsinger/Content/UI/UMG_PixelBalenceChangeIndicator.uexp" 878
"/Users/mccarthyz/Documents/GitHub/Voidsinger/Content/UI/ResourceSystemList/UMG_ResourceSystemInfo.uasset" 879
"/Users/mccarthyz/Documents/GitHub/Voidsinger/Content/UI/ResourceSystemList/UMG_ResourceSystemInfo.uexp" 880
"/Users/mccarthyz/Documents/GitHub/Voidsinger/Content/UI/ResourceSystemList/UMG_ShipResourceSystemsList.uasset" 881
"/Users/mccarthyz/Documents/GitHub/Voidsinger/Content/UI/ResourceSystemList/UMG_ShipResourceSystemsList.uexp" 882
"/Users/mccarthyz/Documents/GitHub/Voidsinger/Content/UI/WorldGeneration/StarSystem/HUD/E_FlashFlags.uasset" 883
"/Users/mccarthyz/Documents/GitHub/Voidsinger/Content/UI/WorldGeneration/StarSystem/HUD/E_FlashFlags.uexp" 884
"/Users/mccarthyz/Documents/GitHub/Voidsinger/Content/UI/WorldGeneration/StarSystem/HUD/UMG_StarSystem_HUD_DamageWarning.uasset" 885
"/Users/mccarthyz/Documents/GitHub/Voidsinger/Content/UI/WorldGeneration/StarSystem/HUD/UMG_StarSystem_HUD_DamageWarning.uexp" 886
"/Users/mccarthyz/Documents/GitHub/Voidsinger/Content/Voidsongs/Verbs/BP_Voidsong_Verb_Hot.uasset" 887
"/Users/mccarthyz/Documents/GitHub/Voidsinger/Content/Voidsongs/Verbs/BP_Voidsong_Verb_Hot.uexp" 888
"/Users/mccarthyz/Documents/GitHub/Voidsinger/Content/2DAssets/Voidsongs/VoidsongColors.uasset" 889
"/Users/mccarthyz/Documents/GitHub/Voidsinger/Content/2DAssets/Voidsongs/VoidsongColors.uexp" 890
"/Users/mccarthyz/Documents/GitHub/Voidsinger/Content/2DAssets/UI/VoidsongHelper/TX_Voidword_Noun_Border.uasset" 891
"/Users/mccarthyz/Documents/GitHub/Voidsinger/Content/2DAssets/UI/VoidsongHelper/TX_Voidword_Noun_Border.uexp" 892
"/Users/mccarthyz/Documents/GitHub/Voidsinger/Content/2DAssets/UI/VoidsongHelper/TX_Voidword_Verb_Border.uasset" 893
"/Users/mccarthyz/Documents/GitHub/Voidsinger/Content/2DAssets/UI/VoidsongHelper/TX_Voidword_Verb_Border.uexp" 894
"/Users/mccarthyz/Documents/GitHub/Voidsinger/Content/2DAssets/UI/VoidsongHelper/TX_Voidword_Faction_Border.uasset" 895
"/Users/mccarthyz/Documents/GitHub/Voidsinger/Content/2DAssets/UI/VoidsongHelper/TX_Voidword_Faction_Border.uexp" 896
"/Users/mccarthyz/Documents/GitHub/Voidsinger/Content/UI/VoidsongHelper/UMG_VoidwordIcon.uasset" 897
"/Users/mccarthyz/Documents/GitHub/Voidsinger/Content/UI/VoidsongHelper/UMG_VoidwordIcon.uexp" 898
"/Users/mccarthyz/Documents/GitHub/Voidsinger/Content/UI/VoidsongHelper/UMG_AvailableVoidword.uasset" 899
"/Users/mccarthyz/Documents/GitHub/Voidsinger/Content/UI/VoidsongHelper/UMG_AvailableVoidword.uexp" 900
"/Users/mccarthyz/Documents/GitHub/Voidsinger/Content/UI/VoidsongHelper/UMG_VoidsongHelper.uasset" 901
"/Users/mccarthyz/Documents/GitHub/Voidsinger/Content/UI/VoidsongHelper/UMG_VoidsongHelper.uexp" 902
"/Users/mccarthyz/Documents/GitHub/Voidsinger/Content/UI/WorldGeneration/StarSystem/HUD/UMG_StarSystem_HUD.uasset" 903
"/Users/mccarthyz/Documents/GitHub/Voidsinger/Content/UI/WorldGeneration/StarSystem/HUD/UMG_StarSystem_HUD.uexp" 904
"/Users/mccarthyz/Documents/GitHub/Voidsinger/Content/Ships/BP_PlayerShip.uasset" 905
"/Users/mccarthyz/Documents/GitHub/Voidsinger/Content/Ships/BP_PlayerShip.uexp" 906
"/Users/mccarthyz/Documents/GitHub/Voidsinger/Content/UI/BuildUI/UMG_RepairShip.uasset" 907
"/Users/mccarthyz/Documents/GitHub/Voidsinger/Content/UI/BuildUI/UMG_RepairShip.uexp" 908
"/Users/mccarthyz/Documents/GitHub/Voidsinger/Content/UI/BuildUI/UMG_PartDetails.uasset" 909
"/Users/mccarthyz/Documents/GitHub/Voidsinger/Content/UI/BuildUI/UMG_PartDetails.uexp" 910
"/Users/mccarthyz/Documents/GitHub/Voidsinger/Content/UI/BuildUI/UMG_BuildUI.uasset" 911
"/Users/mccarthyz/Documents/GitHub/Voidsinger/Content/UI/BuildUI/UMG_BuildUI.uexp" 912
"/Users/mccarthyz/Documents/GitHub/Voidsinger/Content/WorldGeneration/StarSystem/BP_StarSystem_SaveData.uasset" 913
"/Users/mccarthyz/Documents/GitHub/Voidsinger/Content/WorldGeneration/StarSystem/BP_StarSystem_SaveData.uexp" 914
"/Users/mccarthyz/Documents/GitHub/Voidsinger/Content/Libraries/BP_SaveGameFunctions.uasset" 915
"/Users/mccarthyz/Documents/GitHub/Voidsinger/Content/Libraries/BP_SaveGameFunctions.uexp" 916
"/Users/mccarthyz/Documents/GitHub/Voidsinger/Content/2DAssets/UI/WorldGeneration/GalaxyMap/TX_TravelArrow.uasset" 917
"/Users/mccarthyz/Documents/GitHub/Voidsinger/Content/2DAssets/UI/WorldGeneration/GalaxyMap/TX_TravelArrow.uexp" 918
"/Users/mccarthyz/Documents/GitHub/Voidsinger/Content/2DAssets/UI/WorldGeneration/GalaxyMap/TX_StarSystemSelector.uasset" 919
"/Users/mccarthyz/Documents/GitHub/Voidsinger/Content/2DAssets/UI/WorldGeneration/GalaxyMap/TX_StarSystemSelector.uexp" 920
"/Users/mccarthyz/Documents/GitHub/Voidsinger/Content/2DAssets/UI/M_ScrollingTexture.uasset" 921
"/Users/mccarthyz/Documents/GitHub/Voidsinger/Content/2DAssets/UI/M_ScrollingTexture.uexp" 922
"/Users/mccarthyz/Documents/GitHub/Voidsinger/Content/2DAssets/UI/WorldGeneration/GalaxyMap/MI_ScrollingArrows.uasset" 923
"/Users/mccarthyz/Documents/GitHub/Voidsinger/Content/2DAssets/UI/WorldGeneration/GalaxyMap/MI_ScrollingArrows.uexp" 924
"/Users/mccarthyz/Documents/GitHub/Voidsinger/Content/WorldGeneration/GalaxyMap/S_StarSystemName.uasset" 925
"/Users/mccarthyz/Documents/GitHub/Voidsinger/Content/WorldGeneration/GalaxyMap/S_StarSystemName.uexp" 926
"/Users/mccarthyz/Documents/GitHub/Voidsinger/Content/WorldGeneration/GalaxyMap/DT_StarSystemNames.uasset" 927
"/Users/mccarthyz/Documents/GitHub/Voidsinger/Content/WorldGeneration/GalaxyMap/DT_StarSystemNames.uexp" 928
"/Users/mccarthyz/Documents/GitHub/Voidsinger/Content/WorldGeneration/GalaxyMap/BP_GalxayMap_PlayerController.uasset" 929
"/Users/mccarthyz/Documents/GitHub/Voidsinger/Content/WorldGeneration/GalaxyMap/BP_GalxayMap_PlayerController.uexp" 930
"/Users/mccarthyz/Documents/GitHub/Voidsinger/Content/2DAssets/UI/M_Widget3DPassThrough_NoDepth.uasset" 931
"/Users/mccarthyz/Documents/GitHub/Voidsinger/Content/2DAssets/UI/M_Widget3DPassThrough_NoDepth.uexp" 932
"../../../Engine/Content/EngineDebugMaterials/TangentColorMap.uasset" 933
"../../../Engine/Content/EngineDebugMaterials/TangentColorMap.uexp" 934
"../../../Engine/Content/EngineDebugMaterials/TangentColorMap.ubulk" 935
"../../../Engine/Content/EngineDebugMaterials/TangentColorMaterial.uasset" 936
"../../../Engine/Content/EngineDebugMaterials/TangentColorMaterial.uexp" 937
"/Users/mccarthyz/Documents/GitHub/Voidsinger/Content/3DAssets/PlaneWithCollision.uasset" 938
"/Users/mccarthyz/Documents/GitHub/Voidsinger/Content/3DAssets/PlaneWithCollision.uexp" 939
"/Users/mccarthyz/Documents/GitHub/Voidsinger/Content/3DAssets/PlaneWithCollision.ubulk" 940
"/Users/mccarthyz/Documents/GitHub/Voidsinger/Content/2DAssets/WorldGeneration/GalaxyMap/M_Star.uasset" 941
"/Users/mccarthyz/Documents/GitHub/Voidsinger/Content/2DAssets/WorldGeneration/GalaxyMap/M_Star.uexp" 942
"/Users/mccarthyz/Documents/GitHub/Voidsinger/Content/2DAssets/UI/WorldGeneration/GalaxyMap/VisitedStarSystemSelector.uasset" 943
"/Users/mccarthyz/Documents/GitHub/Voidsinger/Content/2DAssets/UI/WorldGeneration/GalaxyMap/VisitedStarSystemSelector.uexp" 944
"/Users/mccarthyz/Documents/GitHub/Voidsinger/Content/2DAssets/UI/WorldGeneration/GalaxyMap/TX_CurrentStarSystemSelector.uasset" 945
"/Users/mccarthyz/Documents/GitHub/Voidsinger/Content/2DAssets/UI/WorldGeneration/GalaxyMap/TX_CurrentStarSystemSelector.uexp" 946
"/Users/mccarthyz/Documents/GitHub/Voidsinger/Content/UI/WorldGeneration/GalaxyMap/UMG_GalaxyMap_StarSystemInfo.uasset" 947
"/Users/mccarthyz/Documents/GitHub/Voidsinger/Content/UI/WorldGeneration/GalaxyMap/UMG_GalaxyMap_StarSystemInfo.uexp" 948
"/Users/mccarthyz/Documents/GitHub/Voidsinger/Content/UI/WorldGeneration/GalaxyMap/UMG_GalaxyMap_StarSystemHighlight.uasset" 949
"/Users/mccarthyz/Documents/GitHub/Voidsinger/Content/UI/WorldGeneration/GalaxyMap/UMG_GalaxyMap_StarSystemHighlight.uexp" 950
"/Users/mccarthyz/Documents/GitHub/Voidsinger/Content/WorldGeneration/GalaxyMap/BP_GalaxyMap_StarSystem.uasset" 951
"/Users/mccarthyz/Documents/GitHub/Voidsinger/Content/WorldGeneration/GalaxyMap/BP_GalaxyMap_StarSystem.uexp" 952
"/Users/mccarthyz/Documents/GitHub/Voidsinger/Content/WorldGeneration/GalaxyMap/BP_GalaxyMap_GameMode.uasset" 953
"/Users/mccarthyz/Documents/GitHub/Voidsinger/Content/WorldGeneration/GalaxyMap/BP_GalaxyMap_GameMode.uexp" 954
"/Users/mccarthyz/Documents/GitHub/Voidsinger/Content/UI/WorldGeneration/GalaxyMap/UMG_GalaxyMap_TravelArrow.uasset" 955
"/Users/mccarthyz/Documents/GitHub/Voidsinger/Content/UI/WorldGeneration/GalaxyMap/UMG_GalaxyMap_TravelArrow.uexp" 956
"/Users/mccarthyz/Documents/GitHub/Voidsinger/Content/UI/WorldGeneration/GalaxyMap/UMG_GalaxyMap_TravelArrowManager.uasset" 957
"/Users/mccarthyz/Documents/GitHub/Voidsinger/Content/UI/WorldGeneration/GalaxyMap/UMG_GalaxyMap_TravelArrowManager.uexp" 958
"/Users/mccarthyz/Documents/GitHub/Voidsinger/Content/GameInfrastructure/BP_Voidsinger_GameInstance.uasset" 959
"/Users/mccarthyz/Documents/GitHub/Voidsinger/Content/GameInfrastructure/BP_Voidsinger_GameInstance.uexp" 960
"/Users/mccarthyz/Documents/GitHub/Voidsinger/Content/Libraries/BP_GeneralFunctions.uasset" 961
"/Users/mccarthyz/Documents/GitHub/Voidsinger/Content/Libraries/BP_GeneralFunctions.uexp" 962
"/Users/mccarthyz/Documents/GitHub/Voidsinger/Content/WorldGeneration/StarSystem/BP_StarSystem.uasset" 963
"/Users/mccarthyz/Documents/GitHub/Voidsinger/Content/WorldGeneration/StarSystem/BP_StarSystem.uexp" 964
"/Users/mccarthyz/Documents/GitHub/Voidsinger/Content/WorldGeneration/StarSystem/BP_StarSystemPlayerController.uasset" 965
"/Users/mccarthyz/Documents/GitHub/Voidsinger/Content/WorldGeneration/StarSystem/BP_StarSystemPlayerController.uexp" 966
"/Users/mccarthyz/Documents/GitHub/Voidsinger/Content/2DAssets/UI/Death/TX_YouDied.uasset" 967
"/Users/mccarthyz/Documents/GitHub/Voidsinger/Content/2DAssets/UI/Death/TX_YouDied.uexp" 968
"/Users/mccarthyz/Documents/GitHub/Voidsinger/Content/UI/PlayerDeath/UMG_PlayerDeath.uasset" 969
"/Users/mccarthyz/Documents/GitHub/Voidsinger/Content/UI/PlayerDeath/UMG_PlayerDeath.uexp" 970
"/Users/mccarthyz/Documents/GitHub/Voidsinger/Content/WorldGeneration/StarSystem/BP_StarSystem_GameMode.uasset" 971
"/Users/mccarthyz/Documents/GitHub/Voidsinger/Content/WorldGeneration/StarSystem/BP_StarSystem_GameMode.uexp" 972
"/Users/mccarthyz/Documents/GitHub/Voidsinger/Content/WorldGeneration/StarSystem/LVL_StarSystem.uexp" 973
"/Users/mccarthyz/Documents/GitHub/Voidsinger/Content/WorldGeneration/StarSystem/LVL_StarSystem.umap" 974
"/Users/mccarthyz/Documents/GitHub/Voidsinger/Content/WorldGeneration/GalaxyMap/LVL_GalaxyMap.uexp" 975
"/Users/mccarthyz/Documents/GitHub/Voidsinger/Content/WorldGeneration/GalaxyMap/LVL_GalaxyMap.umap" 976
"../../../Engine/Content/Maps/Entry_BuiltData.uasset" 977
"../../../Engine/Content/Maps/Entry_BuiltData.uexp" 978
"../../../Engine/Content/Maps/Entry.uexp" 979
"../../../Engine/Content/Maps/Entry.umap" 980
